   1              		.cpu cortex-m4
   2              		.eabi_attribute 20, 1
   3              		.eabi_attribute 21, 1
   4              		.eabi_attribute 23, 3
   5              		.eabi_attribute 24, 1
   6              		.eabi_attribute 25, 1
   7              		.eabi_attribute 26, 1
   8              		.eabi_attribute 30, 6
   9              		.eabi_attribute 34, 1
  10              		.eabi_attribute 18, 4
  11              		.file	"wdg.c"
  12              		.text
  13              	.Ltext0:
  14              		.cfi_sections	.debug_frame
  15              		.section	.text.iwdg_init,"ax",%progbits
  16              		.align	1
  17              		.global	iwdg_init
  18              		.arch armv7e-m
  19              		.syntax unified
  20              		.thumb
  21              		.thumb_func
  22              		.fpu softvfp
  24              	iwdg_init:
  25              	.LFB156:
  26              		.file 1 "C:/Users/leonardo/Desktop/Code/Github/DawnBGC/Dawn/DawnSys/wdg.c"
   1:C:/Users/leonardo/Desktop/Code/Github/DawnBGC/Dawn/DawnSys\wdg.c **** /*
   2:C:/Users/leonardo/Desktop/Code/Github/DawnBGC/Dawn/DawnSys\wdg.c ****  * DawnBGC - Open Source Brushless Gimbal Controller
   3:C:/Users/leonardo/Desktop/Code/Github/DawnBGC/Dawn/DawnSys\wdg.c ****  *
   4:C:/Users/leonardo/Desktop/Code/Github/DawnBGC/Dawn/DawnSys\wdg.c ****  * Copyright (c) 2025 MarsDawn
   5:C:/Users/leonardo/Desktop/Code/Github/DawnBGC/Dawn/DawnSys\wdg.c ****  *
   6:C:/Users/leonardo/Desktop/Code/Github/DawnBGC/Dawn/DawnSys\wdg.c ****  * Project repository:
   7:C:/Users/leonardo/Desktop/Code/Github/DawnBGC/Dawn/DawnSys\wdg.c ****  *     https://github.com/MarsDawn
   8:C:/Users/leonardo/Desktop/Code/Github/DawnBGC/Dawn/DawnSys\wdg.c ****  *
   9:C:/Users/leonardo/Desktop/Code/Github/DawnBGC/Dawn/DawnSys\wdg.c ****  * This file is part of the DawnBGC project.
  10:C:/Users/leonardo/Desktop/Code/Github/DawnBGC/Dawn/DawnSys\wdg.c ****  *
  11:C:/Users/leonardo/Desktop/Code/Github/DawnBGC/Dawn/DawnSys\wdg.c ****  * Redistribution and use in source or binary forms, with or without
  12:C:/Users/leonardo/Desktop/Code/Github/DawnBGC/Dawn/DawnSys\wdg.c ****  * modification, are permitted under the MIT License, provided that
  13:C:/Users/leonardo/Desktop/Code/Github/DawnBGC/Dawn/DawnSys\wdg.c ****  * this copyright notice and this permission notice are retained.
  14:C:/Users/leonardo/Desktop/Code/Github/DawnBGC/Dawn/DawnSys\wdg.c ****  *
  15:C:/Users/leonardo/Desktop/Code/Github/DawnBGC/Dawn/DawnSys\wdg.c ****  * Licensed under the MIT License.
  16:C:/Users/leonardo/Desktop/Code/Github/DawnBGC/Dawn/DawnSys\wdg.c ****  * You may obtain a copy of the License at:
  17:C:/Users/leonardo/Desktop/Code/Github/DawnBGC/Dawn/DawnSys\wdg.c ****  *
  18:C:/Users/leonardo/Desktop/Code/Github/DawnBGC/Dawn/DawnSys\wdg.c ****  *     https://opensource.org/licenses/MIT
  19:C:/Users/leonardo/Desktop/Code/Github/DawnBGC/Dawn/DawnSys\wdg.c ****  *
  20:C:/Users/leonardo/Desktop/Code/Github/DawnBGC/Dawn/DawnSys\wdg.c ****  * THE SOFTWARE IS PROVIDED "AS IS", WITHOUT WARRANTY OF ANY KIND.
  21:C:/Users/leonardo/Desktop/Code/Github/DawnBGC/Dawn/DawnSys\wdg.c ****  */
  22:C:/Users/leonardo/Desktop/Code/Github/DawnBGC/Dawn/DawnSys\wdg.c **** 
  23:C:/Users/leonardo/Desktop/Code/Github/DawnBGC/Dawn/DawnSys\wdg.c **** 
  24:C:/Users/leonardo/Desktop/Code/Github/DawnBGC/Dawn/DawnSys\wdg.c **** #include "includes.h"
  25:C:/Users/leonardo/Desktop/Code/Github/DawnBGC/Dawn/DawnSys\wdg.c **** 
  26:C:/Users/leonardo/Desktop/Code/Github/DawnBGC/Dawn/DawnSys\wdg.c **** void iwdg_init(uint8_t prer, uint16_t rlr)
  27:C:/Users/leonardo/Desktop/Code/Github/DawnBGC/Dawn/DawnSys\wdg.c **** {
  27              		.loc 1 27 1
  28              		.cfi_startproc
  29              		@ args = 0, pretend = 0, frame = 8
  30              		@ frame_needed = 1, uses_anonymous_args = 0
  31 0000 80B5     		push	{r7, lr}
  32              		.cfi_def_cfa_offset 8
  33              		.cfi_offset 7, -8
  34              		.cfi_offset 14, -4
  35 0002 82B0     		sub	sp, sp, #8
  36              		.cfi_def_cfa_offset 16
  37 0004 00AF     		add	r7, sp, #0
  38              		.cfi_def_cfa_register 7
  39 0006 0346     		mov	r3, r0
  40 0008 0A46     		mov	r2, r1
  41 000a FB71     		strb	r3, [r7, #7]
  42 000c 1346     		mov	r3, r2	@ movhi
  43 000e BB80     		strh	r3, [r7, #4]	@ movhi
  28:C:/Users/leonardo/Desktop/Code/Github/DawnBGC/Dawn/DawnSys\wdg.c ****     
  29:C:/Users/leonardo/Desktop/Code/Github/DawnBGC/Dawn/DawnSys\wdg.c ****     fwdgt_config(rlr, prer);
  44              		.loc 1 29 5
  45 0010 FA79     		ldrb	r2, [r7, #7]	@ zero_extendqisi2
  46 0012 BB88     		ldrh	r3, [r7, #4]
  47 0014 1146     		mov	r1, r2
  48 0016 1846     		mov	r0, r3
  49 0018 FFF7FEFF 		bl	fwdgt_config
  30:C:/Users/leonardo/Desktop/Code/Github/DawnBGC/Dawn/DawnSys\wdg.c ****     
  31:C:/Users/leonardo/Desktop/Code/Github/DawnBGC/Dawn/DawnSys\wdg.c ****     
  32:C:/Users/leonardo/Desktop/Code/Github/DawnBGC/Dawn/DawnSys\wdg.c ****     fwdgt_counter_reload();
  50              		.loc 1 32 5
  51 001c FFF7FEFF 		bl	fwdgt_counter_reload
  33:C:/Users/leonardo/Desktop/Code/Github/DawnBGC/Dawn/DawnSys\wdg.c ****     
  34:C:/Users/leonardo/Desktop/Code/Github/DawnBGC/Dawn/DawnSys\wdg.c ****     dbg_periph_disable(DBG_FWDGT_HOLD);
  52              		.loc 1 34 5
  53 0020 4FF48050 		mov	r0, #4096
  54 0024 FFF7FEFF 		bl	dbg_periph_disable
  35:C:/Users/leonardo/Desktop/Code/Github/DawnBGC/Dawn/DawnSys\wdg.c **** 
  36:C:/Users/leonardo/Desktop/Code/Github/DawnBGC/Dawn/DawnSys\wdg.c ****     fwdgt_enable();
  55              		.loc 1 36 5
  56 0028 FFF7FEFF 		bl	fwdgt_enable
  37:C:/Users/leonardo/Desktop/Code/Github/DawnBGC/Dawn/DawnSys\wdg.c **** }
  57              		.loc 1 37 1
  58 002c 00BF     		nop
  59 002e 0837     		adds	r7, r7, #8
  60              		.cfi_def_cfa_offset 8
  61 0030 BD46     		mov	sp, r7
  62              		.cfi_def_cfa_register 13
  63              		@ sp needed
  64 0032 80BD     		pop	{r7, pc}
  65              		.cfi_endproc
  66              	.LFE156:
  68              		.section	.text.iwdg_feed,"ax",%progbits
  69              		.align	1
  70              		.global	iwdg_feed
  71              		.syntax unified
  72              		.thumb
  73              		.thumb_func
  74              		.fpu softvfp
  76              	iwdg_feed:
  77              	.LFB157:
  38:C:/Users/leonardo/Desktop/Code/Github/DawnBGC/Dawn/DawnSys\wdg.c **** 
  39:C:/Users/leonardo/Desktop/Code/Github/DawnBGC/Dawn/DawnSys\wdg.c **** void iwdg_feed(void)
  40:C:/Users/leonardo/Desktop/Code/Github/DawnBGC/Dawn/DawnSys\wdg.c **** {
  78              		.loc 1 40 1
  79              		.cfi_startproc
  80              		@ args = 0, pretend = 0, frame = 0
  81              		@ frame_needed = 1, uses_anonymous_args = 0
  82 0000 80B5     		push	{r7, lr}
  83              		.cfi_def_cfa_offset 8
  84              		.cfi_offset 7, -8
  85              		.cfi_offset 14, -4
  86 0002 00AF     		add	r7, sp, #0
  87              		.cfi_def_cfa_register 7
  41:C:/Users/leonardo/Desktop/Code/Github/DawnBGC/Dawn/DawnSys\wdg.c ****     fwdgt_counter_reload();
  88              		.loc 1 41 5
  89 0004 FFF7FEFF 		bl	fwdgt_counter_reload
  42:C:/Users/leonardo/Desktop/Code/Github/DawnBGC/Dawn/DawnSys\wdg.c **** }
  90              		.loc 1 42 1
  91 0008 00BF     		nop
  92 000a 80BD     		pop	{r7, pc}
  93              		.cfi_endproc
  94              	.LFE157:
  96              		.text
  97              	.Letext0:
  98              		.file 2 "c:\\users\\leonardo\\desktop\\gd32embeddedbuilder_v1.5.6_rel\\tools\\gnu tools arm embedd
  99              		.file 3 "c:\\users\\leonardo\\desktop\\gd32embeddedbuilder_v1.5.6_rel\\tools\\gnu tools arm embedd
 100              		.file 4 "c:\\users\\leonardo\\desktop\\gd32embeddedbuilder_v1.5.6_rel\\tools\\gnu tools arm embedd
 101              		.file 5 "c:\\users\\leonardo\\desktop\\gd32embeddedbuilder_v1.5.6_rel\\tools\\gnu tools arm embedd
 102              		.file 6 "c:\\users\\leonardo\\desktop\\gd32embeddedbuilder_v1.5.6_rel\\tools\\gnu tools arm embedd
 103              		.file 7 "c:\\users\\leonardo\\desktop\\gd32embeddedbuilder_v1.5.6_rel\\tools\\gnu tools arm embedd
 104              		.file 8 "c:\\users\\leonardo\\desktop\\gd32embeddedbuilder_v1.5.6_rel\\tools\\gnu tools arm embedd
 105              		.file 9 "c:\\users\\leonardo\\desktop\\gd32embeddedbuilder_v1.5.6_rel\\tools\\gnu tools arm embedd
 106              		.file 10 "../../CMSIS/DSP/Include/core_cm4.h"
 107              		.file 11 "../../CMSIS/system_gd32f4xx.h"
 108              		.file 12 "../../Dawn/DawnBLDC/dawn_bldc_math.h"
 109              		.file 13 "../../Dawn/DawnLib/dawn_lib.h"
 110              		.file 14 "../../Dawn/DawnBsp/timebase.h"
 111              		.file 15 "../../Libraries/FWLIB/inc/gd32f4xx_dbg.h"
 112              		.file 16 "../../Dawn/DawnCom/unpack.h"
 113              		.file 17 "../../Dawn/DawnDevice/icm206xx.h"
 114              		.file 18 "../../Dawn/DawnGimbal/dawn_gimbal_math.h"
 115              		.file 19 "../../Dawn/DawnGimbal/dawn_gimbal_system.h"
 116              		.file 20 "../../Dawn/DawnMain/dawn_function.h"
 117              		.file 21 "../../Dawn/DawnBsp/gpio.h"
DEFINED SYMBOLS
                            *ABS*:00000000 wdg.c
C:\Users\leonardo\AppData\Local\Temp\ccJ51E3z.s:16     .text.iwdg_init:00000000 $t
C:\Users\leonardo\AppData\Local\Temp\ccJ51E3z.s:24     .text.iwdg_init:00000000 iwdg_init
C:\Users\leonardo\AppData\Local\Temp\ccJ51E3z.s:69     .text.iwdg_feed:00000000 $t
C:\Users\leonardo\AppData\Local\Temp\ccJ51E3z.s:76     .text.iwdg_feed:00000000 iwdg_feed
                           .group:00000000 wm4.0.a684136774235169b6efdc382df56ab0
                           .group:00000000 wm4._newlib_version.h.4.9ba035841e762c3308916a0ce96032e7
                           .group:00000000 wm4.features.h.33.5bd1eea2d80518b50f7af0b5ce6750e0
                           .group:00000000 wm4._default_types.h.15.247e5cd201eca3442cbf5404108c4935
                           .group:00000000 wm4._intsup.h.10.cce27fed8484c08a33f522034c30d2b5
                           .group:00000000 wm4._stdint.h.10.c24fa3af3bc1706662bb5593a907e841
                           .group:00000000 wm4.stdint.h.23.d53047a68f4a85177f80b422d52785ed
                           .group:00000000 wm4.stddef.h.39.27677723d43e5b5a7afdf8d798429f1d
                           .group:00000000 wm4.newlib.h.8.2aecb9f3b2dc9d2e83d06d10f0c6ed3e
                           .group:00000000 wm4.ieeefp.h.77.d5685ba212d3ed6e914898d045f873e3
                           .group:00000000 wm4.config.h.220.6cac6a9685cfce5e83c17784171638d9
                           .group:00000000 wm4._ansi.h.31.de524f58584151836e90d8620a16f8e8
                           .group:00000000 wm4.lock.h.2.1461d1fff82dffe8bfddc23307f6484f
                           .group:00000000 wm4._types.h.125.5cf8a495f1f7ef36777ad868a1e32068
                           .group:00000000 wm4.stddef.h.155.3588ebfdd1e8c7ede80509bb9c3b8009
                           .group:00000000 wm4._types.h.184.03611d4f6b5bec9997bcf4279eceba07
                           .group:00000000 wm4.reent.h.17.90c2574d4acdcfce933db5cb09ff35fe
                           .group:00000000 wm4.cdefs.h.49.2bf373aedffd8b393ccd11dc057e8547
                           .group:00000000 wm4.string.h.15.dab3980bf35408a4c507182805e2de3a
                           .group:00000000 wm4.stddef.h.155.ba788add86a0e365f264484f110c3c29
                           .group:00000000 wm4.stdlib.h.13.4ed386f5c1a80d71e72172885d946ef2
                           .group:00000000 wm4.alloca.h.8.dfc0c703c47ec3e69746825b17d9e66d
                           .group:00000000 wm4.stdlib.h.56.d4493cd3736e51e9d56335045f26df45
                           .group:00000000 wm4.math.h.13.adb102f7bd7860b1f241e149d6914a1e
                           .group:00000000 wm4.gd32f4xx.h.13.7e2e481b0ab689b59679fcf9de8ad53f
                           .group:00000000 wm4.core_cm4.h.43.9593ac0dcec24a3a6f1d638d754e90b2
                           .group:00000000 wm4.core_cmInstr.h.39.addda81f1f3453ba31dd54fc5b6fcee8
                           .group:00000000 wm4.core_cmSimd.h.43.c355993beb49ccd10586af5b1cfe5aee
                           .group:00000000 wm4.core_cm4.h.201.38b66ea2c12d55e26a2374d5521b1bde
                           .group:00000000 wm4.gd32f4xx.h.268.6244d4312c046a64f69632f7ef07b287
                           .group:00000000 wm4.gd32f4xx_rcu.h.18.5c1e5e7e0de404504004d8bb7db8129d
                           .group:00000000 wm4.gd32f4xx_adc.h.13.555e7341a9ddcdbc980571a940325972
                           .group:00000000 wm4.gd32f4xx_can.h.13.2811f1e7e0dd1a163a8850b48ae09a18
                           .group:00000000 wm4.gd32f4xx_crc.h.13.e3fa8cb47f74e88ac6e7a18c10f0cae7
                           .group:00000000 wm4.gd32f4xx_ctc.h.13.979d5c7db9c07247dafcdc888120aeeb
                           .group:00000000 wm4.gd32f4xx_dac.h.13.6aae99156ce94e45e273c87252f3e1b5
                           .group:00000000 wm4.gd32f4xx_dbg.h.13.c5f36ebf9ff6bf00cb705dace0230749
                           .group:00000000 wm4.gd32f4xx_dci.h.13.43c4239de7bb8115ecac688727adc34d
                           .group:00000000 wm4.gd32f4xx_dma.h.13.dd34986dcd88f37eef0ac885fade6a96
                           .group:00000000 wm4.gd32f4xx_exti.h.13.f61fefc984e3d5d6bfd619e837d781f0
                           .group:00000000 wm4.gd32f4xx_fmc.h.12.6ad1d5b3792ad9539d3cdeacd021dc9f
                           .group:00000000 wm4.gd32f4xx_fwdgt.h.13.cc9a34a06b043d4b817ab3d1a6056177
                           .group:00000000 wm4.gd32f4xx_gpio.h.13.ac5c85bea0e960885418a329bb1f1322
                           .group:00000000 wm4.gd32f4xx_syscfg.h.13.b2bd3727e52dfdd22af4632a1311bbb7
                           .group:00000000 wm4.gd32f4xx_i2c.h.13.eb0f8b31bd16ee5fe82cc39a9dd42f2d
                           .group:00000000 wm4.gd32f4xx_iref.h.13.7fc1143691d228493f7100d3cc247638
                           .group:00000000 wm4.gd32f4xx_pmu.h.13.724bacbcb5c124f50a6b00f61a9eb756
                           .group:00000000 wm4.gd32f4xx_rtc.h.13.fc493d83f9d78f0b7c4919b6d2f31956
                           .group:00000000 wm4.gd32f4xx_sdio.h.13.81c3455a223eea59b64370eea49a57de
                           .group:00000000 wm4.gd32f4xx_spi.h.13.03d2444bcb21a0c2481c42cb6d9fce79
                           .group:00000000 wm4.gd32f4xx_timer.h.13.6cb5bef9444452fac8393c6f9325aaca
                           .group:00000000 wm4.gd32f4xx_trng.h.13.8e3605226dc73eb8a884d03608e7b6df
                           .group:00000000 wm4.gd32f4xx_usart.h.13.2986dbbf12f17711a1874d27609e0b55
                           .group:00000000 wm4.gd32f4xx_wwdgt.h.13.1abc40e3831eb7a2ed947144f7cb9188
                           .group:00000000 wm4.gd32f4xx_misc.h.13.b10945aa7ed210c08c1585a4b5874d8c
                           .group:00000000 wm4.arm_math.h.289.5e959424b5305a9624e101328824bdf9
                           .group:00000000 wm4.arm_math.h.309.e0917c8c6aa37995c408e917008fa910
                           .group:00000000 wm4.dawn_main.h.25.26e38e321c8b35cbe4de27b260dda59b
                           .group:00000000 wm4.usart.h.25.fc01861d7892853aa83247b640021348
                           .group:00000000 wm4.timebase.h.25.148c98407bdc7ce1114915cde093d87a
                           .group:00000000 wm4.unpack.h.25.91bc4c6c266694549e3c97bc659d6890
                           .group:00000000 wm4.icm206xx.h.25.1a18715348b9cffd270504658e08606f
                           .group:00000000 wm4.dawn_gimbal_system.h.30.8227ed645aeaf3d3a6c9940ae39ea25c
                           .group:00000000 wm4.dawn_bldc.h.29.3546f2d9ec9f7c73acb60442fea0569b
                           .group:00000000 wm4.gpio.h.25.a0e8138dd0ca622ddf41b90bee6b7046
                           .group:00000000 wm4.flash.h.25.8e339cfaaf976c4d7bfe969ee8266e65

UNDEFINED SYMBOLS
fwdgt_config
fwdgt_counter_reload
dbg_periph_disable
fwdgt_enable
