   1              		.cpu cortex-m4
   2              		.eabi_attribute 20, 1
   3              		.eabi_attribute 21, 1
   4              		.eabi_attribute 23, 3
   5              		.eabi_attribute 24, 1
   6              		.eabi_attribute 25, 1
   7              		.eabi_attribute 26, 1
   8              		.eabi_attribute 30, 6
   9              		.eabi_attribute 34, 1
  10              		.eabi_attribute 18, 4
  11              		.file	"gd32f4xx_trng.c"
  12              		.text
  13              	.Ltext0:
  14              		.cfi_sections	.debug_frame
  15              		.section	.text.trng_deinit,"ax",%progbits
  16              		.align	1
  17              		.global	trng_deinit
  18              		.arch armv7e-m
  19              		.syntax unified
  20              		.thumb
  21              		.thumb_func
  22              		.fpu softvfp
  24              	trng_deinit:
  25              	.LFB123:
  26              		.file 1 "C:/Users/leonardo/Desktop/Code/Github/DawnGBC/Libraries/FWLIB/src/gd32f4xx_trng.c"
   1:C:/Users/leonardo/Desktop/Code/Github/DawnGBC/Libraries/FWLIB/src\gd32f4xx_trng.c **** /*!
   2:C:/Users/leonardo/Desktop/Code/Github/DawnGBC/Libraries/FWLIB/src\gd32f4xx_trng.c ****     \file  gd32f4xx_trng.c
   3:C:/Users/leonardo/Desktop/Code/Github/DawnGBC/Libraries/FWLIB/src\gd32f4xx_trng.c ****     \brief TRNG driver
   4:C:/Users/leonardo/Desktop/Code/Github/DawnGBC/Libraries/FWLIB/src\gd32f4xx_trng.c **** */
   5:C:/Users/leonardo/Desktop/Code/Github/DawnGBC/Libraries/FWLIB/src\gd32f4xx_trng.c **** 
   6:C:/Users/leonardo/Desktop/Code/Github/DawnGBC/Libraries/FWLIB/src\gd32f4xx_trng.c **** /*
   7:C:/Users/leonardo/Desktop/Code/Github/DawnGBC/Libraries/FWLIB/src\gd32f4xx_trng.c ****     Copyright (C) 2016 GigaDevice
   8:C:/Users/leonardo/Desktop/Code/Github/DawnGBC/Libraries/FWLIB/src\gd32f4xx_trng.c **** 
   9:C:/Users/leonardo/Desktop/Code/Github/DawnGBC/Libraries/FWLIB/src\gd32f4xx_trng.c ****     2016-08-15, V1.0.0, firmware for GD32F4xx
  10:C:/Users/leonardo/Desktop/Code/Github/DawnGBC/Libraries/FWLIB/src\gd32f4xx_trng.c **** */
  11:C:/Users/leonardo/Desktop/Code/Github/DawnGBC/Libraries/FWLIB/src\gd32f4xx_trng.c **** 
  12:C:/Users/leonardo/Desktop/Code/Github/DawnGBC/Libraries/FWLIB/src\gd32f4xx_trng.c **** #include "gd32f4xx_trng.h"
  13:C:/Users/leonardo/Desktop/Code/Github/DawnGBC/Libraries/FWLIB/src\gd32f4xx_trng.c **** 
  14:C:/Users/leonardo/Desktop/Code/Github/DawnGBC/Libraries/FWLIB/src\gd32f4xx_trng.c **** /*!
  15:C:/Users/leonardo/Desktop/Code/Github/DawnGBC/Libraries/FWLIB/src\gd32f4xx_trng.c ****     \brief      deinitialize the TRNG
  16:C:/Users/leonardo/Desktop/Code/Github/DawnGBC/Libraries/FWLIB/src\gd32f4xx_trng.c ****     \param[in]  none
  17:C:/Users/leonardo/Desktop/Code/Github/DawnGBC/Libraries/FWLIB/src\gd32f4xx_trng.c ****     \param[out] none
  18:C:/Users/leonardo/Desktop/Code/Github/DawnGBC/Libraries/FWLIB/src\gd32f4xx_trng.c ****     \retval     none
  19:C:/Users/leonardo/Desktop/Code/Github/DawnGBC/Libraries/FWLIB/src\gd32f4xx_trng.c **** */
  20:C:/Users/leonardo/Desktop/Code/Github/DawnGBC/Libraries/FWLIB/src\gd32f4xx_trng.c **** void trng_deinit(void)
  21:C:/Users/leonardo/Desktop/Code/Github/DawnGBC/Libraries/FWLIB/src\gd32f4xx_trng.c **** {
  27              		.loc 1 21 1
  28              		.cfi_startproc
  29              		@ args = 0, pretend = 0, frame = 0
  30              		@ frame_needed = 1, uses_anonymous_args = 0
  31 0000 80B5     		push	{r7, lr}
  32              		.cfi_def_cfa_offset 8
  33              		.cfi_offset 7, -8
  34              		.cfi_offset 14, -4
  35 0002 00AF     		add	r7, sp, #0
  36              		.cfi_def_cfa_register 7
  22:C:/Users/leonardo/Desktop/Code/Github/DawnGBC/Libraries/FWLIB/src\gd32f4xx_trng.c ****     rcu_periph_reset_enable(RCU_TRNGRST);
  37              		.loc 1 22 5
  38 0004 40F20650 		movw	r0, #1286
  39 0008 FFF7FEFF 		bl	rcu_periph_reset_enable
  23:C:/Users/leonardo/Desktop/Code/Github/DawnGBC/Libraries/FWLIB/src\gd32f4xx_trng.c ****     rcu_periph_reset_disable(RCU_TRNGRST);
  40              		.loc 1 23 5
  41 000c 40F20650 		movw	r0, #1286
  42 0010 FFF7FEFF 		bl	rcu_periph_reset_disable
  24:C:/Users/leonardo/Desktop/Code/Github/DawnGBC/Libraries/FWLIB/src\gd32f4xx_trng.c **** }
  43              		.loc 1 24 1
  44 0014 00BF     		nop
  45 0016 80BD     		pop	{r7, pc}
  46              		.cfi_endproc
  47              	.LFE123:
  49              		.section	.text.trng_enable,"ax",%progbits
  50              		.align	1
  51              		.global	trng_enable
  52              		.syntax unified
  53              		.thumb
  54              		.thumb_func
  55              		.fpu softvfp
  57              	trng_enable:
  58              	.LFB124:
  25:C:/Users/leonardo/Desktop/Code/Github/DawnGBC/Libraries/FWLIB/src\gd32f4xx_trng.c **** 
  26:C:/Users/leonardo/Desktop/Code/Github/DawnGBC/Libraries/FWLIB/src\gd32f4xx_trng.c **** /*!
  27:C:/Users/leonardo/Desktop/Code/Github/DawnGBC/Libraries/FWLIB/src\gd32f4xx_trng.c ****     \brief      enable the TRNG interface
  28:C:/Users/leonardo/Desktop/Code/Github/DawnGBC/Libraries/FWLIB/src\gd32f4xx_trng.c ****     \param[in]  none
  29:C:/Users/leonardo/Desktop/Code/Github/DawnGBC/Libraries/FWLIB/src\gd32f4xx_trng.c ****     \param[out] none
  30:C:/Users/leonardo/Desktop/Code/Github/DawnGBC/Libraries/FWLIB/src\gd32f4xx_trng.c ****     \retval     none
  31:C:/Users/leonardo/Desktop/Code/Github/DawnGBC/Libraries/FWLIB/src\gd32f4xx_trng.c **** */
  32:C:/Users/leonardo/Desktop/Code/Github/DawnGBC/Libraries/FWLIB/src\gd32f4xx_trng.c **** void trng_enable(void)
  33:C:/Users/leonardo/Desktop/Code/Github/DawnGBC/Libraries/FWLIB/src\gd32f4xx_trng.c **** {
  59              		.loc 1 33 1
  60              		.cfi_startproc
  61              		@ args = 0, pretend = 0, frame = 0
  62              		@ frame_needed = 1, uses_anonymous_args = 0
  63              		@ link register save eliminated.
  64 0000 80B4     		push	{r7}
  65              		.cfi_def_cfa_offset 4
  66              		.cfi_offset 7, -4
  67 0002 00AF     		add	r7, sp, #0
  68              		.cfi_def_cfa_register 7
  34:C:/Users/leonardo/Desktop/Code/Github/DawnGBC/Libraries/FWLIB/src\gd32f4xx_trng.c ****     TRNG_CTL |= TRNG_CTL_TRNGEN;
  69              		.loc 1 34 14
  70 0004 044B     		ldr	r3, .L3
  71 0006 1B68     		ldr	r3, [r3]
  72 0008 034A     		ldr	r2, .L3
  73 000a 43F00403 		orr	r3, r3, #4
  74 000e 1360     		str	r3, [r2]
  35:C:/Users/leonardo/Desktop/Code/Github/DawnGBC/Libraries/FWLIB/src\gd32f4xx_trng.c **** }
  75              		.loc 1 35 1
  76 0010 00BF     		nop
  77 0012 BD46     		mov	sp, r7
  78              		.cfi_def_cfa_register 13
  79              		@ sp needed
  80 0014 80BC     		pop	{r7}
  81              		.cfi_restore 7
  82              		.cfi_def_cfa_offset 0
  83 0016 7047     		bx	lr
  84              	.L4:
  85              		.align	2
  86              	.L3:
  87 0018 00080650 		.word	1342572544
  88              		.cfi_endproc
  89              	.LFE124:
  91              		.section	.text.trng_disable,"ax",%progbits
  92              		.align	1
  93              		.global	trng_disable
  94              		.syntax unified
  95              		.thumb
  96              		.thumb_func
  97              		.fpu softvfp
  99              	trng_disable:
 100              	.LFB125:
  36:C:/Users/leonardo/Desktop/Code/Github/DawnGBC/Libraries/FWLIB/src\gd32f4xx_trng.c **** 
  37:C:/Users/leonardo/Desktop/Code/Github/DawnGBC/Libraries/FWLIB/src\gd32f4xx_trng.c **** /*!
  38:C:/Users/leonardo/Desktop/Code/Github/DawnGBC/Libraries/FWLIB/src\gd32f4xx_trng.c ****     \brief      disable the TRNG interface
  39:C:/Users/leonardo/Desktop/Code/Github/DawnGBC/Libraries/FWLIB/src\gd32f4xx_trng.c ****     \param[in]  none
  40:C:/Users/leonardo/Desktop/Code/Github/DawnGBC/Libraries/FWLIB/src\gd32f4xx_trng.c ****     \param[out] none
  41:C:/Users/leonardo/Desktop/Code/Github/DawnGBC/Libraries/FWLIB/src\gd32f4xx_trng.c ****     \retval     none
  42:C:/Users/leonardo/Desktop/Code/Github/DawnGBC/Libraries/FWLIB/src\gd32f4xx_trng.c **** */
  43:C:/Users/leonardo/Desktop/Code/Github/DawnGBC/Libraries/FWLIB/src\gd32f4xx_trng.c **** void trng_disable(void)
  44:C:/Users/leonardo/Desktop/Code/Github/DawnGBC/Libraries/FWLIB/src\gd32f4xx_trng.c **** {
 101              		.loc 1 44 1
 102              		.cfi_startproc
 103              		@ args = 0, pretend = 0, frame = 0
 104              		@ frame_needed = 1, uses_anonymous_args = 0
 105              		@ link register save eliminated.
 106 0000 80B4     		push	{r7}
 107              		.cfi_def_cfa_offset 4
 108              		.cfi_offset 7, -4
 109 0002 00AF     		add	r7, sp, #0
 110              		.cfi_def_cfa_register 7
  45:C:/Users/leonardo/Desktop/Code/Github/DawnGBC/Libraries/FWLIB/src\gd32f4xx_trng.c ****     TRNG_CTL &= ~TRNG_CTL_TRNGEN;
 111              		.loc 1 45 14
 112 0004 044B     		ldr	r3, .L6
 113 0006 1B68     		ldr	r3, [r3]
 114 0008 034A     		ldr	r2, .L6
 115 000a 23F00403 		bic	r3, r3, #4
 116 000e 1360     		str	r3, [r2]
  46:C:/Users/leonardo/Desktop/Code/Github/DawnGBC/Libraries/FWLIB/src\gd32f4xx_trng.c **** }
 117              		.loc 1 46 1
 118 0010 00BF     		nop
 119 0012 BD46     		mov	sp, r7
 120              		.cfi_def_cfa_register 13
 121              		@ sp needed
 122 0014 80BC     		pop	{r7}
 123              		.cfi_restore 7
 124              		.cfi_def_cfa_offset 0
 125 0016 7047     		bx	lr
 126              	.L7:
 127              		.align	2
 128              	.L6:
 129 0018 00080650 		.word	1342572544
 130              		.cfi_endproc
 131              	.LFE125:
 133              		.section	.text.trng_get_true_random_data,"ax",%progbits
 134              		.align	1
 135              		.global	trng_get_true_random_data
 136              		.syntax unified
 137              		.thumb
 138              		.thumb_func
 139              		.fpu softvfp
 141              	trng_get_true_random_data:
 142              	.LFB126:
  47:C:/Users/leonardo/Desktop/Code/Github/DawnGBC/Libraries/FWLIB/src\gd32f4xx_trng.c **** 
  48:C:/Users/leonardo/Desktop/Code/Github/DawnGBC/Libraries/FWLIB/src\gd32f4xx_trng.c **** /*!
  49:C:/Users/leonardo/Desktop/Code/Github/DawnGBC/Libraries/FWLIB/src\gd32f4xx_trng.c ****     \brief      get the true random data
  50:C:/Users/leonardo/Desktop/Code/Github/DawnGBC/Libraries/FWLIB/src\gd32f4xx_trng.c ****     \param[in]  none
  51:C:/Users/leonardo/Desktop/Code/Github/DawnGBC/Libraries/FWLIB/src\gd32f4xx_trng.c ****     \param[out] none
  52:C:/Users/leonardo/Desktop/Code/Github/DawnGBC/Libraries/FWLIB/src\gd32f4xx_trng.c ****     \retval     the generated random data
  53:C:/Users/leonardo/Desktop/Code/Github/DawnGBC/Libraries/FWLIB/src\gd32f4xx_trng.c **** */
  54:C:/Users/leonardo/Desktop/Code/Github/DawnGBC/Libraries/FWLIB/src\gd32f4xx_trng.c **** uint32_t trng_get_true_random_data(void)
  55:C:/Users/leonardo/Desktop/Code/Github/DawnGBC/Libraries/FWLIB/src\gd32f4xx_trng.c **** {
 143              		.loc 1 55 1
 144              		.cfi_startproc
 145              		@ args = 0, pretend = 0, frame = 0
 146              		@ frame_needed = 1, uses_anonymous_args = 0
 147              		@ link register save eliminated.
 148 0000 80B4     		push	{r7}
 149              		.cfi_def_cfa_offset 4
 150              		.cfi_offset 7, -4
 151 0002 00AF     		add	r7, sp, #0
 152              		.cfi_def_cfa_register 7
  56:C:/Users/leonardo/Desktop/Code/Github/DawnGBC/Libraries/FWLIB/src\gd32f4xx_trng.c ****     return (TRNG_DATA);
 153              		.loc 1 56 13
 154 0004 024B     		ldr	r3, .L10
 155 0006 1B68     		ldr	r3, [r3]
  57:C:/Users/leonardo/Desktop/Code/Github/DawnGBC/Libraries/FWLIB/src\gd32f4xx_trng.c **** }
 156              		.loc 1 57 1
 157 0008 1846     		mov	r0, r3
 158 000a BD46     		mov	sp, r7
 159              		.cfi_def_cfa_register 13
 160              		@ sp needed
 161 000c 80BC     		pop	{r7}
 162              		.cfi_restore 7
 163              		.cfi_def_cfa_offset 0
 164 000e 7047     		bx	lr
 165              	.L11:
 166              		.align	2
 167              	.L10:
 168 0010 08080650 		.word	1342572552
 169              		.cfi_endproc
 170              	.LFE126:
 172              		.section	.text.trng_flag_get,"ax",%progbits
 173              		.align	1
 174              		.global	trng_flag_get
 175              		.syntax unified
 176              		.thumb
 177              		.thumb_func
 178              		.fpu softvfp
 180              	trng_flag_get:
 181              	.LFB127:
  58:C:/Users/leonardo/Desktop/Code/Github/DawnGBC/Libraries/FWLIB/src\gd32f4xx_trng.c **** 
  59:C:/Users/leonardo/Desktop/Code/Github/DawnGBC/Libraries/FWLIB/src\gd32f4xx_trng.c **** /*!
  60:C:/Users/leonardo/Desktop/Code/Github/DawnGBC/Libraries/FWLIB/src\gd32f4xx_trng.c ****     \brief      get the trng status flags
  61:C:/Users/leonardo/Desktop/Code/Github/DawnGBC/Libraries/FWLIB/src\gd32f4xx_trng.c ****     \param[in]  flag: trng status flag, refer to trng_flag_enum
  62:C:/Users/leonardo/Desktop/Code/Github/DawnGBC/Libraries/FWLIB/src\gd32f4xx_trng.c ****                 only one parameter can be selected which is shown as below:
  63:C:/Users/leonardo/Desktop/Code/Github/DawnGBC/Libraries/FWLIB/src\gd32f4xx_trng.c ****       \arg        TRNG_FLAG_DRDY: Random Data ready status
  64:C:/Users/leonardo/Desktop/Code/Github/DawnGBC/Libraries/FWLIB/src\gd32f4xx_trng.c ****       \arg        TRNG_FLAG_CECS: Clock error current status
  65:C:/Users/leonardo/Desktop/Code/Github/DawnGBC/Libraries/FWLIB/src\gd32f4xx_trng.c ****       \arg        TRNG_FLAG_SECS: Seed error current status
  66:C:/Users/leonardo/Desktop/Code/Github/DawnGBC/Libraries/FWLIB/src\gd32f4xx_trng.c ****     \param[out] none
  67:C:/Users/leonardo/Desktop/Code/Github/DawnGBC/Libraries/FWLIB/src\gd32f4xx_trng.c ****     \retval     FlagStatus: SET or RESET
  68:C:/Users/leonardo/Desktop/Code/Github/DawnGBC/Libraries/FWLIB/src\gd32f4xx_trng.c **** */
  69:C:/Users/leonardo/Desktop/Code/Github/DawnGBC/Libraries/FWLIB/src\gd32f4xx_trng.c **** FlagStatus trng_flag_get(trng_flag_enum flag)
  70:C:/Users/leonardo/Desktop/Code/Github/DawnGBC/Libraries/FWLIB/src\gd32f4xx_trng.c **** {
 182              		.loc 1 70 1
 183              		.cfi_startproc
 184              		@ args = 0, pretend = 0, frame = 8
 185              		@ frame_needed = 1, uses_anonymous_args = 0
 186              		@ link register save eliminated.
 187 0000 80B4     		push	{r7}
 188              		.cfi_def_cfa_offset 4
 189              		.cfi_offset 7, -4
 190 0002 83B0     		sub	sp, sp, #12
 191              		.cfi_def_cfa_offset 16
 192 0004 00AF     		add	r7, sp, #0
 193              		.cfi_def_cfa_register 7
 194 0006 0346     		mov	r3, r0
 195 0008 FB71     		strb	r3, [r7, #7]
  71:C:/Users/leonardo/Desktop/Code/Github/DawnGBC/Libraries/FWLIB/src\gd32f4xx_trng.c ****     if(RESET != (TRNG_STAT & flag)){
 196              		.loc 1 71 18
 197 000a 074B     		ldr	r3, .L15
 198 000c 1A68     		ldr	r2, [r3]
 199              		.loc 1 71 28
 200 000e FB79     		ldrb	r3, [r7, #7]	@ zero_extendqisi2
 201 0010 1340     		ands	r3, r3, r2
 202              		.loc 1 71 7
 203 0012 002B     		cmp	r3, #0
 204 0014 01D0     		beq	.L13
  72:C:/Users/leonardo/Desktop/Code/Github/DawnGBC/Libraries/FWLIB/src\gd32f4xx_trng.c ****         return SET;
 205              		.loc 1 72 16
 206 0016 0123     		movs	r3, #1
 207 0018 00E0     		b	.L14
 208              	.L13:
  73:C:/Users/leonardo/Desktop/Code/Github/DawnGBC/Libraries/FWLIB/src\gd32f4xx_trng.c ****     }else{
  74:C:/Users/leonardo/Desktop/Code/Github/DawnGBC/Libraries/FWLIB/src\gd32f4xx_trng.c ****         return RESET;
 209              		.loc 1 74 16
 210 001a 0023     		movs	r3, #0
 211              	.L14:
  75:C:/Users/leonardo/Desktop/Code/Github/DawnGBC/Libraries/FWLIB/src\gd32f4xx_trng.c ****     }
  76:C:/Users/leonardo/Desktop/Code/Github/DawnGBC/Libraries/FWLIB/src\gd32f4xx_trng.c **** }
 212              		.loc 1 76 1
 213 001c 1846     		mov	r0, r3
 214 001e 0C37     		adds	r7, r7, #12
 215              		.cfi_def_cfa_offset 4
 216 0020 BD46     		mov	sp, r7
 217              		.cfi_def_cfa_register 13
 218              		@ sp needed
 219 0022 80BC     		pop	{r7}
 220              		.cfi_restore 7
 221              		.cfi_def_cfa_offset 0
 222 0024 7047     		bx	lr
 223              	.L16:
 224 0026 00BF     		.align	2
 225              	.L15:
 226 0028 04080650 		.word	1342572548
 227              		.cfi_endproc
 228              	.LFE127:
 230              		.section	.text.trng_flag_clear,"ax",%progbits
 231              		.align	1
 232              		.global	trng_flag_clear
 233              		.syntax unified
 234              		.thumb
 235              		.thumb_func
 236              		.fpu softvfp
 238              	trng_flag_clear:
 239              	.LFB128:
  77:C:/Users/leonardo/Desktop/Code/Github/DawnGBC/Libraries/FWLIB/src\gd32f4xx_trng.c **** 
  78:C:/Users/leonardo/Desktop/Code/Github/DawnGBC/Libraries/FWLIB/src\gd32f4xx_trng.c **** /*!
  79:C:/Users/leonardo/Desktop/Code/Github/DawnGBC/Libraries/FWLIB/src\gd32f4xx_trng.c ****     \brief      clear the trng status flags
  80:C:/Users/leonardo/Desktop/Code/Github/DawnGBC/Libraries/FWLIB/src\gd32f4xx_trng.c ****     \param[in]  flag: the special status flag
  81:C:/Users/leonardo/Desktop/Code/Github/DawnGBC/Libraries/FWLIB/src\gd32f4xx_trng.c ****                 only one parameter can be selected which is shown as below:
  82:C:/Users/leonardo/Desktop/Code/Github/DawnGBC/Libraries/FWLIB/src\gd32f4xx_trng.c ****       \arg        TRNG_FLAG_CECS: Clock error current status
  83:C:/Users/leonardo/Desktop/Code/Github/DawnGBC/Libraries/FWLIB/src\gd32f4xx_trng.c ****       \arg        TRNG_FLAG_SECS: Seed error current status
  84:C:/Users/leonardo/Desktop/Code/Github/DawnGBC/Libraries/FWLIB/src\gd32f4xx_trng.c ****     \param[out] none
  85:C:/Users/leonardo/Desktop/Code/Github/DawnGBC/Libraries/FWLIB/src\gd32f4xx_trng.c ****     \retval     none
  86:C:/Users/leonardo/Desktop/Code/Github/DawnGBC/Libraries/FWLIB/src\gd32f4xx_trng.c **** */
  87:C:/Users/leonardo/Desktop/Code/Github/DawnGBC/Libraries/FWLIB/src\gd32f4xx_trng.c **** void trng_flag_clear(trng_flag_enum flag)
  88:C:/Users/leonardo/Desktop/Code/Github/DawnGBC/Libraries/FWLIB/src\gd32f4xx_trng.c **** {
 240              		.loc 1 88 1
 241              		.cfi_startproc
 242              		@ args = 0, pretend = 0, frame = 8
 243              		@ frame_needed = 1, uses_anonymous_args = 0
 244              		@ link register save eliminated.
 245 0000 80B4     		push	{r7}
 246              		.cfi_def_cfa_offset 4
 247              		.cfi_offset 7, -4
 248 0002 83B0     		sub	sp, sp, #12
 249              		.cfi_def_cfa_offset 16
 250 0004 00AF     		add	r7, sp, #0
 251              		.cfi_def_cfa_register 7
 252 0006 0346     		mov	r3, r0
 253 0008 FB71     		strb	r3, [r7, #7]
  89:C:/Users/leonardo/Desktop/Code/Github/DawnGBC/Libraries/FWLIB/src\gd32f4xx_trng.c ****     TRNG_STAT &= ~(uint32_t)flag;
 254              		.loc 1 89 15
 255 000a 064B     		ldr	r3, .L18
 256 000c 1A68     		ldr	r2, [r3]
 257              		.loc 1 89 19
 258 000e FB79     		ldrb	r3, [r7, #7]	@ zero_extendqisi2
 259              		.loc 1 89 18
 260 0010 DB43     		mvns	r3, r3
 261              		.loc 1 89 15
 262 0012 0449     		ldr	r1, .L18
 263 0014 1340     		ands	r3, r3, r2
 264 0016 0B60     		str	r3, [r1]
  90:C:/Users/leonardo/Desktop/Code/Github/DawnGBC/Libraries/FWLIB/src\gd32f4xx_trng.c **** }
 265              		.loc 1 90 1
 266 0018 00BF     		nop
 267 001a 0C37     		adds	r7, r7, #12
 268              		.cfi_def_cfa_offset 4
 269 001c BD46     		mov	sp, r7
 270              		.cfi_def_cfa_register 13
 271              		@ sp needed
 272 001e 80BC     		pop	{r7}
 273              		.cfi_restore 7
 274              		.cfi_def_cfa_offset 0
 275 0020 7047     		bx	lr
 276              	.L19:
 277 0022 00BF     		.align	2
 278              	.L18:
 279 0024 04080650 		.word	1342572548
 280              		.cfi_endproc
 281              	.LFE128:
 283              		.section	.text.trng_interrupt_enable,"ax",%progbits
 284              		.align	1
 285              		.global	trng_interrupt_enable
 286              		.syntax unified
 287              		.thumb
 288              		.thumb_func
 289              		.fpu softvfp
 291              	trng_interrupt_enable:
 292              	.LFB129:
  91:C:/Users/leonardo/Desktop/Code/Github/DawnGBC/Libraries/FWLIB/src\gd32f4xx_trng.c **** 
  92:C:/Users/leonardo/Desktop/Code/Github/DawnGBC/Libraries/FWLIB/src\gd32f4xx_trng.c **** /*!
  93:C:/Users/leonardo/Desktop/Code/Github/DawnGBC/Libraries/FWLIB/src\gd32f4xx_trng.c ****     \brief      enable the TRNG interrupt
  94:C:/Users/leonardo/Desktop/Code/Github/DawnGBC/Libraries/FWLIB/src\gd32f4xx_trng.c ****     \param[in]  none
  95:C:/Users/leonardo/Desktop/Code/Github/DawnGBC/Libraries/FWLIB/src\gd32f4xx_trng.c ****     \param[out] none
  96:C:/Users/leonardo/Desktop/Code/Github/DawnGBC/Libraries/FWLIB/src\gd32f4xx_trng.c ****     \retval     none
  97:C:/Users/leonardo/Desktop/Code/Github/DawnGBC/Libraries/FWLIB/src\gd32f4xx_trng.c **** */
  98:C:/Users/leonardo/Desktop/Code/Github/DawnGBC/Libraries/FWLIB/src\gd32f4xx_trng.c **** void trng_interrupt_enable(void) 
  99:C:/Users/leonardo/Desktop/Code/Github/DawnGBC/Libraries/FWLIB/src\gd32f4xx_trng.c **** {
 293              		.loc 1 99 1
 294              		.cfi_startproc
 295              		@ args = 0, pretend = 0, frame = 0
 296              		@ frame_needed = 1, uses_anonymous_args = 0
 297              		@ link register save eliminated.
 298 0000 80B4     		push	{r7}
 299              		.cfi_def_cfa_offset 4
 300              		.cfi_offset 7, -4
 301 0002 00AF     		add	r7, sp, #0
 302              		.cfi_def_cfa_register 7
 100:C:/Users/leonardo/Desktop/Code/Github/DawnGBC/Libraries/FWLIB/src\gd32f4xx_trng.c ****     TRNG_CTL |= TRNG_CTL_IE;
 303              		.loc 1 100 14
 304 0004 044B     		ldr	r3, .L21
 305 0006 1B68     		ldr	r3, [r3]
 306 0008 034A     		ldr	r2, .L21
 307 000a 43F00803 		orr	r3, r3, #8
 308 000e 1360     		str	r3, [r2]
 101:C:/Users/leonardo/Desktop/Code/Github/DawnGBC/Libraries/FWLIB/src\gd32f4xx_trng.c **** }
 309              		.loc 1 101 1
 310 0010 00BF     		nop
 311 0012 BD46     		mov	sp, r7
 312              		.cfi_def_cfa_register 13
 313              		@ sp needed
 314 0014 80BC     		pop	{r7}
 315              		.cfi_restore 7
 316              		.cfi_def_cfa_offset 0
 317 0016 7047     		bx	lr
 318              	.L22:
 319              		.align	2
 320              	.L21:
 321 0018 00080650 		.word	1342572544
 322              		.cfi_endproc
 323              	.LFE129:
 325              		.section	.text.trng_interrupt_disable,"ax",%progbits
 326              		.align	1
 327              		.global	trng_interrupt_disable
 328              		.syntax unified
 329              		.thumb
 330              		.thumb_func
 331              		.fpu softvfp
 333              	trng_interrupt_disable:
 334              	.LFB130:
 102:C:/Users/leonardo/Desktop/Code/Github/DawnGBC/Libraries/FWLIB/src\gd32f4xx_trng.c **** 
 103:C:/Users/leonardo/Desktop/Code/Github/DawnGBC/Libraries/FWLIB/src\gd32f4xx_trng.c **** /*!
 104:C:/Users/leonardo/Desktop/Code/Github/DawnGBC/Libraries/FWLIB/src\gd32f4xx_trng.c ****     \brief      disable the TRNG interrupt
 105:C:/Users/leonardo/Desktop/Code/Github/DawnGBC/Libraries/FWLIB/src\gd32f4xx_trng.c ****     \param[in]  none
 106:C:/Users/leonardo/Desktop/Code/Github/DawnGBC/Libraries/FWLIB/src\gd32f4xx_trng.c ****     \param[out] none
 107:C:/Users/leonardo/Desktop/Code/Github/DawnGBC/Libraries/FWLIB/src\gd32f4xx_trng.c ****     \retval     none
 108:C:/Users/leonardo/Desktop/Code/Github/DawnGBC/Libraries/FWLIB/src\gd32f4xx_trng.c **** */
 109:C:/Users/leonardo/Desktop/Code/Github/DawnGBC/Libraries/FWLIB/src\gd32f4xx_trng.c **** void trng_interrupt_disable(void)
 110:C:/Users/leonardo/Desktop/Code/Github/DawnGBC/Libraries/FWLIB/src\gd32f4xx_trng.c **** {
 335              		.loc 1 110 1
 336              		.cfi_startproc
 337              		@ args = 0, pretend = 0, frame = 0
 338              		@ frame_needed = 1, uses_anonymous_args = 0
 339              		@ link register save eliminated.
 340 0000 80B4     		push	{r7}
 341              		.cfi_def_cfa_offset 4
 342              		.cfi_offset 7, -4
 343 0002 00AF     		add	r7, sp, #0
 344              		.cfi_def_cfa_register 7
 111:C:/Users/leonardo/Desktop/Code/Github/DawnGBC/Libraries/FWLIB/src\gd32f4xx_trng.c ****     TRNG_CTL &= ~TRNG_CTL_IE;
 345              		.loc 1 111 14
 346 0004 044B     		ldr	r3, .L24
 347 0006 1B68     		ldr	r3, [r3]
 348 0008 034A     		ldr	r2, .L24
 349 000a 23F00803 		bic	r3, r3, #8
 350 000e 1360     		str	r3, [r2]
 112:C:/Users/leonardo/Desktop/Code/Github/DawnGBC/Libraries/FWLIB/src\gd32f4xx_trng.c **** }
 351              		.loc 1 112 1
 352 0010 00BF     		nop
 353 0012 BD46     		mov	sp, r7
 354              		.cfi_def_cfa_register 13
 355              		@ sp needed
 356 0014 80BC     		pop	{r7}
 357              		.cfi_restore 7
 358              		.cfi_def_cfa_offset 0
 359 0016 7047     		bx	lr
 360              	.L25:
 361              		.align	2
 362              	.L24:
 363 0018 00080650 		.word	1342572544
 364              		.cfi_endproc
 365              	.LFE130:
 367              		.section	.text.trng_interrupt_flag_get,"ax",%progbits
 368              		.align	1
 369              		.global	trng_interrupt_flag_get
 370              		.syntax unified
 371              		.thumb
 372              		.thumb_func
 373              		.fpu softvfp
 375              	trng_interrupt_flag_get:
 376              	.LFB131:
 113:C:/Users/leonardo/Desktop/Code/Github/DawnGBC/Libraries/FWLIB/src\gd32f4xx_trng.c **** 
 114:C:/Users/leonardo/Desktop/Code/Github/DawnGBC/Libraries/FWLIB/src\gd32f4xx_trng.c **** /*!
 115:C:/Users/leonardo/Desktop/Code/Github/DawnGBC/Libraries/FWLIB/src\gd32f4xx_trng.c ****     \brief      get the trng interrupt flags
 116:C:/Users/leonardo/Desktop/Code/Github/DawnGBC/Libraries/FWLIB/src\gd32f4xx_trng.c ****     \param[in]  int_flag: trng interrupt flag, refer to trng_int_flag_enum
 117:C:/Users/leonardo/Desktop/Code/Github/DawnGBC/Libraries/FWLIB/src\gd32f4xx_trng.c ****                 only one parameter can be selected which is shown as below:
 118:C:/Users/leonardo/Desktop/Code/Github/DawnGBC/Libraries/FWLIB/src\gd32f4xx_trng.c ****       \arg        TRNG_INT_FLAG_CEIF: clock error interrupt flag
 119:C:/Users/leonardo/Desktop/Code/Github/DawnGBC/Libraries/FWLIB/src\gd32f4xx_trng.c ****       \arg        TRNG_INT_FLAG_SEIF: Seed error interrupt flag
 120:C:/Users/leonardo/Desktop/Code/Github/DawnGBC/Libraries/FWLIB/src\gd32f4xx_trng.c ****     \param[out] none
 121:C:/Users/leonardo/Desktop/Code/Github/DawnGBC/Libraries/FWLIB/src\gd32f4xx_trng.c ****     \retval     FlagStatus: SET or RESET
 122:C:/Users/leonardo/Desktop/Code/Github/DawnGBC/Libraries/FWLIB/src\gd32f4xx_trng.c **** */
 123:C:/Users/leonardo/Desktop/Code/Github/DawnGBC/Libraries/FWLIB/src\gd32f4xx_trng.c **** FlagStatus trng_interrupt_flag_get(trng_int_flag_enum int_flag)
 124:C:/Users/leonardo/Desktop/Code/Github/DawnGBC/Libraries/FWLIB/src\gd32f4xx_trng.c **** {
 377              		.loc 1 124 1
 378              		.cfi_startproc
 379              		@ args = 0, pretend = 0, frame = 8
 380              		@ frame_needed = 1, uses_anonymous_args = 0
 381              		@ link register save eliminated.
 382 0000 80B4     		push	{r7}
 383              		.cfi_def_cfa_offset 4
 384              		.cfi_offset 7, -4
 385 0002 83B0     		sub	sp, sp, #12
 386              		.cfi_def_cfa_offset 16
 387 0004 00AF     		add	r7, sp, #0
 388              		.cfi_def_cfa_register 7
 389 0006 0346     		mov	r3, r0
 390 0008 FB71     		strb	r3, [r7, #7]
 125:C:/Users/leonardo/Desktop/Code/Github/DawnGBC/Libraries/FWLIB/src\gd32f4xx_trng.c ****     if(RESET != (TRNG_STAT & int_flag)){
 391              		.loc 1 125 18
 392 000a 074B     		ldr	r3, .L29
 393 000c 1A68     		ldr	r2, [r3]
 394              		.loc 1 125 28
 395 000e FB79     		ldrb	r3, [r7, #7]	@ zero_extendqisi2
 396 0010 1340     		ands	r3, r3, r2
 397              		.loc 1 125 7
 398 0012 002B     		cmp	r3, #0
 399 0014 01D0     		beq	.L27
 126:C:/Users/leonardo/Desktop/Code/Github/DawnGBC/Libraries/FWLIB/src\gd32f4xx_trng.c ****         return SET;
 400              		.loc 1 126 16
 401 0016 0123     		movs	r3, #1
 402 0018 00E0     		b	.L28
 403              	.L27:
 127:C:/Users/leonardo/Desktop/Code/Github/DawnGBC/Libraries/FWLIB/src\gd32f4xx_trng.c ****     }else{
 128:C:/Users/leonardo/Desktop/Code/Github/DawnGBC/Libraries/FWLIB/src\gd32f4xx_trng.c ****         return RESET;
 404              		.loc 1 128 16
 405 001a 0023     		movs	r3, #0
 406              	.L28:
 129:C:/Users/leonardo/Desktop/Code/Github/DawnGBC/Libraries/FWLIB/src\gd32f4xx_trng.c ****     }
 130:C:/Users/leonardo/Desktop/Code/Github/DawnGBC/Libraries/FWLIB/src\gd32f4xx_trng.c **** }
 407              		.loc 1 130 1
 408 001c 1846     		mov	r0, r3
 409 001e 0C37     		adds	r7, r7, #12
 410              		.cfi_def_cfa_offset 4
 411 0020 BD46     		mov	sp, r7
 412              		.cfi_def_cfa_register 13
 413              		@ sp needed
 414 0022 80BC     		pop	{r7}
 415              		.cfi_restore 7
 416              		.cfi_def_cfa_offset 0
 417 0024 7047     		bx	lr
 418              	.L30:
 419 0026 00BF     		.align	2
 420              	.L29:
 421 0028 04080650 		.word	1342572548
 422              		.cfi_endproc
 423              	.LFE131:
 425              		.section	.text.trng_interrupt_flag_clear,"ax",%progbits
 426              		.align	1
 427              		.global	trng_interrupt_flag_clear
 428              		.syntax unified
 429              		.thumb
 430              		.thumb_func
 431              		.fpu softvfp
 433              	trng_interrupt_flag_clear:
 434              	.LFB132:
 131:C:/Users/leonardo/Desktop/Code/Github/DawnGBC/Libraries/FWLIB/src\gd32f4xx_trng.c **** 
 132:C:/Users/leonardo/Desktop/Code/Github/DawnGBC/Libraries/FWLIB/src\gd32f4xx_trng.c **** /*!
 133:C:/Users/leonardo/Desktop/Code/Github/DawnGBC/Libraries/FWLIB/src\gd32f4xx_trng.c ****     \brief      clear the trng interrupt flags
 134:C:/Users/leonardo/Desktop/Code/Github/DawnGBC/Libraries/FWLIB/src\gd32f4xx_trng.c ****     \param[in]  int_flag: trng interrupt flag, refer to trng_int_flag_enum
 135:C:/Users/leonardo/Desktop/Code/Github/DawnGBC/Libraries/FWLIB/src\gd32f4xx_trng.c ****                 only one parameter can be selected which is shown as below:
 136:C:/Users/leonardo/Desktop/Code/Github/DawnGBC/Libraries/FWLIB/src\gd32f4xx_trng.c ****       \arg        TRNG_INT_FLAG_CEIF: clock error interrupt flag
 137:C:/Users/leonardo/Desktop/Code/Github/DawnGBC/Libraries/FWLIB/src\gd32f4xx_trng.c ****       \arg        TRNG_INT_FLAG_SEIF: Seed error interrupt flag
 138:C:/Users/leonardo/Desktop/Code/Github/DawnGBC/Libraries/FWLIB/src\gd32f4xx_trng.c ****     \param[out] none
 139:C:/Users/leonardo/Desktop/Code/Github/DawnGBC/Libraries/FWLIB/src\gd32f4xx_trng.c ****     \retval     none
 140:C:/Users/leonardo/Desktop/Code/Github/DawnGBC/Libraries/FWLIB/src\gd32f4xx_trng.c **** */
 141:C:/Users/leonardo/Desktop/Code/Github/DawnGBC/Libraries/FWLIB/src\gd32f4xx_trng.c **** void trng_interrupt_flag_clear(trng_int_flag_enum int_flag)
 142:C:/Users/leonardo/Desktop/Code/Github/DawnGBC/Libraries/FWLIB/src\gd32f4xx_trng.c **** {
 435              		.loc 1 142 1
 436              		.cfi_startproc
 437              		@ args = 0, pretend = 0, frame = 8
 438              		@ frame_needed = 1, uses_anonymous_args = 0
 439              		@ link register save eliminated.
 440 0000 80B4     		push	{r7}
 441              		.cfi_def_cfa_offset 4
 442              		.cfi_offset 7, -4
 443 0002 83B0     		sub	sp, sp, #12
 444              		.cfi_def_cfa_offset 16
 445 0004 00AF     		add	r7, sp, #0
 446              		.cfi_def_cfa_register 7
 447 0006 0346     		mov	r3, r0
 448 0008 FB71     		strb	r3, [r7, #7]
 143:C:/Users/leonardo/Desktop/Code/Github/DawnGBC/Libraries/FWLIB/src\gd32f4xx_trng.c ****     TRNG_STAT &= ~(uint32_t)int_flag;
 449              		.loc 1 143 15
 450 000a 064B     		ldr	r3, .L32
 451 000c 1A68     		ldr	r2, [r3]
 452              		.loc 1 143 19
 453 000e FB79     		ldrb	r3, [r7, #7]	@ zero_extendqisi2
 454              		.loc 1 143 18
 455 0010 DB43     		mvns	r3, r3
 456              		.loc 1 143 15
 457 0012 0449     		ldr	r1, .L32
 458 0014 1340     		ands	r3, r3, r2
 459 0016 0B60     		str	r3, [r1]
 144:C:/Users/leonardo/Desktop/Code/Github/DawnGBC/Libraries/FWLIB/src\gd32f4xx_trng.c **** }
 460              		.loc 1 144 1
 461 0018 00BF     		nop
 462 001a 0C37     		adds	r7, r7, #12
 463              		.cfi_def_cfa_offset 4
 464 001c BD46     		mov	sp, r7
 465              		.cfi_def_cfa_register 13
 466              		@ sp needed
 467 001e 80BC     		pop	{r7}
 468              		.cfi_restore 7
 469              		.cfi_def_cfa_offset 0
 470 0020 7047     		bx	lr
 471              	.L33:
 472 0022 00BF     		.align	2
 473              	.L32:
 474 0024 04080650 		.word	1342572548
 475              		.cfi_endproc
 476              	.LFE132:
 478              		.text
 479              	.Letext0:
 480              		.file 2 "c:\\users\\leonardo\\desktop\\gd32embeddedbuilder_v1.5.6_rel\\tools\\gnu tools arm embedd
 481              		.file 3 "c:\\users\\leonardo\\desktop\\gd32embeddedbuilder_v1.5.6_rel\\tools\\gnu tools arm embedd
 482              		.file 4 "../../CMSIS/DSP/Include/core_cm4.h"
 483              		.file 5 "../../CMSIS/system_gd32f4xx.h"
 484              		.file 6 "../../CMSIS/gd32f4xx.h"
 485              		.file 7 "../../Libraries/FWLIB/inc/gd32f4xx_rcu.h"
 486              		.file 8 "../../Libraries/FWLIB/inc/gd32f4xx_trng.h"
DEFINED SYMBOLS
                            *ABS*:00000000 gd32f4xx_trng.c
C:\Users\leonardo\AppData\Local\Temp\cchftvRs.s:16     .text.trng_deinit:00000000 $t
C:\Users\leonardo\AppData\Local\Temp\cchftvRs.s:24     .text.trng_deinit:00000000 trng_deinit
C:\Users\leonardo\AppData\Local\Temp\cchftvRs.s:50     .text.trng_enable:00000000 $t
C:\Users\leonardo\AppData\Local\Temp\cchftvRs.s:57     .text.trng_enable:00000000 trng_enable
C:\Users\leonardo\AppData\Local\Temp\cchftvRs.s:87     .text.trng_enable:00000018 $d
C:\Users\leonardo\AppData\Local\Temp\cchftvRs.s:92     .text.trng_disable:00000000 $t
C:\Users\leonardo\AppData\Local\Temp\cchftvRs.s:99     .text.trng_disable:00000000 trng_disable
C:\Users\leonardo\AppData\Local\Temp\cchftvRs.s:129    .text.trng_disable:00000018 $d
C:\Users\leonardo\AppData\Local\Temp\cchftvRs.s:134    .text.trng_get_true_random_data:00000000 $t
C:\Users\leonardo\AppData\Local\Temp\cchftvRs.s:141    .text.trng_get_true_random_data:00000000 trng_get_true_random_data
C:\Users\leonardo\AppData\Local\Temp\cchftvRs.s:168    .text.trng_get_true_random_data:00000010 $d
C:\Users\leonardo\AppData\Local\Temp\cchftvRs.s:173    .text.trng_flag_get:00000000 $t
C:\Users\leonardo\AppData\Local\Temp\cchftvRs.s:180    .text.trng_flag_get:00000000 trng_flag_get
C:\Users\leonardo\AppData\Local\Temp\cchftvRs.s:226    .text.trng_flag_get:00000028 $d
C:\Users\leonardo\AppData\Local\Temp\cchftvRs.s:231    .text.trng_flag_clear:00000000 $t
C:\Users\leonardo\AppData\Local\Temp\cchftvRs.s:238    .text.trng_flag_clear:00000000 trng_flag_clear
C:\Users\leonardo\AppData\Local\Temp\cchftvRs.s:279    .text.trng_flag_clear:00000024 $d
C:\Users\leonardo\AppData\Local\Temp\cchftvRs.s:284    .text.trng_interrupt_enable:00000000 $t
C:\Users\leonardo\AppData\Local\Temp\cchftvRs.s:291    .text.trng_interrupt_enable:00000000 trng_interrupt_enable
C:\Users\leonardo\AppData\Local\Temp\cchftvRs.s:321    .text.trng_interrupt_enable:00000018 $d
C:\Users\leonardo\AppData\Local\Temp\cchftvRs.s:326    .text.trng_interrupt_disable:00000000 $t
C:\Users\leonardo\AppData\Local\Temp\cchftvRs.s:333    .text.trng_interrupt_disable:00000000 trng_interrupt_disable
C:\Users\leonardo\AppData\Local\Temp\cchftvRs.s:363    .text.trng_interrupt_disable:00000018 $d
C:\Users\leonardo\AppData\Local\Temp\cchftvRs.s:368    .text.trng_interrupt_flag_get:00000000 $t
C:\Users\leonardo\AppData\Local\Temp\cchftvRs.s:375    .text.trng_interrupt_flag_get:00000000 trng_interrupt_flag_get
C:\Users\leonardo\AppData\Local\Temp\cchftvRs.s:421    .text.trng_interrupt_flag_get:00000028 $d
C:\Users\leonardo\AppData\Local\Temp\cchftvRs.s:426    .text.trng_interrupt_flag_clear:00000000 $t
C:\Users\leonardo\AppData\Local\Temp\cchftvRs.s:433    .text.trng_interrupt_flag_clear:00000000 trng_interrupt_flag_clear
C:\Users\leonardo\AppData\Local\Temp\cchftvRs.s:474    .text.trng_interrupt_flag_clear:00000024 $d
                           .group:00000000 wm4.0.a684136774235169b6efdc382df56ab0
                           .group:00000000 wm4.gd32f4xx.h.13.7e2e481b0ab689b59679fcf9de8ad53f
                           .group:00000000 wm4.core_cm4.h.43.9593ac0dcec24a3a6f1d638d754e90b2
                           .group:00000000 wm4._newlib_version.h.4.9ba035841e762c3308916a0ce96032e7
                           .group:00000000 wm4.features.h.33.5bd1eea2d80518b50f7af0b5ce6750e0
                           .group:00000000 wm4._default_types.h.15.247e5cd201eca3442cbf5404108c4935
                           .group:00000000 wm4._intsup.h.10.cce27fed8484c08a33f522034c30d2b5
                           .group:00000000 wm4._stdint.h.10.c24fa3af3bc1706662bb5593a907e841
                           .group:00000000 wm4.stdint.h.23.d53047a68f4a85177f80b422d52785ed
                           .group:00000000 wm4.core_cmInstr.h.39.addda81f1f3453ba31dd54fc5b6fcee8
                           .group:00000000 wm4.core_cmSimd.h.43.c355993beb49ccd10586af5b1cfe5aee
                           .group:00000000 wm4.core_cm4.h.201.38b66ea2c12d55e26a2374d5521b1bde
                           .group:00000000 wm4.gd32f4xx.h.268.6244d4312c046a64f69632f7ef07b287
                           .group:00000000 wm4.gd32f4xx_rcu.h.18.5c1e5e7e0de404504004d8bb7db8129d
                           .group:00000000 wm4.gd32f4xx_adc.h.13.555e7341a9ddcdbc980571a940325972
                           .group:00000000 wm4.gd32f4xx_can.h.13.2811f1e7e0dd1a163a8850b48ae09a18
                           .group:00000000 wm4.gd32f4xx_crc.h.13.e3fa8cb47f74e88ac6e7a18c10f0cae7
                           .group:00000000 wm4.gd32f4xx_ctc.h.13.979d5c7db9c07247dafcdc888120aeeb
                           .group:00000000 wm4.gd32f4xx_dac.h.13.6aae99156ce94e45e273c87252f3e1b5
                           .group:00000000 wm4.gd32f4xx_dbg.h.13.c5f36ebf9ff6bf00cb705dace0230749
                           .group:00000000 wm4.gd32f4xx_dci.h.13.43c4239de7bb8115ecac688727adc34d
                           .group:00000000 wm4.gd32f4xx_dma.h.13.dd34986dcd88f37eef0ac885fade6a96
                           .group:00000000 wm4.gd32f4xx_exti.h.13.f61fefc984e3d5d6bfd619e837d781f0
                           .group:00000000 wm4.gd32f4xx_fmc.h.12.6ad1d5b3792ad9539d3cdeacd021dc9f
                           .group:00000000 wm4.gd32f4xx_fwdgt.h.13.cc9a34a06b043d4b817ab3d1a6056177
                           .group:00000000 wm4.gd32f4xx_gpio.h.13.ac5c85bea0e960885418a329bb1f1322
                           .group:00000000 wm4.gd32f4xx_syscfg.h.13.b2bd3727e52dfdd22af4632a1311bbb7
                           .group:00000000 wm4.gd32f4xx_i2c.h.13.eb0f8b31bd16ee5fe82cc39a9dd42f2d
                           .group:00000000 wm4.gd32f4xx_iref.h.13.7fc1143691d228493f7100d3cc247638
                           .group:00000000 wm4.gd32f4xx_pmu.h.13.724bacbcb5c124f50a6b00f61a9eb756
                           .group:00000000 wm4.gd32f4xx_rtc.h.13.fc493d83f9d78f0b7c4919b6d2f31956
                           .group:00000000 wm4.gd32f4xx_sdio.h.13.81c3455a223eea59b64370eea49a57de
                           .group:00000000 wm4.gd32f4xx_spi.h.13.03d2444bcb21a0c2481c42cb6d9fce79
                           .group:00000000 wm4.gd32f4xx_timer.h.13.6cb5bef9444452fac8393c6f9325aaca
                           .group:00000000 wm4.gd32f4xx_usart.h.13.2986dbbf12f17711a1874d27609e0b55
                           .group:00000000 wm4.gd32f4xx_wwdgt.h.13.1abc40e3831eb7a2ed947144f7cb9188
                           .group:00000000 wm4.gd32f4xx_misc.h.13.b10945aa7ed210c08c1585a4b5874d8c
                           .group:00000000 wm4.gd32f4xx_trng.h.18.bf23fb1e3493f2ad0a90b561a726b2aa

UNDEFINED SYMBOLS
rcu_periph_reset_enable
rcu_periph_reset_disable
