   1              		.cpu cortex-m4
   2              		.eabi_attribute 20, 1
   3              		.eabi_attribute 21, 1
   4              		.eabi_attribute 23, 3
   5              		.eabi_attribute 24, 1
   6              		.eabi_attribute 25, 1
   7              		.eabi_attribute 26, 1
   8              		.eabi_attribute 30, 6
   9              		.eabi_attribute 34, 1
  10              		.eabi_attribute 18, 4
  11              		.file	"gd32f4xx_gpio.c"
  12              		.text
  13              	.Ltext0:
  14              		.cfi_sections	.debug_frame
  15              		.section	.text.gpio_deinit,"ax",%progbits
  16              		.align	1
  17              		.global	gpio_deinit
  18              		.arch armv7e-m
  19              		.syntax unified
  20              		.thumb
  21              		.thumb_func
  22              		.fpu softvfp
  24              	gpio_deinit:
  25              	.LFB123:
  26              		.file 1 "C:/Users/leonardo/Desktop/Code/Github/DawnGBC/Libraries/FWLIB/src/gd32f4xx_gpio.c"
   1:C:/Users/leonardo/Desktop/Code/Github/DawnGBC/Libraries/FWLIB/src\gd32f4xx_gpio.c **** /*!
   2:C:/Users/leonardo/Desktop/Code/Github/DawnGBC/Libraries/FWLIB/src\gd32f4xx_gpio.c ****     \file  gd32f4xx_gpio.c
   3:C:/Users/leonardo/Desktop/Code/Github/DawnGBC/Libraries/FWLIB/src\gd32f4xx_gpio.c ****     \brief GPIO driver
   4:C:/Users/leonardo/Desktop/Code/Github/DawnGBC/Libraries/FWLIB/src\gd32f4xx_gpio.c **** */
   5:C:/Users/leonardo/Desktop/Code/Github/DawnGBC/Libraries/FWLIB/src\gd32f4xx_gpio.c **** 
   6:C:/Users/leonardo/Desktop/Code/Github/DawnGBC/Libraries/FWLIB/src\gd32f4xx_gpio.c **** /*
   7:C:/Users/leonardo/Desktop/Code/Github/DawnGBC/Libraries/FWLIB/src\gd32f4xx_gpio.c ****     Copyright (C) 2016 GigaDevice
   8:C:/Users/leonardo/Desktop/Code/Github/DawnGBC/Libraries/FWLIB/src\gd32f4xx_gpio.c **** 
   9:C:/Users/leonardo/Desktop/Code/Github/DawnGBC/Libraries/FWLIB/src\gd32f4xx_gpio.c ****     2016-08-15, V1.0.0, firmware for GD32F4xx
  10:C:/Users/leonardo/Desktop/Code/Github/DawnGBC/Libraries/FWLIB/src\gd32f4xx_gpio.c **** */
  11:C:/Users/leonardo/Desktop/Code/Github/DawnGBC/Libraries/FWLIB/src\gd32f4xx_gpio.c **** 
  12:C:/Users/leonardo/Desktop/Code/Github/DawnGBC/Libraries/FWLIB/src\gd32f4xx_gpio.c **** #include "gd32f4xx_gpio.h"
  13:C:/Users/leonardo/Desktop/Code/Github/DawnGBC/Libraries/FWLIB/src\gd32f4xx_gpio.c **** 
  14:C:/Users/leonardo/Desktop/Code/Github/DawnGBC/Libraries/FWLIB/src\gd32f4xx_gpio.c **** /*!
  15:C:/Users/leonardo/Desktop/Code/Github/DawnGBC/Libraries/FWLIB/src\gd32f4xx_gpio.c ****     \brief      reset GPIO port
  16:C:/Users/leonardo/Desktop/Code/Github/DawnGBC/Libraries/FWLIB/src\gd32f4xx_gpio.c ****     \param[in]  gpio_periph: GPIOx(x = A,B,C,D,E,F,G,H,I)
  17:C:/Users/leonardo/Desktop/Code/Github/DawnGBC/Libraries/FWLIB/src\gd32f4xx_gpio.c ****     \param[out] none
  18:C:/Users/leonardo/Desktop/Code/Github/DawnGBC/Libraries/FWLIB/src\gd32f4xx_gpio.c ****     \retval     none
  19:C:/Users/leonardo/Desktop/Code/Github/DawnGBC/Libraries/FWLIB/src\gd32f4xx_gpio.c **** */
  20:C:/Users/leonardo/Desktop/Code/Github/DawnGBC/Libraries/FWLIB/src\gd32f4xx_gpio.c **** void gpio_deinit(uint32_t gpio_periph)
  21:C:/Users/leonardo/Desktop/Code/Github/DawnGBC/Libraries/FWLIB/src\gd32f4xx_gpio.c **** {
  27              		.loc 1 21 1
  28              		.cfi_startproc
  29              		@ args = 0, pretend = 0, frame = 8
  30              		@ frame_needed = 1, uses_anonymous_args = 0
  31 0000 80B5     		push	{r7, lr}
  32              		.cfi_def_cfa_offset 8
  33              		.cfi_offset 7, -8
  34              		.cfi_offset 14, -4
  35 0002 82B0     		sub	sp, sp, #8
  36              		.cfi_def_cfa_offset 16
  37 0004 00AF     		add	r7, sp, #0
  38              		.cfi_def_cfa_register 7
  39 0006 7860     		str	r0, [r7, #4]
  22:C:/Users/leonardo/Desktop/Code/Github/DawnGBC/Libraries/FWLIB/src\gd32f4xx_gpio.c ****     switch(gpio_periph){
  40              		.loc 1 22 5
  41 0008 7B68     		ldr	r3, [r7, #4]
  42 000a 4C4A     		ldr	r2, .L14
  43 000c 9342     		cmp	r3, r2
  44 000e 00F08780 		beq	.L2
  45 0012 7B68     		ldr	r3, [r7, #4]
  46 0014 494A     		ldr	r2, .L14
  47 0016 9342     		cmp	r3, r2
  48 0018 00F28B80 		bhi	.L13
  49 001c 7B68     		ldr	r3, [r7, #4]
  50 001e 484A     		ldr	r2, .L14+4
  51 0020 9342     		cmp	r3, r2
  52 0022 74D0     		beq	.L4
  53 0024 7B68     		ldr	r3, [r7, #4]
  54 0026 464A     		ldr	r2, .L14+4
  55 0028 9342     		cmp	r3, r2
  56 002a 00F28280 		bhi	.L13
  57 002e 7B68     		ldr	r3, [r7, #4]
  58 0030 444A     		ldr	r2, .L14+8
  59 0032 9342     		cmp	r3, r2
  60 0034 62D0     		beq	.L5
  61 0036 7B68     		ldr	r3, [r7, #4]
  62 0038 424A     		ldr	r2, .L14+8
  63 003a 9342     		cmp	r3, r2
  64 003c 79D8     		bhi	.L13
  65 003e 7B68     		ldr	r3, [r7, #4]
  66 0040 414A     		ldr	r2, .L14+12
  67 0042 9342     		cmp	r3, r2
  68 0044 51D0     		beq	.L6
  69 0046 7B68     		ldr	r3, [r7, #4]
  70 0048 3F4A     		ldr	r2, .L14+12
  71 004a 9342     		cmp	r3, r2
  72 004c 71D8     		bhi	.L13
  73 004e 7B68     		ldr	r3, [r7, #4]
  74 0050 3E4A     		ldr	r2, .L14+16
  75 0052 9342     		cmp	r3, r2
  76 0054 40D0     		beq	.L7
  77 0056 7B68     		ldr	r3, [r7, #4]
  78 0058 3C4A     		ldr	r2, .L14+16
  79 005a 9342     		cmp	r3, r2
  80 005c 69D8     		bhi	.L13
  81 005e 7B68     		ldr	r3, [r7, #4]
  82 0060 3B4A     		ldr	r2, .L14+20
  83 0062 9342     		cmp	r3, r2
  84 0064 2FD0     		beq	.L8
  85 0066 7B68     		ldr	r3, [r7, #4]
  86 0068 394A     		ldr	r2, .L14+20
  87 006a 9342     		cmp	r3, r2
  88 006c 61D8     		bhi	.L13
  89 006e 7B68     		ldr	r3, [r7, #4]
  90 0070 384A     		ldr	r2, .L14+24
  91 0072 9342     		cmp	r3, r2
  92 0074 1ED0     		beq	.L9
  93 0076 7B68     		ldr	r3, [r7, #4]
  94 0078 364A     		ldr	r2, .L14+24
  95 007a 9342     		cmp	r3, r2
  96 007c 59D8     		bhi	.L13
  97 007e 7B68     		ldr	r3, [r7, #4]
  98 0080 354A     		ldr	r2, .L14+28
  99 0082 9342     		cmp	r3, r2
 100 0084 04D0     		beq	.L10
 101 0086 7B68     		ldr	r3, [r7, #4]
 102 0088 344A     		ldr	r2, .L14+32
 103 008a 9342     		cmp	r3, r2
 104 008c 09D0     		beq	.L11
  23:C:/Users/leonardo/Desktop/Code/Github/DawnGBC/Libraries/FWLIB/src\gd32f4xx_gpio.c ****     case GPIOA:
  24:C:/Users/leonardo/Desktop/Code/Github/DawnGBC/Libraries/FWLIB/src\gd32f4xx_gpio.c ****         /* reset GPIOA */
  25:C:/Users/leonardo/Desktop/Code/Github/DawnGBC/Libraries/FWLIB/src\gd32f4xx_gpio.c ****         rcu_periph_reset_enable(RCU_GPIOARST);
  26:C:/Users/leonardo/Desktop/Code/Github/DawnGBC/Libraries/FWLIB/src\gd32f4xx_gpio.c ****         rcu_periph_reset_disable(RCU_GPIOARST);
  27:C:/Users/leonardo/Desktop/Code/Github/DawnGBC/Libraries/FWLIB/src\gd32f4xx_gpio.c ****         break;
  28:C:/Users/leonardo/Desktop/Code/Github/DawnGBC/Libraries/FWLIB/src\gd32f4xx_gpio.c ****     case GPIOB:
  29:C:/Users/leonardo/Desktop/Code/Github/DawnGBC/Libraries/FWLIB/src\gd32f4xx_gpio.c ****         /* reset GPIOB */
  30:C:/Users/leonardo/Desktop/Code/Github/DawnGBC/Libraries/FWLIB/src\gd32f4xx_gpio.c ****         rcu_periph_reset_enable(RCU_GPIOBRST);
  31:C:/Users/leonardo/Desktop/Code/Github/DawnGBC/Libraries/FWLIB/src\gd32f4xx_gpio.c ****         rcu_periph_reset_disable(RCU_GPIOBRST);
  32:C:/Users/leonardo/Desktop/Code/Github/DawnGBC/Libraries/FWLIB/src\gd32f4xx_gpio.c ****         break;
  33:C:/Users/leonardo/Desktop/Code/Github/DawnGBC/Libraries/FWLIB/src\gd32f4xx_gpio.c ****     case GPIOC:
  34:C:/Users/leonardo/Desktop/Code/Github/DawnGBC/Libraries/FWLIB/src\gd32f4xx_gpio.c ****         /* reset GPIOC */
  35:C:/Users/leonardo/Desktop/Code/Github/DawnGBC/Libraries/FWLIB/src\gd32f4xx_gpio.c ****         rcu_periph_reset_enable(RCU_GPIOCRST);
  36:C:/Users/leonardo/Desktop/Code/Github/DawnGBC/Libraries/FWLIB/src\gd32f4xx_gpio.c ****         rcu_periph_reset_disable(RCU_GPIOCRST);
  37:C:/Users/leonardo/Desktop/Code/Github/DawnGBC/Libraries/FWLIB/src\gd32f4xx_gpio.c ****         break;
  38:C:/Users/leonardo/Desktop/Code/Github/DawnGBC/Libraries/FWLIB/src\gd32f4xx_gpio.c ****     case GPIOD:
  39:C:/Users/leonardo/Desktop/Code/Github/DawnGBC/Libraries/FWLIB/src\gd32f4xx_gpio.c ****         /* reset GPIOD */
  40:C:/Users/leonardo/Desktop/Code/Github/DawnGBC/Libraries/FWLIB/src\gd32f4xx_gpio.c ****         rcu_periph_reset_enable(RCU_GPIODRST);
  41:C:/Users/leonardo/Desktop/Code/Github/DawnGBC/Libraries/FWLIB/src\gd32f4xx_gpio.c ****         rcu_periph_reset_disable(RCU_GPIODRST);
  42:C:/Users/leonardo/Desktop/Code/Github/DawnGBC/Libraries/FWLIB/src\gd32f4xx_gpio.c ****         break;
  43:C:/Users/leonardo/Desktop/Code/Github/DawnGBC/Libraries/FWLIB/src\gd32f4xx_gpio.c ****     case GPIOE:
  44:C:/Users/leonardo/Desktop/Code/Github/DawnGBC/Libraries/FWLIB/src\gd32f4xx_gpio.c ****         /* reset GPIOE */
  45:C:/Users/leonardo/Desktop/Code/Github/DawnGBC/Libraries/FWLIB/src\gd32f4xx_gpio.c ****         rcu_periph_reset_enable(RCU_GPIOERST);
  46:C:/Users/leonardo/Desktop/Code/Github/DawnGBC/Libraries/FWLIB/src\gd32f4xx_gpio.c ****         rcu_periph_reset_disable(RCU_GPIOERST);
  47:C:/Users/leonardo/Desktop/Code/Github/DawnGBC/Libraries/FWLIB/src\gd32f4xx_gpio.c ****         break;
  48:C:/Users/leonardo/Desktop/Code/Github/DawnGBC/Libraries/FWLIB/src\gd32f4xx_gpio.c ****     case GPIOF:
  49:C:/Users/leonardo/Desktop/Code/Github/DawnGBC/Libraries/FWLIB/src\gd32f4xx_gpio.c ****         /* reset GPIOF */
  50:C:/Users/leonardo/Desktop/Code/Github/DawnGBC/Libraries/FWLIB/src\gd32f4xx_gpio.c ****         rcu_periph_reset_enable(RCU_GPIOFRST);
  51:C:/Users/leonardo/Desktop/Code/Github/DawnGBC/Libraries/FWLIB/src\gd32f4xx_gpio.c ****         rcu_periph_reset_disable(RCU_GPIOFRST);
  52:C:/Users/leonardo/Desktop/Code/Github/DawnGBC/Libraries/FWLIB/src\gd32f4xx_gpio.c ****         break;
  53:C:/Users/leonardo/Desktop/Code/Github/DawnGBC/Libraries/FWLIB/src\gd32f4xx_gpio.c ****     case GPIOG:
  54:C:/Users/leonardo/Desktop/Code/Github/DawnGBC/Libraries/FWLIB/src\gd32f4xx_gpio.c ****         /* reset GPIOG */
  55:C:/Users/leonardo/Desktop/Code/Github/DawnGBC/Libraries/FWLIB/src\gd32f4xx_gpio.c ****         rcu_periph_reset_enable(RCU_GPIOGRST);
  56:C:/Users/leonardo/Desktop/Code/Github/DawnGBC/Libraries/FWLIB/src\gd32f4xx_gpio.c ****         rcu_periph_reset_disable(RCU_GPIOGRST);
  57:C:/Users/leonardo/Desktop/Code/Github/DawnGBC/Libraries/FWLIB/src\gd32f4xx_gpio.c ****         break;
  58:C:/Users/leonardo/Desktop/Code/Github/DawnGBC/Libraries/FWLIB/src\gd32f4xx_gpio.c ****     case GPIOH:
  59:C:/Users/leonardo/Desktop/Code/Github/DawnGBC/Libraries/FWLIB/src\gd32f4xx_gpio.c ****         /* reset GPIOH */
  60:C:/Users/leonardo/Desktop/Code/Github/DawnGBC/Libraries/FWLIB/src\gd32f4xx_gpio.c ****         rcu_periph_reset_enable(RCU_GPIOHRST);
  61:C:/Users/leonardo/Desktop/Code/Github/DawnGBC/Libraries/FWLIB/src\gd32f4xx_gpio.c ****         rcu_periph_reset_disable(RCU_GPIOHRST);
  62:C:/Users/leonardo/Desktop/Code/Github/DawnGBC/Libraries/FWLIB/src\gd32f4xx_gpio.c ****         break;
  63:C:/Users/leonardo/Desktop/Code/Github/DawnGBC/Libraries/FWLIB/src\gd32f4xx_gpio.c ****     case GPIOI:
  64:C:/Users/leonardo/Desktop/Code/Github/DawnGBC/Libraries/FWLIB/src\gd32f4xx_gpio.c ****         /* reset GPIOI */
  65:C:/Users/leonardo/Desktop/Code/Github/DawnGBC/Libraries/FWLIB/src\gd32f4xx_gpio.c ****         rcu_periph_reset_enable(RCU_GPIOIRST);
  66:C:/Users/leonardo/Desktop/Code/Github/DawnGBC/Libraries/FWLIB/src\gd32f4xx_gpio.c ****         rcu_periph_reset_disable(RCU_GPIOIRST);
  67:C:/Users/leonardo/Desktop/Code/Github/DawnGBC/Libraries/FWLIB/src\gd32f4xx_gpio.c ****         break;
  68:C:/Users/leonardo/Desktop/Code/Github/DawnGBC/Libraries/FWLIB/src\gd32f4xx_gpio.c ****     default:
  69:C:/Users/leonardo/Desktop/Code/Github/DawnGBC/Libraries/FWLIB/src\gd32f4xx_gpio.c ****         break;
 105              		.loc 1 69 9
 106 008e 50E0     		b	.L13
 107              	.L10:
  25:C:/Users/leonardo/Desktop/Code/Github/DawnGBC/Libraries/FWLIB/src\gd32f4xx_gpio.c ****         rcu_periph_reset_disable(RCU_GPIOARST);
 108              		.loc 1 25 9
 109 0090 4FF48060 		mov	r0, #1024
 110 0094 FFF7FEFF 		bl	rcu_periph_reset_enable
  26:C:/Users/leonardo/Desktop/Code/Github/DawnGBC/Libraries/FWLIB/src\gd32f4xx_gpio.c ****         break;
 111              		.loc 1 26 9
 112 0098 4FF48060 		mov	r0, #1024
 113 009c FFF7FEFF 		bl	rcu_periph_reset_disable
  27:C:/Users/leonardo/Desktop/Code/Github/DawnGBC/Libraries/FWLIB/src\gd32f4xx_gpio.c ****     case GPIOB:
 114              		.loc 1 27 9
 115 00a0 48E0     		b	.L12
 116              	.L11:
  30:C:/Users/leonardo/Desktop/Code/Github/DawnGBC/Libraries/FWLIB/src\gd32f4xx_gpio.c ****         rcu_periph_reset_disable(RCU_GPIOBRST);
 117              		.loc 1 30 9
 118 00a2 40F20140 		movw	r0, #1025
 119 00a6 FFF7FEFF 		bl	rcu_periph_reset_enable
  31:C:/Users/leonardo/Desktop/Code/Github/DawnGBC/Libraries/FWLIB/src\gd32f4xx_gpio.c ****         break;
 120              		.loc 1 31 9
 121 00aa 40F20140 		movw	r0, #1025
 122 00ae FFF7FEFF 		bl	rcu_periph_reset_disable
  32:C:/Users/leonardo/Desktop/Code/Github/DawnGBC/Libraries/FWLIB/src\gd32f4xx_gpio.c ****     case GPIOC:
 123              		.loc 1 32 9
 124 00b2 3FE0     		b	.L12
 125              	.L9:
  35:C:/Users/leonardo/Desktop/Code/Github/DawnGBC/Libraries/FWLIB/src\gd32f4xx_gpio.c ****         rcu_periph_reset_disable(RCU_GPIOCRST);
 126              		.loc 1 35 9
 127 00b4 40F20240 		movw	r0, #1026
 128 00b8 FFF7FEFF 		bl	rcu_periph_reset_enable
  36:C:/Users/leonardo/Desktop/Code/Github/DawnGBC/Libraries/FWLIB/src\gd32f4xx_gpio.c ****         break;
 129              		.loc 1 36 9
 130 00bc 40F20240 		movw	r0, #1026
 131 00c0 FFF7FEFF 		bl	rcu_periph_reset_disable
  37:C:/Users/leonardo/Desktop/Code/Github/DawnGBC/Libraries/FWLIB/src\gd32f4xx_gpio.c ****     case GPIOD:
 132              		.loc 1 37 9
 133 00c4 36E0     		b	.L12
 134              	.L8:
  40:C:/Users/leonardo/Desktop/Code/Github/DawnGBC/Libraries/FWLIB/src\gd32f4xx_gpio.c ****         rcu_periph_reset_disable(RCU_GPIODRST);
 135              		.loc 1 40 9
 136 00c6 40F20340 		movw	r0, #1027
 137 00ca FFF7FEFF 		bl	rcu_periph_reset_enable
  41:C:/Users/leonardo/Desktop/Code/Github/DawnGBC/Libraries/FWLIB/src\gd32f4xx_gpio.c ****         break;
 138              		.loc 1 41 9
 139 00ce 40F20340 		movw	r0, #1027
 140 00d2 FFF7FEFF 		bl	rcu_periph_reset_disable
  42:C:/Users/leonardo/Desktop/Code/Github/DawnGBC/Libraries/FWLIB/src\gd32f4xx_gpio.c ****     case GPIOE:
 141              		.loc 1 42 9
 142 00d6 2DE0     		b	.L12
 143              	.L7:
  45:C:/Users/leonardo/Desktop/Code/Github/DawnGBC/Libraries/FWLIB/src\gd32f4xx_gpio.c ****         rcu_periph_reset_disable(RCU_GPIOERST);
 144              		.loc 1 45 9
 145 00d8 40F20440 		movw	r0, #1028
 146 00dc FFF7FEFF 		bl	rcu_periph_reset_enable
  46:C:/Users/leonardo/Desktop/Code/Github/DawnGBC/Libraries/FWLIB/src\gd32f4xx_gpio.c ****         break;
 147              		.loc 1 46 9
 148 00e0 40F20440 		movw	r0, #1028
 149 00e4 FFF7FEFF 		bl	rcu_periph_reset_disable
  47:C:/Users/leonardo/Desktop/Code/Github/DawnGBC/Libraries/FWLIB/src\gd32f4xx_gpio.c ****     case GPIOF:
 150              		.loc 1 47 9
 151 00e8 24E0     		b	.L12
 152              	.L6:
  50:C:/Users/leonardo/Desktop/Code/Github/DawnGBC/Libraries/FWLIB/src\gd32f4xx_gpio.c ****         rcu_periph_reset_disable(RCU_GPIOFRST);
 153              		.loc 1 50 9
 154 00ea 40F20540 		movw	r0, #1029
 155 00ee FFF7FEFF 		bl	rcu_periph_reset_enable
  51:C:/Users/leonardo/Desktop/Code/Github/DawnGBC/Libraries/FWLIB/src\gd32f4xx_gpio.c ****         break;
 156              		.loc 1 51 9
 157 00f2 40F20540 		movw	r0, #1029
 158 00f6 FFF7FEFF 		bl	rcu_periph_reset_disable
  52:C:/Users/leonardo/Desktop/Code/Github/DawnGBC/Libraries/FWLIB/src\gd32f4xx_gpio.c ****     case GPIOG:
 159              		.loc 1 52 9
 160 00fa 1BE0     		b	.L12
 161              	.L5:
  55:C:/Users/leonardo/Desktop/Code/Github/DawnGBC/Libraries/FWLIB/src\gd32f4xx_gpio.c ****         rcu_periph_reset_disable(RCU_GPIOGRST);
 162              		.loc 1 55 9
 163 00fc 40F20640 		movw	r0, #1030
 164 0100 FFF7FEFF 		bl	rcu_periph_reset_enable
  56:C:/Users/leonardo/Desktop/Code/Github/DawnGBC/Libraries/FWLIB/src\gd32f4xx_gpio.c ****         break;
 165              		.loc 1 56 9
 166 0104 40F20640 		movw	r0, #1030
 167 0108 FFF7FEFF 		bl	rcu_periph_reset_disable
  57:C:/Users/leonardo/Desktop/Code/Github/DawnGBC/Libraries/FWLIB/src\gd32f4xx_gpio.c ****     case GPIOH:
 168              		.loc 1 57 9
 169 010c 12E0     		b	.L12
 170              	.L4:
  60:C:/Users/leonardo/Desktop/Code/Github/DawnGBC/Libraries/FWLIB/src\gd32f4xx_gpio.c ****         rcu_periph_reset_disable(RCU_GPIOHRST);
 171              		.loc 1 60 9
 172 010e 40F20740 		movw	r0, #1031
 173 0112 FFF7FEFF 		bl	rcu_periph_reset_enable
  61:C:/Users/leonardo/Desktop/Code/Github/DawnGBC/Libraries/FWLIB/src\gd32f4xx_gpio.c ****         break;
 174              		.loc 1 61 9
 175 0116 40F20740 		movw	r0, #1031
 176 011a FFF7FEFF 		bl	rcu_periph_reset_disable
  62:C:/Users/leonardo/Desktop/Code/Github/DawnGBC/Libraries/FWLIB/src\gd32f4xx_gpio.c ****     case GPIOI:
 177              		.loc 1 62 9
 178 011e 09E0     		b	.L12
 179              	.L2:
  65:C:/Users/leonardo/Desktop/Code/Github/DawnGBC/Libraries/FWLIB/src\gd32f4xx_gpio.c ****         rcu_periph_reset_disable(RCU_GPIOIRST);
 180              		.loc 1 65 9
 181 0120 4FF48160 		mov	r0, #1032
 182 0124 FFF7FEFF 		bl	rcu_periph_reset_enable
  66:C:/Users/leonardo/Desktop/Code/Github/DawnGBC/Libraries/FWLIB/src\gd32f4xx_gpio.c ****         break;
 183              		.loc 1 66 9
 184 0128 4FF48160 		mov	r0, #1032
 185 012c FFF7FEFF 		bl	rcu_periph_reset_disable
  67:C:/Users/leonardo/Desktop/Code/Github/DawnGBC/Libraries/FWLIB/src\gd32f4xx_gpio.c ****     default:
 186              		.loc 1 67 9
 187 0130 00E0     		b	.L12
 188              	.L13:
 189              		.loc 1 69 9
 190 0132 00BF     		nop
 191              	.L12:
  70:C:/Users/leonardo/Desktop/Code/Github/DawnGBC/Libraries/FWLIB/src\gd32f4xx_gpio.c ****     }
  71:C:/Users/leonardo/Desktop/Code/Github/DawnGBC/Libraries/FWLIB/src\gd32f4xx_gpio.c **** }
 192              		.loc 1 71 1
 193 0134 00BF     		nop
 194 0136 0837     		adds	r7, r7, #8
 195              		.cfi_def_cfa_offset 8
 196 0138 BD46     		mov	sp, r7
 197              		.cfi_def_cfa_register 13
 198              		@ sp needed
 199 013a 80BD     		pop	{r7, pc}
 200              	.L15:
 201              		.align	2
 202              	.L14:
 203 013c 00200240 		.word	1073881088
 204 0140 001C0240 		.word	1073880064
 205 0144 00180240 		.word	1073879040
 206 0148 00140240 		.word	1073878016
 207 014c 00100240 		.word	1073876992
 208 0150 000C0240 		.word	1073875968
 209 0154 00080240 		.word	1073874944
 210 0158 00000240 		.word	1073872896
 211 015c 00040240 		.word	1073873920
 212              		.cfi_endproc
 213              	.LFE123:
 215              		.section	.text.gpio_mode_set,"ax",%progbits
 216              		.align	1
 217              		.global	gpio_mode_set
 218              		.syntax unified
 219              		.thumb
 220              		.thumb_func
 221              		.fpu softvfp
 223              	gpio_mode_set:
 224              	.LFB124:
  72:C:/Users/leonardo/Desktop/Code/Github/DawnGBC/Libraries/FWLIB/src\gd32f4xx_gpio.c **** 
  73:C:/Users/leonardo/Desktop/Code/Github/DawnGBC/Libraries/FWLIB/src\gd32f4xx_gpio.c **** /*!
  74:C:/Users/leonardo/Desktop/Code/Github/DawnGBC/Libraries/FWLIB/src\gd32f4xx_gpio.c ****     \brief      set GPIO output mode
  75:C:/Users/leonardo/Desktop/Code/Github/DawnGBC/Libraries/FWLIB/src\gd32f4xx_gpio.c ****     \param[in]  gpio_periph: GPIOx(x = A,B,C,D,E,F,G,H,I) 
  76:C:/Users/leonardo/Desktop/Code/Github/DawnGBC/Libraries/FWLIB/src\gd32f4xx_gpio.c ****     \param[in]  mode: GPIO pin mode
  77:C:/Users/leonardo/Desktop/Code/Github/DawnGBC/Libraries/FWLIB/src\gd32f4xx_gpio.c ****       \arg        GPIO_MODE_INPUT: input mode
  78:C:/Users/leonardo/Desktop/Code/Github/DawnGBC/Libraries/FWLIB/src\gd32f4xx_gpio.c ****       \arg        GPIO_MODE_OUTPUT: output mode
  79:C:/Users/leonardo/Desktop/Code/Github/DawnGBC/Libraries/FWLIB/src\gd32f4xx_gpio.c ****       \arg        GPIO_MODE_AF: alternate function mode
  80:C:/Users/leonardo/Desktop/Code/Github/DawnGBC/Libraries/FWLIB/src\gd32f4xx_gpio.c ****       \arg        GPIO_MODE_ANALOG: analog mode
  81:C:/Users/leonardo/Desktop/Code/Github/DawnGBC/Libraries/FWLIB/src\gd32f4xx_gpio.c ****     \param[in]  pull_up_down: GPIO pin with pull-up or pull-down resistor
  82:C:/Users/leonardo/Desktop/Code/Github/DawnGBC/Libraries/FWLIB/src\gd32f4xx_gpio.c ****       \arg        GPIO_PUPD_NONE: without weak pull-up and pull-down resistors
  83:C:/Users/leonardo/Desktop/Code/Github/DawnGBC/Libraries/FWLIB/src\gd32f4xx_gpio.c ****       \arg        GPIO_PUPD_PULLUP: with weak pull-up resistor
  84:C:/Users/leonardo/Desktop/Code/Github/DawnGBC/Libraries/FWLIB/src\gd32f4xx_gpio.c ****       \arg        GPIO_PUPD_PULLDOWN:with weak pull-down resistor
  85:C:/Users/leonardo/Desktop/Code/Github/DawnGBC/Libraries/FWLIB/src\gd32f4xx_gpio.c ****     \param[in]  pin: GPIO_PIN_x(x=0..15), GPIO_PIN_ALL
  86:C:/Users/leonardo/Desktop/Code/Github/DawnGBC/Libraries/FWLIB/src\gd32f4xx_gpio.c ****     \param[out] none
  87:C:/Users/leonardo/Desktop/Code/Github/DawnGBC/Libraries/FWLIB/src\gd32f4xx_gpio.c ****     \retval     none
  88:C:/Users/leonardo/Desktop/Code/Github/DawnGBC/Libraries/FWLIB/src\gd32f4xx_gpio.c **** */
  89:C:/Users/leonardo/Desktop/Code/Github/DawnGBC/Libraries/FWLIB/src\gd32f4xx_gpio.c **** void gpio_mode_set(uint32_t gpio_periph,uint32_t mode,uint32_t pull_up_down,uint32_t pin)
  90:C:/Users/leonardo/Desktop/Code/Github/DawnGBC/Libraries/FWLIB/src\gd32f4xx_gpio.c **** {
 225              		.loc 1 90 1
 226              		.cfi_startproc
 227              		@ args = 0, pretend = 0, frame = 32
 228              		@ frame_needed = 1, uses_anonymous_args = 0
 229              		@ link register save eliminated.
 230 0000 80B4     		push	{r7}
 231              		.cfi_def_cfa_offset 4
 232              		.cfi_offset 7, -4
 233 0002 89B0     		sub	sp, sp, #36
 234              		.cfi_def_cfa_offset 40
 235 0004 00AF     		add	r7, sp, #0
 236              		.cfi_def_cfa_register 7
 237 0006 F860     		str	r0, [r7, #12]
 238 0008 B960     		str	r1, [r7, #8]
 239 000a 7A60     		str	r2, [r7, #4]
 240 000c 3B60     		str	r3, [r7]
  91:C:/Users/leonardo/Desktop/Code/Github/DawnGBC/Libraries/FWLIB/src\gd32f4xx_gpio.c ****     uint16_t i;
  92:C:/Users/leonardo/Desktop/Code/Github/DawnGBC/Libraries/FWLIB/src\gd32f4xx_gpio.c ****     uint32_t ctl, pupd;
  93:C:/Users/leonardo/Desktop/Code/Github/DawnGBC/Libraries/FWLIB/src\gd32f4xx_gpio.c **** 
  94:C:/Users/leonardo/Desktop/Code/Github/DawnGBC/Libraries/FWLIB/src\gd32f4xx_gpio.c ****     ctl = GPIO_CTL(gpio_periph);
 241              		.loc 1 94 11
 242 000e FB68     		ldr	r3, [r7, #12]
 243              		.loc 1 94 9
 244 0010 1B68     		ldr	r3, [r3]
 245 0012 BB61     		str	r3, [r7, #24]
  95:C:/Users/leonardo/Desktop/Code/Github/DawnGBC/Libraries/FWLIB/src\gd32f4xx_gpio.c ****     pupd = GPIO_PUD(gpio_periph);
 246              		.loc 1 95 12
 247 0014 FB68     		ldr	r3, [r7, #12]
 248 0016 0C33     		adds	r3, r3, #12
 249              		.loc 1 95 10
 250 0018 1B68     		ldr	r3, [r3]
 251 001a 7B61     		str	r3, [r7, #20]
  96:C:/Users/leonardo/Desktop/Code/Github/DawnGBC/Libraries/FWLIB/src\gd32f4xx_gpio.c **** 
  97:C:/Users/leonardo/Desktop/Code/Github/DawnGBC/Libraries/FWLIB/src\gd32f4xx_gpio.c ****     for(i = 0U;i < 16U;i++){
 252              		.loc 1 97 11
 253 001c 0023     		movs	r3, #0
 254 001e FB83     		strh	r3, [r7, #30]	@ movhi
 255              		.loc 1 97 5
 256 0020 2BE0     		b	.L17
 257              	.L19:
  98:C:/Users/leonardo/Desktop/Code/Github/DawnGBC/Libraries/FWLIB/src\gd32f4xx_gpio.c ****         if((1U << i) & pin){
 258              		.loc 1 98 16
 259 0022 FB8B     		ldrh	r3, [r7, #30]
 260 0024 0122     		movs	r2, #1
 261 0026 9A40     		lsls	r2, r2, r3
 262              		.loc 1 98 22
 263 0028 3B68     		ldr	r3, [r7]
 264 002a 1340     		ands	r3, r3, r2
 265              		.loc 1 98 11
 266 002c 002B     		cmp	r3, #0
 267 002e 21D0     		beq	.L18
  99:C:/Users/leonardo/Desktop/Code/Github/DawnGBC/Libraries/FWLIB/src\gd32f4xx_gpio.c ****             /* clear the specified pin mode bits */
 100:C:/Users/leonardo/Desktop/Code/Github/DawnGBC/Libraries/FWLIB/src\gd32f4xx_gpio.c ****             ctl &= ~GPIO_MODE_MASK(i);
 268              		.loc 1 100 21
 269 0030 FB8B     		ldrh	r3, [r7, #30]
 270 0032 5B00     		lsls	r3, r3, #1
 271 0034 0322     		movs	r2, #3
 272 0036 02FA03F3 		lsl	r3, r2, r3
 273              		.loc 1 100 20
 274 003a DB43     		mvns	r3, r3
 275              		.loc 1 100 17
 276 003c BA69     		ldr	r2, [r7, #24]
 277 003e 1340     		ands	r3, r3, r2
 278 0040 BB61     		str	r3, [r7, #24]
 101:C:/Users/leonardo/Desktop/Code/Github/DawnGBC/Libraries/FWLIB/src\gd32f4xx_gpio.c ****             /* set the specified pin mode bits */
 102:C:/Users/leonardo/Desktop/Code/Github/DawnGBC/Libraries/FWLIB/src\gd32f4xx_gpio.c ****             ctl |= GPIO_MODE_SET(i, mode);
 279              		.loc 1 102 20
 280 0042 FB8B     		ldrh	r3, [r7, #30]
 281 0044 5B00     		lsls	r3, r3, #1
 282 0046 BA68     		ldr	r2, [r7, #8]
 283 0048 02FA03F3 		lsl	r3, r2, r3
 284              		.loc 1 102 17
 285 004c BA69     		ldr	r2, [r7, #24]
 286 004e 1343     		orrs	r3, r3, r2
 287 0050 BB61     		str	r3, [r7, #24]
 103:C:/Users/leonardo/Desktop/Code/Github/DawnGBC/Libraries/FWLIB/src\gd32f4xx_gpio.c **** 
 104:C:/Users/leonardo/Desktop/Code/Github/DawnGBC/Libraries/FWLIB/src\gd32f4xx_gpio.c ****             /* clear the specified pin pupd bits */
 105:C:/Users/leonardo/Desktop/Code/Github/DawnGBC/Libraries/FWLIB/src\gd32f4xx_gpio.c ****             pupd &= ~GPIO_PUPD_MASK(i);
 288              		.loc 1 105 22
 289 0052 FB8B     		ldrh	r3, [r7, #30]
 290 0054 5B00     		lsls	r3, r3, #1
 291 0056 0322     		movs	r2, #3
 292 0058 02FA03F3 		lsl	r3, r2, r3
 293              		.loc 1 105 21
 294 005c DB43     		mvns	r3, r3
 295              		.loc 1 105 18
 296 005e 7A69     		ldr	r2, [r7, #20]
 297 0060 1340     		ands	r3, r3, r2
 298 0062 7B61     		str	r3, [r7, #20]
 106:C:/Users/leonardo/Desktop/Code/Github/DawnGBC/Libraries/FWLIB/src\gd32f4xx_gpio.c ****             /* set the specified pin pupd bits */
 107:C:/Users/leonardo/Desktop/Code/Github/DawnGBC/Libraries/FWLIB/src\gd32f4xx_gpio.c ****             pupd |= GPIO_PUPD_SET(i, pull_up_down);
 299              		.loc 1 107 21
 300 0064 FB8B     		ldrh	r3, [r7, #30]
 301 0066 5B00     		lsls	r3, r3, #1
 302 0068 7A68     		ldr	r2, [r7, #4]
 303 006a 02FA03F3 		lsl	r3, r2, r3
 304              		.loc 1 107 18
 305 006e 7A69     		ldr	r2, [r7, #20]
 306 0070 1343     		orrs	r3, r3, r2
 307 0072 7B61     		str	r3, [r7, #20]
 308              	.L18:
  97:C:/Users/leonardo/Desktop/Code/Github/DawnGBC/Libraries/FWLIB/src\gd32f4xx_gpio.c ****         if((1U << i) & pin){
 309              		.loc 1 97 25 discriminator 2
 310 0074 FB8B     		ldrh	r3, [r7, #30]
 311 0076 0133     		adds	r3, r3, #1
 312 0078 FB83     		strh	r3, [r7, #30]	@ movhi
 313              	.L17:
  97:C:/Users/leonardo/Desktop/Code/Github/DawnGBC/Libraries/FWLIB/src\gd32f4xx_gpio.c ****         if((1U << i) & pin){
 314              		.loc 1 97 5 discriminator 1
 315 007a FB8B     		ldrh	r3, [r7, #30]
 316 007c 0F2B     		cmp	r3, #15
 317 007e D0D9     		bls	.L19
 108:C:/Users/leonardo/Desktop/Code/Github/DawnGBC/Libraries/FWLIB/src\gd32f4xx_gpio.c ****         }
 109:C:/Users/leonardo/Desktop/Code/Github/DawnGBC/Libraries/FWLIB/src\gd32f4xx_gpio.c ****     }
 110:C:/Users/leonardo/Desktop/Code/Github/DawnGBC/Libraries/FWLIB/src\gd32f4xx_gpio.c **** 
 111:C:/Users/leonardo/Desktop/Code/Github/DawnGBC/Libraries/FWLIB/src\gd32f4xx_gpio.c ****     GPIO_CTL(gpio_periph) = ctl;
 318              		.loc 1 111 5
 319 0080 FB68     		ldr	r3, [r7, #12]
 320              		.loc 1 111 27
 321 0082 BA69     		ldr	r2, [r7, #24]
 322 0084 1A60     		str	r2, [r3]
 112:C:/Users/leonardo/Desktop/Code/Github/DawnGBC/Libraries/FWLIB/src\gd32f4xx_gpio.c ****     GPIO_PUD(gpio_periph) = pupd;
 323              		.loc 1 112 5
 324 0086 FB68     		ldr	r3, [r7, #12]
 325 0088 0C33     		adds	r3, r3, #12
 326 008a 1A46     		mov	r2, r3
 327              		.loc 1 112 27
 328 008c 7B69     		ldr	r3, [r7, #20]
 329 008e 1360     		str	r3, [r2]
 113:C:/Users/leonardo/Desktop/Code/Github/DawnGBC/Libraries/FWLIB/src\gd32f4xx_gpio.c **** }
 330              		.loc 1 113 1
 331 0090 00BF     		nop
 332 0092 2437     		adds	r7, r7, #36
 333              		.cfi_def_cfa_offset 4
 334 0094 BD46     		mov	sp, r7
 335              		.cfi_def_cfa_register 13
 336              		@ sp needed
 337 0096 80BC     		pop	{r7}
 338              		.cfi_restore 7
 339              		.cfi_def_cfa_offset 0
 340 0098 7047     		bx	lr
 341              		.cfi_endproc
 342              	.LFE124:
 344              		.section	.text.gpio_output_options_set,"ax",%progbits
 345              		.align	1
 346              		.global	gpio_output_options_set
 347              		.syntax unified
 348              		.thumb
 349              		.thumb_func
 350              		.fpu softvfp
 352              	gpio_output_options_set:
 353              	.LFB125:
 114:C:/Users/leonardo/Desktop/Code/Github/DawnGBC/Libraries/FWLIB/src\gd32f4xx_gpio.c **** 
 115:C:/Users/leonardo/Desktop/Code/Github/DawnGBC/Libraries/FWLIB/src\gd32f4xx_gpio.c **** /*!
 116:C:/Users/leonardo/Desktop/Code/Github/DawnGBC/Libraries/FWLIB/src\gd32f4xx_gpio.c ****     \brief      set GPIO output type and speed
 117:C:/Users/leonardo/Desktop/Code/Github/DawnGBC/Libraries/FWLIB/src\gd32f4xx_gpio.c ****     \param[in]  gpio_periph: GPIOx(x = A,B,C,D,E,F,G,H,I) 
 118:C:/Users/leonardo/Desktop/Code/Github/DawnGBC/Libraries/FWLIB/src\gd32f4xx_gpio.c ****     \param[in]  otype: GPIO pin output mode
 119:C:/Users/leonardo/Desktop/Code/Github/DawnGBC/Libraries/FWLIB/src\gd32f4xx_gpio.c ****       \arg        GPIO_OTYPE_PP: push pull mode
 120:C:/Users/leonardo/Desktop/Code/Github/DawnGBC/Libraries/FWLIB/src\gd32f4xx_gpio.c ****       \arg        GPIO_OTYPE_OD: open drain mode
 121:C:/Users/leonardo/Desktop/Code/Github/DawnGBC/Libraries/FWLIB/src\gd32f4xx_gpio.c ****     \param[in]  speed: GPIO pin output max speed
 122:C:/Users/leonardo/Desktop/Code/Github/DawnGBC/Libraries/FWLIB/src\gd32f4xx_gpio.c ****       \arg        GPIO_OSPEED_2MHZ: output max speed 2M 
 123:C:/Users/leonardo/Desktop/Code/Github/DawnGBC/Libraries/FWLIB/src\gd32f4xx_gpio.c ****       \arg        GPIO_OSPEED_25MHZ: output max speed 25M 
 124:C:/Users/leonardo/Desktop/Code/Github/DawnGBC/Libraries/FWLIB/src\gd32f4xx_gpio.c ****       \arg        GPIO_OSPEED_50MHZ: output max speed 50M
 125:C:/Users/leonardo/Desktop/Code/Github/DawnGBC/Libraries/FWLIB/src\gd32f4xx_gpio.c ****       \arg        GPIO_OSPEED_200MHZ: output max speed 200M
 126:C:/Users/leonardo/Desktop/Code/Github/DawnGBC/Libraries/FWLIB/src\gd32f4xx_gpio.c ****     \param[in]  pin: GPIO_PIN_x(x=0..15), GPIO_PIN_ALL
 127:C:/Users/leonardo/Desktop/Code/Github/DawnGBC/Libraries/FWLIB/src\gd32f4xx_gpio.c ****     \param[out] none
 128:C:/Users/leonardo/Desktop/Code/Github/DawnGBC/Libraries/FWLIB/src\gd32f4xx_gpio.c ****     \retval     none
 129:C:/Users/leonardo/Desktop/Code/Github/DawnGBC/Libraries/FWLIB/src\gd32f4xx_gpio.c **** */
 130:C:/Users/leonardo/Desktop/Code/Github/DawnGBC/Libraries/FWLIB/src\gd32f4xx_gpio.c **** void gpio_output_options_set(uint32_t gpio_periph,uint8_t otype,uint32_t speed,uint32_t pin)
 131:C:/Users/leonardo/Desktop/Code/Github/DawnGBC/Libraries/FWLIB/src\gd32f4xx_gpio.c **** {
 354              		.loc 1 131 1
 355              		.cfi_startproc
 356              		@ args = 0, pretend = 0, frame = 24
 357              		@ frame_needed = 1, uses_anonymous_args = 0
 358              		@ link register save eliminated.
 359 0000 80B4     		push	{r7}
 360              		.cfi_def_cfa_offset 4
 361              		.cfi_offset 7, -4
 362 0002 87B0     		sub	sp, sp, #28
 363              		.cfi_def_cfa_offset 32
 364 0004 00AF     		add	r7, sp, #0
 365              		.cfi_def_cfa_register 7
 366 0006 F860     		str	r0, [r7, #12]
 367 0008 7A60     		str	r2, [r7, #4]
 368 000a 3B60     		str	r3, [r7]
 369 000c 0B46     		mov	r3, r1
 370 000e FB72     		strb	r3, [r7, #11]
 132:C:/Users/leonardo/Desktop/Code/Github/DawnGBC/Libraries/FWLIB/src\gd32f4xx_gpio.c ****     uint16_t i;
 133:C:/Users/leonardo/Desktop/Code/Github/DawnGBC/Libraries/FWLIB/src\gd32f4xx_gpio.c ****     uint32_t ospeedr;
 134:C:/Users/leonardo/Desktop/Code/Github/DawnGBC/Libraries/FWLIB/src\gd32f4xx_gpio.c **** 
 135:C:/Users/leonardo/Desktop/Code/Github/DawnGBC/Libraries/FWLIB/src\gd32f4xx_gpio.c ****     if(0x1U == otype){
 371              		.loc 1 135 7
 372 0010 FB7A     		ldrb	r3, [r7, #11]	@ zero_extendqisi2
 373 0012 012B     		cmp	r3, #1
 374 0014 09D1     		bne	.L21
 136:C:/Users/leonardo/Desktop/Code/Github/DawnGBC/Libraries/FWLIB/src\gd32f4xx_gpio.c ****         GPIO_OMODE(gpio_periph) |= (uint32_t)pin;
 375              		.loc 1 136 33
 376 0016 FB68     		ldr	r3, [r7, #12]
 377 0018 0433     		adds	r3, r3, #4
 378 001a 1A68     		ldr	r2, [r3]
 379 001c FB68     		ldr	r3, [r7, #12]
 380 001e 0433     		adds	r3, r3, #4
 381 0020 1946     		mov	r1, r3
 382 0022 3B68     		ldr	r3, [r7]
 383 0024 1343     		orrs	r3, r3, r2
 384 0026 0B60     		str	r3, [r1]
 385 0028 08E0     		b	.L22
 386              	.L21:
 137:C:/Users/leonardo/Desktop/Code/Github/DawnGBC/Libraries/FWLIB/src\gd32f4xx_gpio.c ****     }else{
 138:C:/Users/leonardo/Desktop/Code/Github/DawnGBC/Libraries/FWLIB/src\gd32f4xx_gpio.c ****         GPIO_OMODE(gpio_periph) &= (uint32_t)(~pin);
 387              		.loc 1 138 33
 388 002a FB68     		ldr	r3, [r7, #12]
 389 002c 0433     		adds	r3, r3, #4
 390 002e 1A68     		ldr	r2, [r3]
 391              		.loc 1 138 47
 392 0030 3B68     		ldr	r3, [r7]
 393 0032 DB43     		mvns	r3, r3
 394              		.loc 1 138 33
 395 0034 F968     		ldr	r1, [r7, #12]
 396 0036 0431     		adds	r1, r1, #4
 397 0038 1340     		ands	r3, r3, r2
 398 003a 0B60     		str	r3, [r1]
 399              	.L22:
 139:C:/Users/leonardo/Desktop/Code/Github/DawnGBC/Libraries/FWLIB/src\gd32f4xx_gpio.c ****     }
 140:C:/Users/leonardo/Desktop/Code/Github/DawnGBC/Libraries/FWLIB/src\gd32f4xx_gpio.c **** 
 141:C:/Users/leonardo/Desktop/Code/Github/DawnGBC/Libraries/FWLIB/src\gd32f4xx_gpio.c ****     /* get the specified pin output speed bits value */
 142:C:/Users/leonardo/Desktop/Code/Github/DawnGBC/Libraries/FWLIB/src\gd32f4xx_gpio.c ****     ospeedr = GPIO_OSPD(gpio_periph);
 400              		.loc 1 142 15
 401 003c FB68     		ldr	r3, [r7, #12]
 402 003e 0833     		adds	r3, r3, #8
 403              		.loc 1 142 13
 404 0040 1B68     		ldr	r3, [r3]
 405 0042 3B61     		str	r3, [r7, #16]
 143:C:/Users/leonardo/Desktop/Code/Github/DawnGBC/Libraries/FWLIB/src\gd32f4xx_gpio.c **** 
 144:C:/Users/leonardo/Desktop/Code/Github/DawnGBC/Libraries/FWLIB/src\gd32f4xx_gpio.c ****     for(i = 0U;i < 16U;i++){
 406              		.loc 1 144 11
 407 0044 0023     		movs	r3, #0
 408 0046 FB82     		strh	r3, [r7, #22]	@ movhi
 409              		.loc 1 144 5
 410 0048 1AE0     		b	.L23
 411              	.L25:
 145:C:/Users/leonardo/Desktop/Code/Github/DawnGBC/Libraries/FWLIB/src\gd32f4xx_gpio.c ****         if((1U << i) & pin){
 412              		.loc 1 145 16
 413 004a FB8A     		ldrh	r3, [r7, #22]
 414 004c 0122     		movs	r2, #1
 415 004e 9A40     		lsls	r2, r2, r3
 416              		.loc 1 145 22
 417 0050 3B68     		ldr	r3, [r7]
 418 0052 1340     		ands	r3, r3, r2
 419              		.loc 1 145 11
 420 0054 002B     		cmp	r3, #0
 421 0056 10D0     		beq	.L24
 146:C:/Users/leonardo/Desktop/Code/Github/DawnGBC/Libraries/FWLIB/src\gd32f4xx_gpio.c ****             /* clear the specified pin output speed bits */
 147:C:/Users/leonardo/Desktop/Code/Github/DawnGBC/Libraries/FWLIB/src\gd32f4xx_gpio.c ****             ospeedr &= ~GPIO_OSPEED_MASK(i);
 422              		.loc 1 147 25
 423 0058 FB8A     		ldrh	r3, [r7, #22]
 424 005a 5B00     		lsls	r3, r3, #1
 425 005c 0322     		movs	r2, #3
 426 005e 02FA03F3 		lsl	r3, r2, r3
 427              		.loc 1 147 24
 428 0062 DB43     		mvns	r3, r3
 429              		.loc 1 147 21
 430 0064 3A69     		ldr	r2, [r7, #16]
 431 0066 1340     		ands	r3, r3, r2
 432 0068 3B61     		str	r3, [r7, #16]
 148:C:/Users/leonardo/Desktop/Code/Github/DawnGBC/Libraries/FWLIB/src\gd32f4xx_gpio.c ****             /* set the specified pin output speed bits */
 149:C:/Users/leonardo/Desktop/Code/Github/DawnGBC/Libraries/FWLIB/src\gd32f4xx_gpio.c ****             ospeedr |= GPIO_OSPEED_SET(i,speed);
 433              		.loc 1 149 24
 434 006a FB8A     		ldrh	r3, [r7, #22]
 435 006c 5B00     		lsls	r3, r3, #1
 436 006e 7A68     		ldr	r2, [r7, #4]
 437 0070 02FA03F3 		lsl	r3, r2, r3
 438              		.loc 1 149 21
 439 0074 3A69     		ldr	r2, [r7, #16]
 440 0076 1343     		orrs	r3, r3, r2
 441 0078 3B61     		str	r3, [r7, #16]
 442              	.L24:
 144:C:/Users/leonardo/Desktop/Code/Github/DawnGBC/Libraries/FWLIB/src\gd32f4xx_gpio.c ****         if((1U << i) & pin){
 443              		.loc 1 144 25 discriminator 2
 444 007a FB8A     		ldrh	r3, [r7, #22]
 445 007c 0133     		adds	r3, r3, #1
 446 007e FB82     		strh	r3, [r7, #22]	@ movhi
 447              	.L23:
 144:C:/Users/leonardo/Desktop/Code/Github/DawnGBC/Libraries/FWLIB/src\gd32f4xx_gpio.c ****         if((1U << i) & pin){
 448              		.loc 1 144 5 discriminator 1
 449 0080 FB8A     		ldrh	r3, [r7, #22]
 450 0082 0F2B     		cmp	r3, #15
 451 0084 E1D9     		bls	.L25
 150:C:/Users/leonardo/Desktop/Code/Github/DawnGBC/Libraries/FWLIB/src\gd32f4xx_gpio.c ****         }
 151:C:/Users/leonardo/Desktop/Code/Github/DawnGBC/Libraries/FWLIB/src\gd32f4xx_gpio.c ****     }
 152:C:/Users/leonardo/Desktop/Code/Github/DawnGBC/Libraries/FWLIB/src\gd32f4xx_gpio.c ****     GPIO_OSPD(gpio_periph) = ospeedr;
 452              		.loc 1 152 5
 453 0086 FB68     		ldr	r3, [r7, #12]
 454 0088 0833     		adds	r3, r3, #8
 455 008a 1A46     		mov	r2, r3
 456              		.loc 1 152 28
 457 008c 3B69     		ldr	r3, [r7, #16]
 458 008e 1360     		str	r3, [r2]
 153:C:/Users/leonardo/Desktop/Code/Github/DawnGBC/Libraries/FWLIB/src\gd32f4xx_gpio.c **** }
 459              		.loc 1 153 1
 460 0090 00BF     		nop
 461 0092 1C37     		adds	r7, r7, #28
 462              		.cfi_def_cfa_offset 4
 463 0094 BD46     		mov	sp, r7
 464              		.cfi_def_cfa_register 13
 465              		@ sp needed
 466 0096 80BC     		pop	{r7}
 467              		.cfi_restore 7
 468              		.cfi_def_cfa_offset 0
 469 0098 7047     		bx	lr
 470              		.cfi_endproc
 471              	.LFE125:
 473              		.section	.text.gpio_bit_set,"ax",%progbits
 474              		.align	1
 475              		.global	gpio_bit_set
 476              		.syntax unified
 477              		.thumb
 478              		.thumb_func
 479              		.fpu softvfp
 481              	gpio_bit_set:
 482              	.LFB126:
 154:C:/Users/leonardo/Desktop/Code/Github/DawnGBC/Libraries/FWLIB/src\gd32f4xx_gpio.c **** 
 155:C:/Users/leonardo/Desktop/Code/Github/DawnGBC/Libraries/FWLIB/src\gd32f4xx_gpio.c **** /*!
 156:C:/Users/leonardo/Desktop/Code/Github/DawnGBC/Libraries/FWLIB/src\gd32f4xx_gpio.c ****     \brief      set GPIO pin
 157:C:/Users/leonardo/Desktop/Code/Github/DawnGBC/Libraries/FWLIB/src\gd32f4xx_gpio.c ****     \param[in]  gpio_periph: GPIOx(x = A,B,C,D,E,F,G,H,I) 
 158:C:/Users/leonardo/Desktop/Code/Github/DawnGBC/Libraries/FWLIB/src\gd32f4xx_gpio.c ****     \param[in]  pin: GPIO_PIN_x(x=0..15), GPIO_PIN_ALL
 159:C:/Users/leonardo/Desktop/Code/Github/DawnGBC/Libraries/FWLIB/src\gd32f4xx_gpio.c ****     \param[out] none
 160:C:/Users/leonardo/Desktop/Code/Github/DawnGBC/Libraries/FWLIB/src\gd32f4xx_gpio.c ****     \retval     none
 161:C:/Users/leonardo/Desktop/Code/Github/DawnGBC/Libraries/FWLIB/src\gd32f4xx_gpio.c **** */
 162:C:/Users/leonardo/Desktop/Code/Github/DawnGBC/Libraries/FWLIB/src\gd32f4xx_gpio.c **** void gpio_bit_set(uint32_t gpio_periph,uint32_t pin)
 163:C:/Users/leonardo/Desktop/Code/Github/DawnGBC/Libraries/FWLIB/src\gd32f4xx_gpio.c **** {
 483              		.loc 1 163 1
 484              		.cfi_startproc
 485              		@ args = 0, pretend = 0, frame = 8
 486              		@ frame_needed = 1, uses_anonymous_args = 0
 487              		@ link register save eliminated.
 488 0000 80B4     		push	{r7}
 489              		.cfi_def_cfa_offset 4
 490              		.cfi_offset 7, -4
 491 0002 83B0     		sub	sp, sp, #12
 492              		.cfi_def_cfa_offset 16
 493 0004 00AF     		add	r7, sp, #0
 494              		.cfi_def_cfa_register 7
 495 0006 7860     		str	r0, [r7, #4]
 496 0008 3960     		str	r1, [r7]
 164:C:/Users/leonardo/Desktop/Code/Github/DawnGBC/Libraries/FWLIB/src\gd32f4xx_gpio.c ****     GPIO_BOP(gpio_periph) = (uint32_t)pin;
 497              		.loc 1 164 5
 498 000a 7B68     		ldr	r3, [r7, #4]
 499 000c 1833     		adds	r3, r3, #24
 500 000e 1A46     		mov	r2, r3
 501              		.loc 1 164 27
 502 0010 3B68     		ldr	r3, [r7]
 503 0012 1360     		str	r3, [r2]
 165:C:/Users/leonardo/Desktop/Code/Github/DawnGBC/Libraries/FWLIB/src\gd32f4xx_gpio.c **** }
 504              		.loc 1 165 1
 505 0014 00BF     		nop
 506 0016 0C37     		adds	r7, r7, #12
 507              		.cfi_def_cfa_offset 4
 508 0018 BD46     		mov	sp, r7
 509              		.cfi_def_cfa_register 13
 510              		@ sp needed
 511 001a 80BC     		pop	{r7}
 512              		.cfi_restore 7
 513              		.cfi_def_cfa_offset 0
 514 001c 7047     		bx	lr
 515              		.cfi_endproc
 516              	.LFE126:
 518              		.section	.text.gpio_bit_reset,"ax",%progbits
 519              		.align	1
 520              		.global	gpio_bit_reset
 521              		.syntax unified
 522              		.thumb
 523              		.thumb_func
 524              		.fpu softvfp
 526              	gpio_bit_reset:
 527              	.LFB127:
 166:C:/Users/leonardo/Desktop/Code/Github/DawnGBC/Libraries/FWLIB/src\gd32f4xx_gpio.c **** 
 167:C:/Users/leonardo/Desktop/Code/Github/DawnGBC/Libraries/FWLIB/src\gd32f4xx_gpio.c **** /*!
 168:C:/Users/leonardo/Desktop/Code/Github/DawnGBC/Libraries/FWLIB/src\gd32f4xx_gpio.c ****     \brief      reset GPIO pin
 169:C:/Users/leonardo/Desktop/Code/Github/DawnGBC/Libraries/FWLIB/src\gd32f4xx_gpio.c ****     \param[in]  gpio_periph: GPIOx(x = A,B,C,D,E,F,G,H,I) 
 170:C:/Users/leonardo/Desktop/Code/Github/DawnGBC/Libraries/FWLIB/src\gd32f4xx_gpio.c ****     \param[in]  pin: GPIO_PIN_x(x=0..15), GPIO_PIN_ALL
 171:C:/Users/leonardo/Desktop/Code/Github/DawnGBC/Libraries/FWLIB/src\gd32f4xx_gpio.c ****     \param[out] none
 172:C:/Users/leonardo/Desktop/Code/Github/DawnGBC/Libraries/FWLIB/src\gd32f4xx_gpio.c ****     \retval     none
 173:C:/Users/leonardo/Desktop/Code/Github/DawnGBC/Libraries/FWLIB/src\gd32f4xx_gpio.c **** */
 174:C:/Users/leonardo/Desktop/Code/Github/DawnGBC/Libraries/FWLIB/src\gd32f4xx_gpio.c **** void gpio_bit_reset(uint32_t gpio_periph,uint32_t pin)
 175:C:/Users/leonardo/Desktop/Code/Github/DawnGBC/Libraries/FWLIB/src\gd32f4xx_gpio.c **** {
 528              		.loc 1 175 1
 529              		.cfi_startproc
 530              		@ args = 0, pretend = 0, frame = 8
 531              		@ frame_needed = 1, uses_anonymous_args = 0
 532              		@ link register save eliminated.
 533 0000 80B4     		push	{r7}
 534              		.cfi_def_cfa_offset 4
 535              		.cfi_offset 7, -4
 536 0002 83B0     		sub	sp, sp, #12
 537              		.cfi_def_cfa_offset 16
 538 0004 00AF     		add	r7, sp, #0
 539              		.cfi_def_cfa_register 7
 540 0006 7860     		str	r0, [r7, #4]
 541 0008 3960     		str	r1, [r7]
 176:C:/Users/leonardo/Desktop/Code/Github/DawnGBC/Libraries/FWLIB/src\gd32f4xx_gpio.c ****     GPIO_BC(gpio_periph) = (uint32_t)pin;
 542              		.loc 1 176 5
 543 000a 7B68     		ldr	r3, [r7, #4]
 544 000c 2833     		adds	r3, r3, #40
 545 000e 1A46     		mov	r2, r3
 546              		.loc 1 176 26
 547 0010 3B68     		ldr	r3, [r7]
 548 0012 1360     		str	r3, [r2]
 177:C:/Users/leonardo/Desktop/Code/Github/DawnGBC/Libraries/FWLIB/src\gd32f4xx_gpio.c **** }
 549              		.loc 1 177 1
 550 0014 00BF     		nop
 551 0016 0C37     		adds	r7, r7, #12
 552              		.cfi_def_cfa_offset 4
 553 0018 BD46     		mov	sp, r7
 554              		.cfi_def_cfa_register 13
 555              		@ sp needed
 556 001a 80BC     		pop	{r7}
 557              		.cfi_restore 7
 558              		.cfi_def_cfa_offset 0
 559 001c 7047     		bx	lr
 560              		.cfi_endproc
 561              	.LFE127:
 563              		.section	.text.gpio_bit_write,"ax",%progbits
 564              		.align	1
 565              		.global	gpio_bit_write
 566              		.syntax unified
 567              		.thumb
 568              		.thumb_func
 569              		.fpu softvfp
 571              	gpio_bit_write:
 572              	.LFB128:
 178:C:/Users/leonardo/Desktop/Code/Github/DawnGBC/Libraries/FWLIB/src\gd32f4xx_gpio.c **** 
 179:C:/Users/leonardo/Desktop/Code/Github/DawnGBC/Libraries/FWLIB/src\gd32f4xx_gpio.c **** /*!
 180:C:/Users/leonardo/Desktop/Code/Github/DawnGBC/Libraries/FWLIB/src\gd32f4xx_gpio.c ****     \brief      write data to the specified GPIO pin
 181:C:/Users/leonardo/Desktop/Code/Github/DawnGBC/Libraries/FWLIB/src\gd32f4xx_gpio.c ****     \param[in]  gpio_periph: GPIOx(x = A,B,C,D,E,F,G,H,I) 
 182:C:/Users/leonardo/Desktop/Code/Github/DawnGBC/Libraries/FWLIB/src\gd32f4xx_gpio.c ****     \param[in]  pin: GPIO_PIN_x(x=0..15), GPIO_PIN_ALL
 183:C:/Users/leonardo/Desktop/Code/Github/DawnGBC/Libraries/FWLIB/src\gd32f4xx_gpio.c ****     \param[in]  bit_value: SET or RESET
 184:C:/Users/leonardo/Desktop/Code/Github/DawnGBC/Libraries/FWLIB/src\gd32f4xx_gpio.c ****       \arg        RESET: clear the port pin
 185:C:/Users/leonardo/Desktop/Code/Github/DawnGBC/Libraries/FWLIB/src\gd32f4xx_gpio.c ****       \arg        SET: set the port pin
 186:C:/Users/leonardo/Desktop/Code/Github/DawnGBC/Libraries/FWLIB/src\gd32f4xx_gpio.c ****     \param[out] none
 187:C:/Users/leonardo/Desktop/Code/Github/DawnGBC/Libraries/FWLIB/src\gd32f4xx_gpio.c ****     \retval     none
 188:C:/Users/leonardo/Desktop/Code/Github/DawnGBC/Libraries/FWLIB/src\gd32f4xx_gpio.c **** */
 189:C:/Users/leonardo/Desktop/Code/Github/DawnGBC/Libraries/FWLIB/src\gd32f4xx_gpio.c **** void gpio_bit_write(uint32_t gpio_periph,uint32_t pin,bit_status bit_value)
 190:C:/Users/leonardo/Desktop/Code/Github/DawnGBC/Libraries/FWLIB/src\gd32f4xx_gpio.c **** {
 573              		.loc 1 190 1
 574              		.cfi_startproc
 575              		@ args = 0, pretend = 0, frame = 16
 576              		@ frame_needed = 1, uses_anonymous_args = 0
 577              		@ link register save eliminated.
 578 0000 80B4     		push	{r7}
 579              		.cfi_def_cfa_offset 4
 580              		.cfi_offset 7, -4
 581 0002 85B0     		sub	sp, sp, #20
 582              		.cfi_def_cfa_offset 24
 583 0004 00AF     		add	r7, sp, #0
 584              		.cfi_def_cfa_register 7
 585 0006 F860     		str	r0, [r7, #12]
 586 0008 B960     		str	r1, [r7, #8]
 587 000a 1346     		mov	r3, r2
 588 000c FB71     		strb	r3, [r7, #7]
 191:C:/Users/leonardo/Desktop/Code/Github/DawnGBC/Libraries/FWLIB/src\gd32f4xx_gpio.c ****     if(RESET != bit_value){
 589              		.loc 1 191 7
 590 000e FB79     		ldrb	r3, [r7, #7]	@ zero_extendqisi2
 591 0010 002B     		cmp	r3, #0
 592 0012 05D0     		beq	.L29
 192:C:/Users/leonardo/Desktop/Code/Github/DawnGBC/Libraries/FWLIB/src\gd32f4xx_gpio.c ****         GPIO_BOP(gpio_periph) = (uint32_t)pin;
 593              		.loc 1 192 9
 594 0014 FB68     		ldr	r3, [r7, #12]
 595 0016 1833     		adds	r3, r3, #24
 596 0018 1A46     		mov	r2, r3
 597              		.loc 1 192 31
 598 001a BB68     		ldr	r3, [r7, #8]
 599 001c 1360     		str	r3, [r2]
 193:C:/Users/leonardo/Desktop/Code/Github/DawnGBC/Libraries/FWLIB/src\gd32f4xx_gpio.c ****     }else{
 194:C:/Users/leonardo/Desktop/Code/Github/DawnGBC/Libraries/FWLIB/src\gd32f4xx_gpio.c ****         GPIO_BC(gpio_periph) = (uint32_t)pin;
 195:C:/Users/leonardo/Desktop/Code/Github/DawnGBC/Libraries/FWLIB/src\gd32f4xx_gpio.c ****     }
 196:C:/Users/leonardo/Desktop/Code/Github/DawnGBC/Libraries/FWLIB/src\gd32f4xx_gpio.c **** }
 600              		.loc 1 196 1
 601 001e 04E0     		b	.L31
 602              	.L29:
 194:C:/Users/leonardo/Desktop/Code/Github/DawnGBC/Libraries/FWLIB/src\gd32f4xx_gpio.c ****     }
 603              		.loc 1 194 9
 604 0020 FB68     		ldr	r3, [r7, #12]
 605 0022 2833     		adds	r3, r3, #40
 606 0024 1A46     		mov	r2, r3
 194:C:/Users/leonardo/Desktop/Code/Github/DawnGBC/Libraries/FWLIB/src\gd32f4xx_gpio.c ****     }
 607              		.loc 1 194 30
 608 0026 BB68     		ldr	r3, [r7, #8]
 609 0028 1360     		str	r3, [r2]
 610              	.L31:
 611              		.loc 1 196 1
 612 002a 00BF     		nop
 613 002c 1437     		adds	r7, r7, #20
 614              		.cfi_def_cfa_offset 4
 615 002e BD46     		mov	sp, r7
 616              		.cfi_def_cfa_register 13
 617              		@ sp needed
 618 0030 80BC     		pop	{r7}
 619              		.cfi_restore 7
 620              		.cfi_def_cfa_offset 0
 621 0032 7047     		bx	lr
 622              		.cfi_endproc
 623              	.LFE128:
 625              		.section	.text.gpio_port_write,"ax",%progbits
 626              		.align	1
 627              		.global	gpio_port_write
 628              		.syntax unified
 629              		.thumb
 630              		.thumb_func
 631              		.fpu softvfp
 633              	gpio_port_write:
 634              	.LFB129:
 197:C:/Users/leonardo/Desktop/Code/Github/DawnGBC/Libraries/FWLIB/src\gd32f4xx_gpio.c **** 
 198:C:/Users/leonardo/Desktop/Code/Github/DawnGBC/Libraries/FWLIB/src\gd32f4xx_gpio.c **** /*!
 199:C:/Users/leonardo/Desktop/Code/Github/DawnGBC/Libraries/FWLIB/src\gd32f4xx_gpio.c ****     \brief      write data to the specified GPIO port
 200:C:/Users/leonardo/Desktop/Code/Github/DawnGBC/Libraries/FWLIB/src\gd32f4xx_gpio.c ****     \param[in]  gpio_periph: GPIOx(x = A,B,C,D,E,F,G,H,I) 
 201:C:/Users/leonardo/Desktop/Code/Github/DawnGBC/Libraries/FWLIB/src\gd32f4xx_gpio.c ****     \param[in]  data: specify the value to be written to the port output data register
 202:C:/Users/leonardo/Desktop/Code/Github/DawnGBC/Libraries/FWLIB/src\gd32f4xx_gpio.c ****     \param[out] none
 203:C:/Users/leonardo/Desktop/Code/Github/DawnGBC/Libraries/FWLIB/src\gd32f4xx_gpio.c ****     \retval     none
 204:C:/Users/leonardo/Desktop/Code/Github/DawnGBC/Libraries/FWLIB/src\gd32f4xx_gpio.c **** */
 205:C:/Users/leonardo/Desktop/Code/Github/DawnGBC/Libraries/FWLIB/src\gd32f4xx_gpio.c **** void gpio_port_write(uint32_t gpio_periph,uint16_t data)
 206:C:/Users/leonardo/Desktop/Code/Github/DawnGBC/Libraries/FWLIB/src\gd32f4xx_gpio.c **** {
 635              		.loc 1 206 1
 636              		.cfi_startproc
 637              		@ args = 0, pretend = 0, frame = 8
 638              		@ frame_needed = 1, uses_anonymous_args = 0
 639              		@ link register save eliminated.
 640 0000 80B4     		push	{r7}
 641              		.cfi_def_cfa_offset 4
 642              		.cfi_offset 7, -4
 643 0002 83B0     		sub	sp, sp, #12
 644              		.cfi_def_cfa_offset 16
 645 0004 00AF     		add	r7, sp, #0
 646              		.cfi_def_cfa_register 7
 647 0006 7860     		str	r0, [r7, #4]
 648 0008 0B46     		mov	r3, r1
 649 000a 7B80     		strh	r3, [r7, #2]	@ movhi
 207:C:/Users/leonardo/Desktop/Code/Github/DawnGBC/Libraries/FWLIB/src\gd32f4xx_gpio.c ****     GPIO_OCTL(gpio_periph) = (uint32_t)data;
 650              		.loc 1 207 5
 651 000c 7B68     		ldr	r3, [r7, #4]
 652 000e 1433     		adds	r3, r3, #20
 653 0010 1A46     		mov	r2, r3
 654              		.loc 1 207 30
 655 0012 7B88     		ldrh	r3, [r7, #2]
 656              		.loc 1 207 28
 657 0014 1360     		str	r3, [r2]
 208:C:/Users/leonardo/Desktop/Code/Github/DawnGBC/Libraries/FWLIB/src\gd32f4xx_gpio.c **** }
 658              		.loc 1 208 1
 659 0016 00BF     		nop
 660 0018 0C37     		adds	r7, r7, #12
 661              		.cfi_def_cfa_offset 4
 662 001a BD46     		mov	sp, r7
 663              		.cfi_def_cfa_register 13
 664              		@ sp needed
 665 001c 80BC     		pop	{r7}
 666              		.cfi_restore 7
 667              		.cfi_def_cfa_offset 0
 668 001e 7047     		bx	lr
 669              		.cfi_endproc
 670              	.LFE129:
 672              		.section	.text.gpio_input_bit_get,"ax",%progbits
 673              		.align	1
 674              		.global	gpio_input_bit_get
 675              		.syntax unified
 676              		.thumb
 677              		.thumb_func
 678              		.fpu softvfp
 680              	gpio_input_bit_get:
 681              	.LFB130:
 209:C:/Users/leonardo/Desktop/Code/Github/DawnGBC/Libraries/FWLIB/src\gd32f4xx_gpio.c **** 
 210:C:/Users/leonardo/Desktop/Code/Github/DawnGBC/Libraries/FWLIB/src\gd32f4xx_gpio.c **** /*!
 211:C:/Users/leonardo/Desktop/Code/Github/DawnGBC/Libraries/FWLIB/src\gd32f4xx_gpio.c ****     \brief      get GPIO pin input status
 212:C:/Users/leonardo/Desktop/Code/Github/DawnGBC/Libraries/FWLIB/src\gd32f4xx_gpio.c ****     \param[in]  gpio_periph: GPIOx(x = A,B,C,D,E,F,G,H,I) 
 213:C:/Users/leonardo/Desktop/Code/Github/DawnGBC/Libraries/FWLIB/src\gd32f4xx_gpio.c ****     \param[in]  pin: GPIO_PIN_x(x=0..15), GPIO_PIN_ALL
 214:C:/Users/leonardo/Desktop/Code/Github/DawnGBC/Libraries/FWLIB/src\gd32f4xx_gpio.c ****     \param[out] none
 215:C:/Users/leonardo/Desktop/Code/Github/DawnGBC/Libraries/FWLIB/src\gd32f4xx_gpio.c ****     \retval     input state of gpio pin: SET or RESET
 216:C:/Users/leonardo/Desktop/Code/Github/DawnGBC/Libraries/FWLIB/src\gd32f4xx_gpio.c **** */
 217:C:/Users/leonardo/Desktop/Code/Github/DawnGBC/Libraries/FWLIB/src\gd32f4xx_gpio.c **** FlagStatus gpio_input_bit_get(uint32_t gpio_periph,uint32_t pin)
 218:C:/Users/leonardo/Desktop/Code/Github/DawnGBC/Libraries/FWLIB/src\gd32f4xx_gpio.c **** {
 682              		.loc 1 218 1
 683              		.cfi_startproc
 684              		@ args = 0, pretend = 0, frame = 8
 685              		@ frame_needed = 1, uses_anonymous_args = 0
 686              		@ link register save eliminated.
 687 0000 80B4     		push	{r7}
 688              		.cfi_def_cfa_offset 4
 689              		.cfi_offset 7, -4
 690 0002 83B0     		sub	sp, sp, #12
 691              		.cfi_def_cfa_offset 16
 692 0004 00AF     		add	r7, sp, #0
 693              		.cfi_def_cfa_register 7
 694 0006 7860     		str	r0, [r7, #4]
 695 0008 3960     		str	r1, [r7]
 219:C:/Users/leonardo/Desktop/Code/Github/DawnGBC/Libraries/FWLIB/src\gd32f4xx_gpio.c ****     if((uint32_t)RESET != (GPIO_ISTAT(gpio_periph)&(pin))){
 696              		.loc 1 219 28
 697 000a 7B68     		ldr	r3, [r7, #4]
 698 000c 1033     		adds	r3, r3, #16
 699 000e 1A68     		ldr	r2, [r3]
 700              		.loc 1 219 51
 701 0010 3B68     		ldr	r3, [r7]
 702 0012 1340     		ands	r3, r3, r2
 703              		.loc 1 219 7
 704 0014 002B     		cmp	r3, #0
 705 0016 01D0     		beq	.L34
 220:C:/Users/leonardo/Desktop/Code/Github/DawnGBC/Libraries/FWLIB/src\gd32f4xx_gpio.c ****         return SET; 
 706              		.loc 1 220 16
 707 0018 0123     		movs	r3, #1
 708 001a 00E0     		b	.L35
 709              	.L34:
 221:C:/Users/leonardo/Desktop/Code/Github/DawnGBC/Libraries/FWLIB/src\gd32f4xx_gpio.c ****     }else{
 222:C:/Users/leonardo/Desktop/Code/Github/DawnGBC/Libraries/FWLIB/src\gd32f4xx_gpio.c ****         return RESET;
 710              		.loc 1 222 16
 711 001c 0023     		movs	r3, #0
 712              	.L35:
 223:C:/Users/leonardo/Desktop/Code/Github/DawnGBC/Libraries/FWLIB/src\gd32f4xx_gpio.c ****     }
 224:C:/Users/leonardo/Desktop/Code/Github/DawnGBC/Libraries/FWLIB/src\gd32f4xx_gpio.c **** }
 713              		.loc 1 224 1
 714 001e 1846     		mov	r0, r3
 715 0020 0C37     		adds	r7, r7, #12
 716              		.cfi_def_cfa_offset 4
 717 0022 BD46     		mov	sp, r7
 718              		.cfi_def_cfa_register 13
 719              		@ sp needed
 720 0024 80BC     		pop	{r7}
 721              		.cfi_restore 7
 722              		.cfi_def_cfa_offset 0
 723 0026 7047     		bx	lr
 724              		.cfi_endproc
 725              	.LFE130:
 727              		.section	.text.gpio_input_port_get,"ax",%progbits
 728              		.align	1
 729              		.global	gpio_input_port_get
 730              		.syntax unified
 731              		.thumb
 732              		.thumb_func
 733              		.fpu softvfp
 735              	gpio_input_port_get:
 736              	.LFB131:
 225:C:/Users/leonardo/Desktop/Code/Github/DawnGBC/Libraries/FWLIB/src\gd32f4xx_gpio.c **** 
 226:C:/Users/leonardo/Desktop/Code/Github/DawnGBC/Libraries/FWLIB/src\gd32f4xx_gpio.c **** /*!
 227:C:/Users/leonardo/Desktop/Code/Github/DawnGBC/Libraries/FWLIB/src\gd32f4xx_gpio.c ****     \brief      get GPIO port input status
 228:C:/Users/leonardo/Desktop/Code/Github/DawnGBC/Libraries/FWLIB/src\gd32f4xx_gpio.c ****     \param[in]  gpio_periph: GPIOx(x = A,B,C,D,E,F,G,H,I) 
 229:C:/Users/leonardo/Desktop/Code/Github/DawnGBC/Libraries/FWLIB/src\gd32f4xx_gpio.c ****     \param[out] none
 230:C:/Users/leonardo/Desktop/Code/Github/DawnGBC/Libraries/FWLIB/src\gd32f4xx_gpio.c ****     \retval     input state of gpio all pins
 231:C:/Users/leonardo/Desktop/Code/Github/DawnGBC/Libraries/FWLIB/src\gd32f4xx_gpio.c **** */
 232:C:/Users/leonardo/Desktop/Code/Github/DawnGBC/Libraries/FWLIB/src\gd32f4xx_gpio.c **** uint16_t gpio_input_port_get(uint32_t gpio_periph)
 233:C:/Users/leonardo/Desktop/Code/Github/DawnGBC/Libraries/FWLIB/src\gd32f4xx_gpio.c **** {
 737              		.loc 1 233 1
 738              		.cfi_startproc
 739              		@ args = 0, pretend = 0, frame = 8
 740              		@ frame_needed = 1, uses_anonymous_args = 0
 741              		@ link register save eliminated.
 742 0000 80B4     		push	{r7}
 743              		.cfi_def_cfa_offset 4
 744              		.cfi_offset 7, -4
 745 0002 83B0     		sub	sp, sp, #12
 746              		.cfi_def_cfa_offset 16
 747 0004 00AF     		add	r7, sp, #0
 748              		.cfi_def_cfa_register 7
 749 0006 7860     		str	r0, [r7, #4]
 234:C:/Users/leonardo/Desktop/Code/Github/DawnGBC/Libraries/FWLIB/src\gd32f4xx_gpio.c ****     return (uint16_t)(GPIO_ISTAT(gpio_periph));
 750              		.loc 1 234 23
 751 0008 7B68     		ldr	r3, [r7, #4]
 752 000a 1033     		adds	r3, r3, #16
 753 000c 1B68     		ldr	r3, [r3]
 754              		.loc 1 234 12
 755 000e 9BB2     		uxth	r3, r3
 235:C:/Users/leonardo/Desktop/Code/Github/DawnGBC/Libraries/FWLIB/src\gd32f4xx_gpio.c **** }
 756              		.loc 1 235 1
 757 0010 1846     		mov	r0, r3
 758 0012 0C37     		adds	r7, r7, #12
 759              		.cfi_def_cfa_offset 4
 760 0014 BD46     		mov	sp, r7
 761              		.cfi_def_cfa_register 13
 762              		@ sp needed
 763 0016 80BC     		pop	{r7}
 764              		.cfi_restore 7
 765              		.cfi_def_cfa_offset 0
 766 0018 7047     		bx	lr
 767              		.cfi_endproc
 768              	.LFE131:
 770              		.section	.text.gpio_output_bit_get,"ax",%progbits
 771              		.align	1
 772              		.global	gpio_output_bit_get
 773              		.syntax unified
 774              		.thumb
 775              		.thumb_func
 776              		.fpu softvfp
 778              	gpio_output_bit_get:
 779              	.LFB132:
 236:C:/Users/leonardo/Desktop/Code/Github/DawnGBC/Libraries/FWLIB/src\gd32f4xx_gpio.c **** 
 237:C:/Users/leonardo/Desktop/Code/Github/DawnGBC/Libraries/FWLIB/src\gd32f4xx_gpio.c **** /*!
 238:C:/Users/leonardo/Desktop/Code/Github/DawnGBC/Libraries/FWLIB/src\gd32f4xx_gpio.c ****     \brief      get GPIO pin output status
 239:C:/Users/leonardo/Desktop/Code/Github/DawnGBC/Libraries/FWLIB/src\gd32f4xx_gpio.c ****     \param[in]  gpio_periph: GPIOx(x = A,B,C,D,E,F,G,H,I) 
 240:C:/Users/leonardo/Desktop/Code/Github/DawnGBC/Libraries/FWLIB/src\gd32f4xx_gpio.c ****     \param[in]  pin: GPIO_PIN_x(x=0..15), GPIO_PIN_ALL
 241:C:/Users/leonardo/Desktop/Code/Github/DawnGBC/Libraries/FWLIB/src\gd32f4xx_gpio.c ****     \param[out] none
 242:C:/Users/leonardo/Desktop/Code/Github/DawnGBC/Libraries/FWLIB/src\gd32f4xx_gpio.c ****     \retval     output state of gpio pin: SET or RESET
 243:C:/Users/leonardo/Desktop/Code/Github/DawnGBC/Libraries/FWLIB/src\gd32f4xx_gpio.c **** */
 244:C:/Users/leonardo/Desktop/Code/Github/DawnGBC/Libraries/FWLIB/src\gd32f4xx_gpio.c **** FlagStatus gpio_output_bit_get(uint32_t gpio_periph,uint32_t pin)
 245:C:/Users/leonardo/Desktop/Code/Github/DawnGBC/Libraries/FWLIB/src\gd32f4xx_gpio.c **** {
 780              		.loc 1 245 1
 781              		.cfi_startproc
 782              		@ args = 0, pretend = 0, frame = 8
 783              		@ frame_needed = 1, uses_anonymous_args = 0
 784              		@ link register save eliminated.
 785 0000 80B4     		push	{r7}
 786              		.cfi_def_cfa_offset 4
 787              		.cfi_offset 7, -4
 788 0002 83B0     		sub	sp, sp, #12
 789              		.cfi_def_cfa_offset 16
 790 0004 00AF     		add	r7, sp, #0
 791              		.cfi_def_cfa_register 7
 792 0006 7860     		str	r0, [r7, #4]
 793 0008 3960     		str	r1, [r7]
 246:C:/Users/leonardo/Desktop/Code/Github/DawnGBC/Libraries/FWLIB/src\gd32f4xx_gpio.c ****     if((uint32_t)RESET !=(GPIO_OCTL(gpio_periph)&(pin))){
 794              		.loc 1 246 27
 795 000a 7B68     		ldr	r3, [r7, #4]
 796 000c 1433     		adds	r3, r3, #20
 797 000e 1A68     		ldr	r2, [r3]
 798              		.loc 1 246 49
 799 0010 3B68     		ldr	r3, [r7]
 800 0012 1340     		ands	r3, r3, r2
 801              		.loc 1 246 7
 802 0014 002B     		cmp	r3, #0
 803 0016 01D0     		beq	.L39
 247:C:/Users/leonardo/Desktop/Code/Github/DawnGBC/Libraries/FWLIB/src\gd32f4xx_gpio.c ****         return SET;
 804              		.loc 1 247 16
 805 0018 0123     		movs	r3, #1
 806 001a 00E0     		b	.L40
 807              	.L39:
 248:C:/Users/leonardo/Desktop/Code/Github/DawnGBC/Libraries/FWLIB/src\gd32f4xx_gpio.c ****     }else{
 249:C:/Users/leonardo/Desktop/Code/Github/DawnGBC/Libraries/FWLIB/src\gd32f4xx_gpio.c ****         return RESET;
 808              		.loc 1 249 16
 809 001c 0023     		movs	r3, #0
 810              	.L40:
 250:C:/Users/leonardo/Desktop/Code/Github/DawnGBC/Libraries/FWLIB/src\gd32f4xx_gpio.c ****     }
 251:C:/Users/leonardo/Desktop/Code/Github/DawnGBC/Libraries/FWLIB/src\gd32f4xx_gpio.c **** }
 811              		.loc 1 251 1
 812 001e 1846     		mov	r0, r3
 813 0020 0C37     		adds	r7, r7, #12
 814              		.cfi_def_cfa_offset 4
 815 0022 BD46     		mov	sp, r7
 816              		.cfi_def_cfa_register 13
 817              		@ sp needed
 818 0024 80BC     		pop	{r7}
 819              		.cfi_restore 7
 820              		.cfi_def_cfa_offset 0
 821 0026 7047     		bx	lr
 822              		.cfi_endproc
 823              	.LFE132:
 825              		.section	.text.gpio_output_port_get,"ax",%progbits
 826              		.align	1
 827              		.global	gpio_output_port_get
 828              		.syntax unified
 829              		.thumb
 830              		.thumb_func
 831              		.fpu softvfp
 833              	gpio_output_port_get:
 834              	.LFB133:
 252:C:/Users/leonardo/Desktop/Code/Github/DawnGBC/Libraries/FWLIB/src\gd32f4xx_gpio.c **** 
 253:C:/Users/leonardo/Desktop/Code/Github/DawnGBC/Libraries/FWLIB/src\gd32f4xx_gpio.c **** /*!
 254:C:/Users/leonardo/Desktop/Code/Github/DawnGBC/Libraries/FWLIB/src\gd32f4xx_gpio.c ****     \brief      get GPIO port output status
 255:C:/Users/leonardo/Desktop/Code/Github/DawnGBC/Libraries/FWLIB/src\gd32f4xx_gpio.c ****     \param[in]  gpio_periph: GPIOx(x = A,B,C,D,E,F,G,H,I) 
 256:C:/Users/leonardo/Desktop/Code/Github/DawnGBC/Libraries/FWLIB/src\gd32f4xx_gpio.c ****     \param[out] none
 257:C:/Users/leonardo/Desktop/Code/Github/DawnGBC/Libraries/FWLIB/src\gd32f4xx_gpio.c ****     \retval     output state of gpio all pins
 258:C:/Users/leonardo/Desktop/Code/Github/DawnGBC/Libraries/FWLIB/src\gd32f4xx_gpio.c **** */
 259:C:/Users/leonardo/Desktop/Code/Github/DawnGBC/Libraries/FWLIB/src\gd32f4xx_gpio.c **** uint16_t gpio_output_port_get(uint32_t gpio_periph)
 260:C:/Users/leonardo/Desktop/Code/Github/DawnGBC/Libraries/FWLIB/src\gd32f4xx_gpio.c **** {
 835              		.loc 1 260 1
 836              		.cfi_startproc
 837              		@ args = 0, pretend = 0, frame = 8
 838              		@ frame_needed = 1, uses_anonymous_args = 0
 839              		@ link register save eliminated.
 840 0000 80B4     		push	{r7}
 841              		.cfi_def_cfa_offset 4
 842              		.cfi_offset 7, -4
 843 0002 83B0     		sub	sp, sp, #12
 844              		.cfi_def_cfa_offset 16
 845 0004 00AF     		add	r7, sp, #0
 846              		.cfi_def_cfa_register 7
 847 0006 7860     		str	r0, [r7, #4]
 261:C:/Users/leonardo/Desktop/Code/Github/DawnGBC/Libraries/FWLIB/src\gd32f4xx_gpio.c ****     return ((uint16_t)GPIO_OCTL(gpio_periph));
 848              		.loc 1 261 23
 849 0008 7B68     		ldr	r3, [r7, #4]
 850 000a 1433     		adds	r3, r3, #20
 851 000c 1B68     		ldr	r3, [r3]
 852              		.loc 1 261 13
 853 000e 9BB2     		uxth	r3, r3
 262:C:/Users/leonardo/Desktop/Code/Github/DawnGBC/Libraries/FWLIB/src\gd32f4xx_gpio.c **** }
 854              		.loc 1 262 1
 855 0010 1846     		mov	r0, r3
 856 0012 0C37     		adds	r7, r7, #12
 857              		.cfi_def_cfa_offset 4
 858 0014 BD46     		mov	sp, r7
 859              		.cfi_def_cfa_register 13
 860              		@ sp needed
 861 0016 80BC     		pop	{r7}
 862              		.cfi_restore 7
 863              		.cfi_def_cfa_offset 0
 864 0018 7047     		bx	lr
 865              		.cfi_endproc
 866              	.LFE133:
 868              		.section	.text.gpio_af_set,"ax",%progbits
 869              		.align	1
 870              		.global	gpio_af_set
 871              		.syntax unified
 872              		.thumb
 873              		.thumb_func
 874              		.fpu softvfp
 876              	gpio_af_set:
 877              	.LFB134:
 263:C:/Users/leonardo/Desktop/Code/Github/DawnGBC/Libraries/FWLIB/src\gd32f4xx_gpio.c **** 
 264:C:/Users/leonardo/Desktop/Code/Github/DawnGBC/Libraries/FWLIB/src\gd32f4xx_gpio.c **** /*!
 265:C:/Users/leonardo/Desktop/Code/Github/DawnGBC/Libraries/FWLIB/src\gd32f4xx_gpio.c ****     \brief      set GPIO alternate function
 266:C:/Users/leonardo/Desktop/Code/Github/DawnGBC/Libraries/FWLIB/src\gd32f4xx_gpio.c ****     \param[in]  gpio_periph: GPIOx(x = A,B,C,D,E,F,G,H,I) 
 267:C:/Users/leonardo/Desktop/Code/Github/DawnGBC/Libraries/FWLIB/src\gd32f4xx_gpio.c ****     \param[in]  alt_func_num: gpio pin af function
 268:C:/Users/leonardo/Desktop/Code/Github/DawnGBC/Libraries/FWLIB/src\gd32f4xx_gpio.c ****       \arg        GPIO_AF_0: SYSTEM
 269:C:/Users/leonardo/Desktop/Code/Github/DawnGBC/Libraries/FWLIB/src\gd32f4xx_gpio.c ****       \arg        GPIO_AF_1: TIMER0, TIMER1
 270:C:/Users/leonardo/Desktop/Code/Github/DawnGBC/Libraries/FWLIB/src\gd32f4xx_gpio.c ****       \arg        GPIO_AF_2: TIMER2, TIMER3, TIMER4
 271:C:/Users/leonardo/Desktop/Code/Github/DawnGBC/Libraries/FWLIB/src\gd32f4xx_gpio.c ****       \arg        GPIO_AF_3: TIMER7, TIMER8, TIMER9, TIMER10
 272:C:/Users/leonardo/Desktop/Code/Github/DawnGBC/Libraries/FWLIB/src\gd32f4xx_gpio.c ****       \arg        GPIO_AF_4: I2C0, I2C1, I2C2
 273:C:/Users/leonardo/Desktop/Code/Github/DawnGBC/Libraries/FWLIB/src\gd32f4xx_gpio.c ****       \arg        GPIO_AF_5: SPI0, SPI1, SPI2, SPI3, SPI4, SPI5
 274:C:/Users/leonardo/Desktop/Code/Github/DawnGBC/Libraries/FWLIB/src\gd32f4xx_gpio.c ****       \arg        GPIO_AF_6: SPI1, SPI2, SAI0 
 275:C:/Users/leonardo/Desktop/Code/Github/DawnGBC/Libraries/FWLIB/src\gd32f4xx_gpio.c ****       \arg        GPIO_AF_7: USART0, USART1, USART2
 276:C:/Users/leonardo/Desktop/Code/Github/DawnGBC/Libraries/FWLIB/src\gd32f4xx_gpio.c ****       \arg        GPIO_AF_8: UART3, UART4, USART5, UART6, UART7
 277:C:/Users/leonardo/Desktop/Code/Github/DawnGBC/Libraries/FWLIB/src\gd32f4xx_gpio.c ****       \arg        GPIO_AF_9: CAN0, CAN1, TLI, TIMER11, TIMER12, TIMER13
 278:C:/Users/leonardo/Desktop/Code/Github/DawnGBC/Libraries/FWLIB/src\gd32f4xx_gpio.c ****       \arg        GPIO_AF_10: USB_FS, USB_HS
 279:C:/Users/leonardo/Desktop/Code/Github/DawnGBC/Libraries/FWLIB/src\gd32f4xx_gpio.c ****       \arg        GPIO_AF_11: ENET
 280:C:/Users/leonardo/Desktop/Code/Github/DawnGBC/Libraries/FWLIB/src\gd32f4xx_gpio.c ****       \arg        GPIO_AF_12: FMC, SDIO, USB_HS
 281:C:/Users/leonardo/Desktop/Code/Github/DawnGBC/Libraries/FWLIB/src\gd32f4xx_gpio.c ****       \arg        GPIO_AF_13: DCI
 282:C:/Users/leonardo/Desktop/Code/Github/DawnGBC/Libraries/FWLIB/src\gd32f4xx_gpio.c ****       \arg        GPIO_AF_14: TLI
 283:C:/Users/leonardo/Desktop/Code/Github/DawnGBC/Libraries/FWLIB/src\gd32f4xx_gpio.c ****       \arg        GPIO_AF_15: EVENTOUT
 284:C:/Users/leonardo/Desktop/Code/Github/DawnGBC/Libraries/FWLIB/src\gd32f4xx_gpio.c ****     \param[in]  pin: GPIO_PIN_x(x=0..15), GPIO_PIN_ALL
 285:C:/Users/leonardo/Desktop/Code/Github/DawnGBC/Libraries/FWLIB/src\gd32f4xx_gpio.c ****     \param[out] none
 286:C:/Users/leonardo/Desktop/Code/Github/DawnGBC/Libraries/FWLIB/src\gd32f4xx_gpio.c ****     \retval     none
 287:C:/Users/leonardo/Desktop/Code/Github/DawnGBC/Libraries/FWLIB/src\gd32f4xx_gpio.c **** */
 288:C:/Users/leonardo/Desktop/Code/Github/DawnGBC/Libraries/FWLIB/src\gd32f4xx_gpio.c **** void gpio_af_set(uint32_t gpio_periph,uint32_t alt_func_num,uint32_t pin)
 289:C:/Users/leonardo/Desktop/Code/Github/DawnGBC/Libraries/FWLIB/src\gd32f4xx_gpio.c **** {
 878              		.loc 1 289 1
 879              		.cfi_startproc
 880              		@ args = 0, pretend = 0, frame = 32
 881              		@ frame_needed = 1, uses_anonymous_args = 0
 882              		@ link register save eliminated.
 883 0000 80B4     		push	{r7}
 884              		.cfi_def_cfa_offset 4
 885              		.cfi_offset 7, -4
 886 0002 89B0     		sub	sp, sp, #36
 887              		.cfi_def_cfa_offset 40
 888 0004 00AF     		add	r7, sp, #0
 889              		.cfi_def_cfa_register 7
 890 0006 F860     		str	r0, [r7, #12]
 891 0008 B960     		str	r1, [r7, #8]
 892 000a 7A60     		str	r2, [r7, #4]
 290:C:/Users/leonardo/Desktop/Code/Github/DawnGBC/Libraries/FWLIB/src\gd32f4xx_gpio.c ****     uint16_t i;
 291:C:/Users/leonardo/Desktop/Code/Github/DawnGBC/Libraries/FWLIB/src\gd32f4xx_gpio.c ****     uint32_t afrl, afrh;
 292:C:/Users/leonardo/Desktop/Code/Github/DawnGBC/Libraries/FWLIB/src\gd32f4xx_gpio.c **** 
 293:C:/Users/leonardo/Desktop/Code/Github/DawnGBC/Libraries/FWLIB/src\gd32f4xx_gpio.c ****     afrl = GPIO_AFSEL0(gpio_periph);
 893              		.loc 1 293 12
 894 000c FB68     		ldr	r3, [r7, #12]
 895 000e 2033     		adds	r3, r3, #32
 896              		.loc 1 293 10
 897 0010 1B68     		ldr	r3, [r3]
 898 0012 BB61     		str	r3, [r7, #24]
 294:C:/Users/leonardo/Desktop/Code/Github/DawnGBC/Libraries/FWLIB/src\gd32f4xx_gpio.c ****     afrh = GPIO_AFSEL1(gpio_periph);
 899              		.loc 1 294 12
 900 0014 FB68     		ldr	r3, [r7, #12]
 901 0016 2433     		adds	r3, r3, #36
 902              		.loc 1 294 10
 903 0018 1B68     		ldr	r3, [r3]
 904 001a 7B61     		str	r3, [r7, #20]
 295:C:/Users/leonardo/Desktop/Code/Github/DawnGBC/Libraries/FWLIB/src\gd32f4xx_gpio.c **** 
 296:C:/Users/leonardo/Desktop/Code/Github/DawnGBC/Libraries/FWLIB/src\gd32f4xx_gpio.c ****     for(i = 0U;i < 8U;i++){
 905              		.loc 1 296 11
 906 001c 0023     		movs	r3, #0
 907 001e FB83     		strh	r3, [r7, #30]	@ movhi
 908              		.loc 1 296 5
 909 0020 1AE0     		b	.L44
 910              	.L46:
 297:C:/Users/leonardo/Desktop/Code/Github/DawnGBC/Libraries/FWLIB/src\gd32f4xx_gpio.c ****         if((1U << i) & pin){
 911              		.loc 1 297 16
 912 0022 FB8B     		ldrh	r3, [r7, #30]
 913 0024 0122     		movs	r2, #1
 914 0026 9A40     		lsls	r2, r2, r3
 915              		.loc 1 297 22
 916 0028 7B68     		ldr	r3, [r7, #4]
 917 002a 1340     		ands	r3, r3, r2
 918              		.loc 1 297 11
 919 002c 002B     		cmp	r3, #0
 920 002e 10D0     		beq	.L45
 298:C:/Users/leonardo/Desktop/Code/Github/DawnGBC/Libraries/FWLIB/src\gd32f4xx_gpio.c ****             /* clear the specified pin alternate function bits */
 299:C:/Users/leonardo/Desktop/Code/Github/DawnGBC/Libraries/FWLIB/src\gd32f4xx_gpio.c ****             afrl &= ~GPIO_AFR_MASK(i);
 921              		.loc 1 299 22
 922 0030 FB8B     		ldrh	r3, [r7, #30]
 923 0032 9B00     		lsls	r3, r3, #2
 924 0034 0F22     		movs	r2, #15
 925 0036 02FA03F3 		lsl	r3, r2, r3
 926              		.loc 1 299 21
 927 003a DB43     		mvns	r3, r3
 928              		.loc 1 299 18
 929 003c BA69     		ldr	r2, [r7, #24]
 930 003e 1340     		ands	r3, r3, r2
 931 0040 BB61     		str	r3, [r7, #24]
 300:C:/Users/leonardo/Desktop/Code/Github/DawnGBC/Libraries/FWLIB/src\gd32f4xx_gpio.c ****             afrl |= GPIO_AFR_SET(i,alt_func_num);
 932              		.loc 1 300 21
 933 0042 FB8B     		ldrh	r3, [r7, #30]
 934 0044 9B00     		lsls	r3, r3, #2
 935 0046 BA68     		ldr	r2, [r7, #8]
 936 0048 02FA03F3 		lsl	r3, r2, r3
 937              		.loc 1 300 18
 938 004c BA69     		ldr	r2, [r7, #24]
 939 004e 1343     		orrs	r3, r3, r2
 940 0050 BB61     		str	r3, [r7, #24]
 941              	.L45:
 296:C:/Users/leonardo/Desktop/Code/Github/DawnGBC/Libraries/FWLIB/src\gd32f4xx_gpio.c ****         if((1U << i) & pin){
 942              		.loc 1 296 24 discriminator 2
 943 0052 FB8B     		ldrh	r3, [r7, #30]
 944 0054 0133     		adds	r3, r3, #1
 945 0056 FB83     		strh	r3, [r7, #30]	@ movhi
 946              	.L44:
 296:C:/Users/leonardo/Desktop/Code/Github/DawnGBC/Libraries/FWLIB/src\gd32f4xx_gpio.c ****         if((1U << i) & pin){
 947              		.loc 1 296 5 discriminator 1
 948 0058 FB8B     		ldrh	r3, [r7, #30]
 949 005a 072B     		cmp	r3, #7
 950 005c E1D9     		bls	.L46
 301:C:/Users/leonardo/Desktop/Code/Github/DawnGBC/Libraries/FWLIB/src\gd32f4xx_gpio.c ****         }
 302:C:/Users/leonardo/Desktop/Code/Github/DawnGBC/Libraries/FWLIB/src\gd32f4xx_gpio.c ****     }
 303:C:/Users/leonardo/Desktop/Code/Github/DawnGBC/Libraries/FWLIB/src\gd32f4xx_gpio.c **** 
 304:C:/Users/leonardo/Desktop/Code/Github/DawnGBC/Libraries/FWLIB/src\gd32f4xx_gpio.c ****     for(i = 8U;i < 16U;i++){
 951              		.loc 1 304 11
 952 005e 0823     		movs	r3, #8
 953 0060 FB83     		strh	r3, [r7, #30]	@ movhi
 954              		.loc 1 304 5
 955 0062 1CE0     		b	.L47
 956              	.L49:
 305:C:/Users/leonardo/Desktop/Code/Github/DawnGBC/Libraries/FWLIB/src\gd32f4xx_gpio.c ****         if((1U << i) & pin){
 957              		.loc 1 305 16
 958 0064 FB8B     		ldrh	r3, [r7, #30]
 959 0066 0122     		movs	r2, #1
 960 0068 9A40     		lsls	r2, r2, r3
 961              		.loc 1 305 22
 962 006a 7B68     		ldr	r3, [r7, #4]
 963 006c 1340     		ands	r3, r3, r2
 964              		.loc 1 305 11
 965 006e 002B     		cmp	r3, #0
 966 0070 12D0     		beq	.L48
 306:C:/Users/leonardo/Desktop/Code/Github/DawnGBC/Libraries/FWLIB/src\gd32f4xx_gpio.c ****             /* clear the specified pin alternate function bits */
 307:C:/Users/leonardo/Desktop/Code/Github/DawnGBC/Libraries/FWLIB/src\gd32f4xx_gpio.c ****             afrh &= ~GPIO_AFR_MASK(i - 8U);
 967              		.loc 1 307 22
 968 0072 FB8B     		ldrh	r3, [r7, #30]
 969 0074 083B     		subs	r3, r3, #8
 970 0076 9B00     		lsls	r3, r3, #2
 971 0078 0F22     		movs	r2, #15
 972 007a 02FA03F3 		lsl	r3, r2, r3
 973              		.loc 1 307 21
 974 007e DB43     		mvns	r3, r3
 975              		.loc 1 307 18
 976 0080 7A69     		ldr	r2, [r7, #20]
 977 0082 1340     		ands	r3, r3, r2
 978 0084 7B61     		str	r3, [r7, #20]
 308:C:/Users/leonardo/Desktop/Code/Github/DawnGBC/Libraries/FWLIB/src\gd32f4xx_gpio.c ****             afrh |= GPIO_AFR_SET(i - 8U,alt_func_num);
 979              		.loc 1 308 21
 980 0086 FB8B     		ldrh	r3, [r7, #30]
 981 0088 083B     		subs	r3, r3, #8
 982 008a 9B00     		lsls	r3, r3, #2
 983 008c BA68     		ldr	r2, [r7, #8]
 984 008e 02FA03F3 		lsl	r3, r2, r3
 985              		.loc 1 308 18
 986 0092 7A69     		ldr	r2, [r7, #20]
 987 0094 1343     		orrs	r3, r3, r2
 988 0096 7B61     		str	r3, [r7, #20]
 989              	.L48:
 304:C:/Users/leonardo/Desktop/Code/Github/DawnGBC/Libraries/FWLIB/src\gd32f4xx_gpio.c ****         if((1U << i) & pin){
 990              		.loc 1 304 25 discriminator 2
 991 0098 FB8B     		ldrh	r3, [r7, #30]
 992 009a 0133     		adds	r3, r3, #1
 993 009c FB83     		strh	r3, [r7, #30]	@ movhi
 994              	.L47:
 304:C:/Users/leonardo/Desktop/Code/Github/DawnGBC/Libraries/FWLIB/src\gd32f4xx_gpio.c ****         if((1U << i) & pin){
 995              		.loc 1 304 5 discriminator 1
 996 009e FB8B     		ldrh	r3, [r7, #30]
 997 00a0 0F2B     		cmp	r3, #15
 998 00a2 DFD9     		bls	.L49
 309:C:/Users/leonardo/Desktop/Code/Github/DawnGBC/Libraries/FWLIB/src\gd32f4xx_gpio.c ****         }
 310:C:/Users/leonardo/Desktop/Code/Github/DawnGBC/Libraries/FWLIB/src\gd32f4xx_gpio.c ****     }
 311:C:/Users/leonardo/Desktop/Code/Github/DawnGBC/Libraries/FWLIB/src\gd32f4xx_gpio.c **** 
 312:C:/Users/leonardo/Desktop/Code/Github/DawnGBC/Libraries/FWLIB/src\gd32f4xx_gpio.c ****     GPIO_AFSEL0(gpio_periph) = afrl;
 999              		.loc 1 312 5
 1000 00a4 FB68     		ldr	r3, [r7, #12]
 1001 00a6 2033     		adds	r3, r3, #32
 1002 00a8 1A46     		mov	r2, r3
 1003              		.loc 1 312 30
 1004 00aa BB69     		ldr	r3, [r7, #24]
 1005 00ac 1360     		str	r3, [r2]
 313:C:/Users/leonardo/Desktop/Code/Github/DawnGBC/Libraries/FWLIB/src\gd32f4xx_gpio.c ****     GPIO_AFSEL1(gpio_periph) = afrh;
 1006              		.loc 1 313 5
 1007 00ae FB68     		ldr	r3, [r7, #12]
 1008 00b0 2433     		adds	r3, r3, #36
 1009 00b2 1A46     		mov	r2, r3
 1010              		.loc 1 313 30
 1011 00b4 7B69     		ldr	r3, [r7, #20]
 1012 00b6 1360     		str	r3, [r2]
 314:C:/Users/leonardo/Desktop/Code/Github/DawnGBC/Libraries/FWLIB/src\gd32f4xx_gpio.c **** }
 1013              		.loc 1 314 1
 1014 00b8 00BF     		nop
 1015 00ba 2437     		adds	r7, r7, #36
 1016              		.cfi_def_cfa_offset 4
 1017 00bc BD46     		mov	sp, r7
 1018              		.cfi_def_cfa_register 13
 1019              		@ sp needed
 1020 00be 80BC     		pop	{r7}
 1021              		.cfi_restore 7
 1022              		.cfi_def_cfa_offset 0
 1023 00c0 7047     		bx	lr
 1024              		.cfi_endproc
 1025              	.LFE134:
 1027              		.section	.text.gpio_pin_lock,"ax",%progbits
 1028              		.align	1
 1029              		.global	gpio_pin_lock
 1030              		.syntax unified
 1031              		.thumb
 1032              		.thumb_func
 1033              		.fpu softvfp
 1035              	gpio_pin_lock:
 1036              	.LFB135:
 315:C:/Users/leonardo/Desktop/Code/Github/DawnGBC/Libraries/FWLIB/src\gd32f4xx_gpio.c **** 
 316:C:/Users/leonardo/Desktop/Code/Github/DawnGBC/Libraries/FWLIB/src\gd32f4xx_gpio.c **** /*!
 317:C:/Users/leonardo/Desktop/Code/Github/DawnGBC/Libraries/FWLIB/src\gd32f4xx_gpio.c ****     \brief      lock GPIO pin
 318:C:/Users/leonardo/Desktop/Code/Github/DawnGBC/Libraries/FWLIB/src\gd32f4xx_gpio.c ****     \param[in]  gpio_periph: GPIOx(x = A,B,C,D,E,F,G,H,I) 
 319:C:/Users/leonardo/Desktop/Code/Github/DawnGBC/Libraries/FWLIB/src\gd32f4xx_gpio.c ****     \param[in]  pin: GPIO_PIN_x(x=0..15), GPIO_PIN_ALL
 320:C:/Users/leonardo/Desktop/Code/Github/DawnGBC/Libraries/FWLIB/src\gd32f4xx_gpio.c ****     \param[out] none
 321:C:/Users/leonardo/Desktop/Code/Github/DawnGBC/Libraries/FWLIB/src\gd32f4xx_gpio.c ****     \retval     none
 322:C:/Users/leonardo/Desktop/Code/Github/DawnGBC/Libraries/FWLIB/src\gd32f4xx_gpio.c **** */
 323:C:/Users/leonardo/Desktop/Code/Github/DawnGBC/Libraries/FWLIB/src\gd32f4xx_gpio.c **** void gpio_pin_lock(uint32_t gpio_periph,uint32_t pin)
 324:C:/Users/leonardo/Desktop/Code/Github/DawnGBC/Libraries/FWLIB/src\gd32f4xx_gpio.c **** {
 1037              		.loc 1 324 1
 1038              		.cfi_startproc
 1039              		@ args = 0, pretend = 0, frame = 16
 1040              		@ frame_needed = 1, uses_anonymous_args = 0
 1041              		@ link register save eliminated.
 1042 0000 80B4     		push	{r7}
 1043              		.cfi_def_cfa_offset 4
 1044              		.cfi_offset 7, -4
 1045 0002 85B0     		sub	sp, sp, #20
 1046              		.cfi_def_cfa_offset 24
 1047 0004 00AF     		add	r7, sp, #0
 1048              		.cfi_def_cfa_register 7
 1049 0006 7860     		str	r0, [r7, #4]
 1050 0008 3960     		str	r1, [r7]
 325:C:/Users/leonardo/Desktop/Code/Github/DawnGBC/Libraries/FWLIB/src\gd32f4xx_gpio.c ****     uint32_t lock = 0x00010000U;
 1051              		.loc 1 325 14
 1052 000a 4FF48033 		mov	r3, #65536
 1053 000e FB60     		str	r3, [r7, #12]
 326:C:/Users/leonardo/Desktop/Code/Github/DawnGBC/Libraries/FWLIB/src\gd32f4xx_gpio.c ****     lock |= pin;
 1054              		.loc 1 326 10
 1055 0010 FA68     		ldr	r2, [r7, #12]
 1056 0012 3B68     		ldr	r3, [r7]
 1057 0014 1343     		orrs	r3, r3, r2
 1058 0016 FB60     		str	r3, [r7, #12]
 327:C:/Users/leonardo/Desktop/Code/Github/DawnGBC/Libraries/FWLIB/src\gd32f4xx_gpio.c **** 
 328:C:/Users/leonardo/Desktop/Code/Github/DawnGBC/Libraries/FWLIB/src\gd32f4xx_gpio.c ****     /* lock key writing sequence: write 1->write 0->write 1->read 0->read 1 */
 329:C:/Users/leonardo/Desktop/Code/Github/DawnGBC/Libraries/FWLIB/src\gd32f4xx_gpio.c ****     GPIO_LOCK(gpio_periph) = (uint32_t)lock;
 1059              		.loc 1 329 5
 1060 0018 7B68     		ldr	r3, [r7, #4]
 1061 001a 1C33     		adds	r3, r3, #28
 1062 001c 1A46     		mov	r2, r3
 1063              		.loc 1 329 28
 1064 001e FB68     		ldr	r3, [r7, #12]
 1065 0020 1360     		str	r3, [r2]
 330:C:/Users/leonardo/Desktop/Code/Github/DawnGBC/Libraries/FWLIB/src\gd32f4xx_gpio.c ****     GPIO_LOCK(gpio_periph) = (uint32_t)pin;
 1066              		.loc 1 330 5
 1067 0022 7B68     		ldr	r3, [r7, #4]
 1068 0024 1C33     		adds	r3, r3, #28
 1069 0026 1A46     		mov	r2, r3
 1070              		.loc 1 330 28
 1071 0028 3B68     		ldr	r3, [r7]
 1072 002a 1360     		str	r3, [r2]
 331:C:/Users/leonardo/Desktop/Code/Github/DawnGBC/Libraries/FWLIB/src\gd32f4xx_gpio.c ****     GPIO_LOCK(gpio_periph) = (uint32_t)lock;
 1073              		.loc 1 331 5
 1074 002c 7B68     		ldr	r3, [r7, #4]
 1075 002e 1C33     		adds	r3, r3, #28
 1076 0030 1A46     		mov	r2, r3
 1077              		.loc 1 331 28
 1078 0032 FB68     		ldr	r3, [r7, #12]
 1079 0034 1360     		str	r3, [r2]
 332:C:/Users/leonardo/Desktop/Code/Github/DawnGBC/Libraries/FWLIB/src\gd32f4xx_gpio.c ****     lock = GPIO_LOCK(gpio_periph);
 1080              		.loc 1 332 12
 1081 0036 7B68     		ldr	r3, [r7, #4]
 1082 0038 1C33     		adds	r3, r3, #28
 1083              		.loc 1 332 10
 1084 003a 1B68     		ldr	r3, [r3]
 1085 003c FB60     		str	r3, [r7, #12]
 333:C:/Users/leonardo/Desktop/Code/Github/DawnGBC/Libraries/FWLIB/src\gd32f4xx_gpio.c ****     lock = GPIO_LOCK(gpio_periph);
 1086              		.loc 1 333 12
 1087 003e 7B68     		ldr	r3, [r7, #4]
 1088 0040 1C33     		adds	r3, r3, #28
 1089              		.loc 1 333 10
 1090 0042 1B68     		ldr	r3, [r3]
 1091 0044 FB60     		str	r3, [r7, #12]
 334:C:/Users/leonardo/Desktop/Code/Github/DawnGBC/Libraries/FWLIB/src\gd32f4xx_gpio.c **** }
 1092              		.loc 1 334 1
 1093 0046 00BF     		nop
 1094 0048 1437     		adds	r7, r7, #20
 1095              		.cfi_def_cfa_offset 4
 1096 004a BD46     		mov	sp, r7
 1097              		.cfi_def_cfa_register 13
 1098              		@ sp needed
 1099 004c 80BC     		pop	{r7}
 1100              		.cfi_restore 7
 1101              		.cfi_def_cfa_offset 0
 1102 004e 7047     		bx	lr
 1103              		.cfi_endproc
 1104              	.LFE135:
 1106              		.section	.text.gpio_bit_toggle,"ax",%progbits
 1107              		.align	1
 1108              		.global	gpio_bit_toggle
 1109              		.syntax unified
 1110              		.thumb
 1111              		.thumb_func
 1112              		.fpu softvfp
 1114              	gpio_bit_toggle:
 1115              	.LFB136:
 335:C:/Users/leonardo/Desktop/Code/Github/DawnGBC/Libraries/FWLIB/src\gd32f4xx_gpio.c **** 
 336:C:/Users/leonardo/Desktop/Code/Github/DawnGBC/Libraries/FWLIB/src\gd32f4xx_gpio.c **** /*!
 337:C:/Users/leonardo/Desktop/Code/Github/DawnGBC/Libraries/FWLIB/src\gd32f4xx_gpio.c ****     \brief      toggle GPIO pin status
 338:C:/Users/leonardo/Desktop/Code/Github/DawnGBC/Libraries/FWLIB/src\gd32f4xx_gpio.c ****     \param[in]  gpio_periph: GPIOx(x = A,B,C,D,E,F,G,H,I) 
 339:C:/Users/leonardo/Desktop/Code/Github/DawnGBC/Libraries/FWLIB/src\gd32f4xx_gpio.c ****     \param[in]  pin: GPIO_PIN_x(x=0..15), GPIO_PIN_ALL
 340:C:/Users/leonardo/Desktop/Code/Github/DawnGBC/Libraries/FWLIB/src\gd32f4xx_gpio.c ****     \param[out] none
 341:C:/Users/leonardo/Desktop/Code/Github/DawnGBC/Libraries/FWLIB/src\gd32f4xx_gpio.c ****     \retval     none
 342:C:/Users/leonardo/Desktop/Code/Github/DawnGBC/Libraries/FWLIB/src\gd32f4xx_gpio.c **** */
 343:C:/Users/leonardo/Desktop/Code/Github/DawnGBC/Libraries/FWLIB/src\gd32f4xx_gpio.c **** void gpio_bit_toggle(uint32_t gpio_periph,uint32_t pin)
 344:C:/Users/leonardo/Desktop/Code/Github/DawnGBC/Libraries/FWLIB/src\gd32f4xx_gpio.c **** {
 1116              		.loc 1 344 1
 1117              		.cfi_startproc
 1118              		@ args = 0, pretend = 0, frame = 8
 1119              		@ frame_needed = 1, uses_anonymous_args = 0
 1120              		@ link register save eliminated.
 1121 0000 80B4     		push	{r7}
 1122              		.cfi_def_cfa_offset 4
 1123              		.cfi_offset 7, -4
 1124 0002 83B0     		sub	sp, sp, #12
 1125              		.cfi_def_cfa_offset 16
 1126 0004 00AF     		add	r7, sp, #0
 1127              		.cfi_def_cfa_register 7
 1128 0006 7860     		str	r0, [r7, #4]
 1129 0008 3960     		str	r1, [r7]
 345:C:/Users/leonardo/Desktop/Code/Github/DawnGBC/Libraries/FWLIB/src\gd32f4xx_gpio.c ****     GPIO_TG(gpio_periph) = (uint32_t)pin;
 1130              		.loc 1 345 5
 1131 000a 7B68     		ldr	r3, [r7, #4]
 1132 000c 2C33     		adds	r3, r3, #44
 1133 000e 1A46     		mov	r2, r3
 1134              		.loc 1 345 26
 1135 0010 3B68     		ldr	r3, [r7]
 1136 0012 1360     		str	r3, [r2]
 346:C:/Users/leonardo/Desktop/Code/Github/DawnGBC/Libraries/FWLIB/src\gd32f4xx_gpio.c **** }
 1137              		.loc 1 346 1
 1138 0014 00BF     		nop
 1139 0016 0C37     		adds	r7, r7, #12
 1140              		.cfi_def_cfa_offset 4
 1141 0018 BD46     		mov	sp, r7
 1142              		.cfi_def_cfa_register 13
 1143              		@ sp needed
 1144 001a 80BC     		pop	{r7}
 1145              		.cfi_restore 7
 1146              		.cfi_def_cfa_offset 0
 1147 001c 7047     		bx	lr
 1148              		.cfi_endproc
 1149              	.LFE136:
 1151              		.section	.text.gpio_port_toggle,"ax",%progbits
 1152              		.align	1
 1153              		.global	gpio_port_toggle
 1154              		.syntax unified
 1155              		.thumb
 1156              		.thumb_func
 1157              		.fpu softvfp
 1159              	gpio_port_toggle:
 1160              	.LFB137:
 347:C:/Users/leonardo/Desktop/Code/Github/DawnGBC/Libraries/FWLIB/src\gd32f4xx_gpio.c **** 
 348:C:/Users/leonardo/Desktop/Code/Github/DawnGBC/Libraries/FWLIB/src\gd32f4xx_gpio.c **** /*!
 349:C:/Users/leonardo/Desktop/Code/Github/DawnGBC/Libraries/FWLIB/src\gd32f4xx_gpio.c ****     \brief      toggle GPIO port status
 350:C:/Users/leonardo/Desktop/Code/Github/DawnGBC/Libraries/FWLIB/src\gd32f4xx_gpio.c ****     \param[in]  gpio_periph: GPIOx(x = A,B,C,D,E,F,G,H,I)
 351:C:/Users/leonardo/Desktop/Code/Github/DawnGBC/Libraries/FWLIB/src\gd32f4xx_gpio.c ****     \param[out] none
 352:C:/Users/leonardo/Desktop/Code/Github/DawnGBC/Libraries/FWLIB/src\gd32f4xx_gpio.c ****     \retval     none
 353:C:/Users/leonardo/Desktop/Code/Github/DawnGBC/Libraries/FWLIB/src\gd32f4xx_gpio.c **** */
 354:C:/Users/leonardo/Desktop/Code/Github/DawnGBC/Libraries/FWLIB/src\gd32f4xx_gpio.c **** void gpio_port_toggle(uint32_t gpio_periph)
 355:C:/Users/leonardo/Desktop/Code/Github/DawnGBC/Libraries/FWLIB/src\gd32f4xx_gpio.c **** {
 1161              		.loc 1 355 1
 1162              		.cfi_startproc
 1163              		@ args = 0, pretend = 0, frame = 8
 1164              		@ frame_needed = 1, uses_anonymous_args = 0
 1165              		@ link register save eliminated.
 1166 0000 80B4     		push	{r7}
 1167              		.cfi_def_cfa_offset 4
 1168              		.cfi_offset 7, -4
 1169 0002 83B0     		sub	sp, sp, #12
 1170              		.cfi_def_cfa_offset 16
 1171 0004 00AF     		add	r7, sp, #0
 1172              		.cfi_def_cfa_register 7
 1173 0006 7860     		str	r0, [r7, #4]
 356:C:/Users/leonardo/Desktop/Code/Github/DawnGBC/Libraries/FWLIB/src\gd32f4xx_gpio.c ****     GPIO_TG(gpio_periph) = 0x0000FFFFU;
 1174              		.loc 1 356 5
 1175 0008 7B68     		ldr	r3, [r7, #4]
 1176 000a 2C33     		adds	r3, r3, #44
 1177 000c 1A46     		mov	r2, r3
 1178              		.loc 1 356 26
 1179 000e 4FF6FF73 		movw	r3, #65535
 1180 0012 1360     		str	r3, [r2]
 357:C:/Users/leonardo/Desktop/Code/Github/DawnGBC/Libraries/FWLIB/src\gd32f4xx_gpio.c **** }
 1181              		.loc 1 357 1
 1182 0014 00BF     		nop
 1183 0016 0C37     		adds	r7, r7, #12
 1184              		.cfi_def_cfa_offset 4
 1185 0018 BD46     		mov	sp, r7
 1186              		.cfi_def_cfa_register 13
 1187              		@ sp needed
 1188 001a 80BC     		pop	{r7}
 1189              		.cfi_restore 7
 1190              		.cfi_def_cfa_offset 0
 1191 001c 7047     		bx	lr
 1192              		.cfi_endproc
 1193              	.LFE137:
 1195              		.text
 1196              	.Letext0:
 1197              		.file 2 "c:\\users\\leonardo\\desktop\\gd32embeddedbuilder_v1.5.6_rel\\tools\\gnu tools arm embedd
 1198              		.file 3 "c:\\users\\leonardo\\desktop\\gd32embeddedbuilder_v1.5.6_rel\\tools\\gnu tools arm embedd
 1199              		.file 4 "../../CMSIS/DSP/Include/core_cm4.h"
 1200              		.file 5 "../../CMSIS/system_gd32f4xx.h"
 1201              		.file 6 "../../CMSIS/gd32f4xx.h"
 1202              		.file 7 "../../Libraries/FWLIB/inc/gd32f4xx_rcu.h"
 1203              		.file 8 "../../Libraries/FWLIB/inc/gd32f4xx_gpio.h"
DEFINED SYMBOLS
                            *ABS*:00000000 gd32f4xx_gpio.c
C:\Users\leonardo\AppData\Local\Temp\ccZJnaRe.s:16     .text.gpio_deinit:00000000 $t
C:\Users\leonardo\AppData\Local\Temp\ccZJnaRe.s:24     .text.gpio_deinit:00000000 gpio_deinit
C:\Users\leonardo\AppData\Local\Temp\ccZJnaRe.s:203    .text.gpio_deinit:0000013c $d
C:\Users\leonardo\AppData\Local\Temp\ccZJnaRe.s:216    .text.gpio_mode_set:00000000 $t
C:\Users\leonardo\AppData\Local\Temp\ccZJnaRe.s:223    .text.gpio_mode_set:00000000 gpio_mode_set
C:\Users\leonardo\AppData\Local\Temp\ccZJnaRe.s:345    .text.gpio_output_options_set:00000000 $t
C:\Users\leonardo\AppData\Local\Temp\ccZJnaRe.s:352    .text.gpio_output_options_set:00000000 gpio_output_options_set
C:\Users\leonardo\AppData\Local\Temp\ccZJnaRe.s:474    .text.gpio_bit_set:00000000 $t
C:\Users\leonardo\AppData\Local\Temp\ccZJnaRe.s:481    .text.gpio_bit_set:00000000 gpio_bit_set
C:\Users\leonardo\AppData\Local\Temp\ccZJnaRe.s:519    .text.gpio_bit_reset:00000000 $t
C:\Users\leonardo\AppData\Local\Temp\ccZJnaRe.s:526    .text.gpio_bit_reset:00000000 gpio_bit_reset
C:\Users\leonardo\AppData\Local\Temp\ccZJnaRe.s:564    .text.gpio_bit_write:00000000 $t
C:\Users\leonardo\AppData\Local\Temp\ccZJnaRe.s:571    .text.gpio_bit_write:00000000 gpio_bit_write
C:\Users\leonardo\AppData\Local\Temp\ccZJnaRe.s:626    .text.gpio_port_write:00000000 $t
C:\Users\leonardo\AppData\Local\Temp\ccZJnaRe.s:633    .text.gpio_port_write:00000000 gpio_port_write
C:\Users\leonardo\AppData\Local\Temp\ccZJnaRe.s:673    .text.gpio_input_bit_get:00000000 $t
C:\Users\leonardo\AppData\Local\Temp\ccZJnaRe.s:680    .text.gpio_input_bit_get:00000000 gpio_input_bit_get
C:\Users\leonardo\AppData\Local\Temp\ccZJnaRe.s:728    .text.gpio_input_port_get:00000000 $t
C:\Users\leonardo\AppData\Local\Temp\ccZJnaRe.s:735    .text.gpio_input_port_get:00000000 gpio_input_port_get
C:\Users\leonardo\AppData\Local\Temp\ccZJnaRe.s:771    .text.gpio_output_bit_get:00000000 $t
C:\Users\leonardo\AppData\Local\Temp\ccZJnaRe.s:778    .text.gpio_output_bit_get:00000000 gpio_output_bit_get
C:\Users\leonardo\AppData\Local\Temp\ccZJnaRe.s:826    .text.gpio_output_port_get:00000000 $t
C:\Users\leonardo\AppData\Local\Temp\ccZJnaRe.s:833    .text.gpio_output_port_get:00000000 gpio_output_port_get
C:\Users\leonardo\AppData\Local\Temp\ccZJnaRe.s:869    .text.gpio_af_set:00000000 $t
C:\Users\leonardo\AppData\Local\Temp\ccZJnaRe.s:876    .text.gpio_af_set:00000000 gpio_af_set
C:\Users\leonardo\AppData\Local\Temp\ccZJnaRe.s:1028   .text.gpio_pin_lock:00000000 $t
C:\Users\leonardo\AppData\Local\Temp\ccZJnaRe.s:1035   .text.gpio_pin_lock:00000000 gpio_pin_lock
C:\Users\leonardo\AppData\Local\Temp\ccZJnaRe.s:1107   .text.gpio_bit_toggle:00000000 $t
C:\Users\leonardo\AppData\Local\Temp\ccZJnaRe.s:1114   .text.gpio_bit_toggle:00000000 gpio_bit_toggle
C:\Users\leonardo\AppData\Local\Temp\ccZJnaRe.s:1152   .text.gpio_port_toggle:00000000 $t
C:\Users\leonardo\AppData\Local\Temp\ccZJnaRe.s:1159   .text.gpio_port_toggle:00000000 gpio_port_toggle
                           .group:00000000 wm4.0.a684136774235169b6efdc382df56ab0
                           .group:00000000 wm4.gd32f4xx.h.13.7e2e481b0ab689b59679fcf9de8ad53f
                           .group:00000000 wm4.core_cm4.h.43.9593ac0dcec24a3a6f1d638d754e90b2
                           .group:00000000 wm4._newlib_version.h.4.9ba035841e762c3308916a0ce96032e7
                           .group:00000000 wm4.features.h.33.5bd1eea2d80518b50f7af0b5ce6750e0
                           .group:00000000 wm4._default_types.h.15.247e5cd201eca3442cbf5404108c4935
                           .group:00000000 wm4._intsup.h.10.cce27fed8484c08a33f522034c30d2b5
                           .group:00000000 wm4._stdint.h.10.c24fa3af3bc1706662bb5593a907e841
                           .group:00000000 wm4.stdint.h.23.d53047a68f4a85177f80b422d52785ed
                           .group:00000000 wm4.core_cmInstr.h.39.addda81f1f3453ba31dd54fc5b6fcee8
                           .group:00000000 wm4.core_cmSimd.h.43.c355993beb49ccd10586af5b1cfe5aee
                           .group:00000000 wm4.core_cm4.h.201.38b66ea2c12d55e26a2374d5521b1bde
                           .group:00000000 wm4.gd32f4xx.h.268.6244d4312c046a64f69632f7ef07b287
                           .group:00000000 wm4.gd32f4xx_rcu.h.18.5c1e5e7e0de404504004d8bb7db8129d
                           .group:00000000 wm4.gd32f4xx_adc.h.13.555e7341a9ddcdbc980571a940325972
                           .group:00000000 wm4.gd32f4xx_can.h.13.2811f1e7e0dd1a163a8850b48ae09a18
                           .group:00000000 wm4.gd32f4xx_crc.h.13.e3fa8cb47f74e88ac6e7a18c10f0cae7
                           .group:00000000 wm4.gd32f4xx_ctc.h.13.979d5c7db9c07247dafcdc888120aeeb
                           .group:00000000 wm4.gd32f4xx_dac.h.13.6aae99156ce94e45e273c87252f3e1b5
                           .group:00000000 wm4.gd32f4xx_dbg.h.13.c5f36ebf9ff6bf00cb705dace0230749
                           .group:00000000 wm4.gd32f4xx_dci.h.13.43c4239de7bb8115ecac688727adc34d
                           .group:00000000 wm4.gd32f4xx_dma.h.13.dd34986dcd88f37eef0ac885fade6a96
                           .group:00000000 wm4.gd32f4xx_exti.h.13.f61fefc984e3d5d6bfd619e837d781f0
                           .group:00000000 wm4.gd32f4xx_fmc.h.12.6ad1d5b3792ad9539d3cdeacd021dc9f
                           .group:00000000 wm4.gd32f4xx_fwdgt.h.13.cc9a34a06b043d4b817ab3d1a6056177
                           .group:00000000 wm4.gd32f4xx_syscfg.h.13.b2bd3727e52dfdd22af4632a1311bbb7
                           .group:00000000 wm4.gd32f4xx_i2c.h.13.eb0f8b31bd16ee5fe82cc39a9dd42f2d
                           .group:00000000 wm4.gd32f4xx_iref.h.13.7fc1143691d228493f7100d3cc247638
                           .group:00000000 wm4.gd32f4xx_pmu.h.13.724bacbcb5c124f50a6b00f61a9eb756
                           .group:00000000 wm4.gd32f4xx_rtc.h.13.fc493d83f9d78f0b7c4919b6d2f31956
                           .group:00000000 wm4.gd32f4xx_sdio.h.13.81c3455a223eea59b64370eea49a57de
                           .group:00000000 wm4.gd32f4xx_spi.h.13.03d2444bcb21a0c2481c42cb6d9fce79
                           .group:00000000 wm4.gd32f4xx_timer.h.13.6cb5bef9444452fac8393c6f9325aaca
                           .group:00000000 wm4.gd32f4xx_trng.h.13.8e3605226dc73eb8a884d03608e7b6df
                           .group:00000000 wm4.gd32f4xx_usart.h.13.2986dbbf12f17711a1874d27609e0b55
                           .group:00000000 wm4.gd32f4xx_wwdgt.h.13.1abc40e3831eb7a2ed947144f7cb9188
                           .group:00000000 wm4.gd32f4xx_misc.h.13.b10945aa7ed210c08c1585a4b5874d8c
                           .group:00000000 wm4.gd32f4xx_gpio.h.18.c348251c52e5a8e62789011e2dca6806

UNDEFINED SYMBOLS
rcu_periph_reset_enable
rcu_periph_reset_disable
