   1              		.cpu cortex-m4
   2              		.eabi_attribute 20, 1
   3              		.eabi_attribute 21, 1
   4              		.eabi_attribute 23, 3
   5              		.eabi_attribute 24, 1
   6              		.eabi_attribute 25, 1
   7              		.eabi_attribute 26, 1
   8              		.eabi_attribute 30, 6
   9              		.eabi_attribute 34, 1
  10              		.eabi_attribute 18, 4
  11              		.file	"gd32f4xx_crc.c"
  12              		.text
  13              	.Ltext0:
  14              		.cfi_sections	.debug_frame
  15              		.section	.text.crc_deinit,"ax",%progbits
  16              		.align	1
  17              		.global	crc_deinit
  18              		.arch armv7e-m
  19              		.syntax unified
  20              		.thumb
  21              		.thumb_func
  22              		.fpu softvfp
  24              	crc_deinit:
  25              	.LFB123:
  26              		.file 1 "C:/Users/leonardo/Desktop/Code/Github/DawnGBC/Libraries/FWLIB/src/gd32f4xx_crc.c"
   1:C:/Users/leonardo/Desktop/Code/Github/DawnGBC/Libraries/FWLIB/src\gd32f4xx_crc.c **** /*!
   2:C:/Users/leonardo/Desktop/Code/Github/DawnGBC/Libraries/FWLIB/src\gd32f4xx_crc.c ****     \file  gd32f4xx_crc.c
   3:C:/Users/leonardo/Desktop/Code/Github/DawnGBC/Libraries/FWLIB/src\gd32f4xx_crc.c ****     \brief CRC driver
   4:C:/Users/leonardo/Desktop/Code/Github/DawnGBC/Libraries/FWLIB/src\gd32f4xx_crc.c **** */
   5:C:/Users/leonardo/Desktop/Code/Github/DawnGBC/Libraries/FWLIB/src\gd32f4xx_crc.c **** 
   6:C:/Users/leonardo/Desktop/Code/Github/DawnGBC/Libraries/FWLIB/src\gd32f4xx_crc.c **** /*
   7:C:/Users/leonardo/Desktop/Code/Github/DawnGBC/Libraries/FWLIB/src\gd32f4xx_crc.c ****     Copyright (C) 2016 GigaDevice
   8:C:/Users/leonardo/Desktop/Code/Github/DawnGBC/Libraries/FWLIB/src\gd32f4xx_crc.c **** 
   9:C:/Users/leonardo/Desktop/Code/Github/DawnGBC/Libraries/FWLIB/src\gd32f4xx_crc.c ****     2016-08-15, V1.0.0, firmware for GD32F4xx
  10:C:/Users/leonardo/Desktop/Code/Github/DawnGBC/Libraries/FWLIB/src\gd32f4xx_crc.c **** */
  11:C:/Users/leonardo/Desktop/Code/Github/DawnGBC/Libraries/FWLIB/src\gd32f4xx_crc.c **** 
  12:C:/Users/leonardo/Desktop/Code/Github/DawnGBC/Libraries/FWLIB/src\gd32f4xx_crc.c **** #include "gd32f4xx_crc.h"
  13:C:/Users/leonardo/Desktop/Code/Github/DawnGBC/Libraries/FWLIB/src\gd32f4xx_crc.c **** 
  14:C:/Users/leonardo/Desktop/Code/Github/DawnGBC/Libraries/FWLIB/src\gd32f4xx_crc.c **** /*!
  15:C:/Users/leonardo/Desktop/Code/Github/DawnGBC/Libraries/FWLIB/src\gd32f4xx_crc.c ****     \brief      deinit CRC calculation unit
  16:C:/Users/leonardo/Desktop/Code/Github/DawnGBC/Libraries/FWLIB/src\gd32f4xx_crc.c ****     \param[in]  none
  17:C:/Users/leonardo/Desktop/Code/Github/DawnGBC/Libraries/FWLIB/src\gd32f4xx_crc.c ****     \param[out] none
  18:C:/Users/leonardo/Desktop/Code/Github/DawnGBC/Libraries/FWLIB/src\gd32f4xx_crc.c ****     \retval     none
  19:C:/Users/leonardo/Desktop/Code/Github/DawnGBC/Libraries/FWLIB/src\gd32f4xx_crc.c **** */
  20:C:/Users/leonardo/Desktop/Code/Github/DawnGBC/Libraries/FWLIB/src\gd32f4xx_crc.c **** void crc_deinit(void)
  21:C:/Users/leonardo/Desktop/Code/Github/DawnGBC/Libraries/FWLIB/src\gd32f4xx_crc.c **** {
  27              		.loc 1 21 1
  28              		.cfi_startproc
  29              		@ args = 0, pretend = 0, frame = 0
  30              		@ frame_needed = 1, uses_anonymous_args = 0
  31              		@ link register save eliminated.
  32 0000 80B4     		push	{r7}
  33              		.cfi_def_cfa_offset 4
  34              		.cfi_offset 7, -4
  35 0002 00AF     		add	r7, sp, #0
  36              		.cfi_def_cfa_register 7
  22:C:/Users/leonardo/Desktop/Code/Github/DawnGBC/Libraries/FWLIB/src\gd32f4xx_crc.c ****     CRC_DATA  = (uint32_t)0xFFFFFFFFU;
  37              		.loc 1 22 5
  38 0004 064B     		ldr	r3, .L2
  39              		.loc 1 22 15
  40 0006 4FF0FF32 		mov	r2, #-1
  41 000a 1A60     		str	r2, [r3]
  23:C:/Users/leonardo/Desktop/Code/Github/DawnGBC/Libraries/FWLIB/src\gd32f4xx_crc.c ****     CRC_FDATA = (uint32_t)0x00000000U;
  42              		.loc 1 23 5
  43 000c 054B     		ldr	r3, .L2+4
  44              		.loc 1 23 15
  45 000e 0022     		movs	r2, #0
  46 0010 1A60     		str	r2, [r3]
  24:C:/Users/leonardo/Desktop/Code/Github/DawnGBC/Libraries/FWLIB/src\gd32f4xx_crc.c ****     CRC_CTL   = CRC_CTL_RST;
  47              		.loc 1 24 5
  48 0012 054B     		ldr	r3, .L2+8
  49              		.loc 1 24 15
  50 0014 0122     		movs	r2, #1
  51 0016 1A60     		str	r2, [r3]
  25:C:/Users/leonardo/Desktop/Code/Github/DawnGBC/Libraries/FWLIB/src\gd32f4xx_crc.c **** }
  52              		.loc 1 25 1
  53 0018 00BF     		nop
  54 001a BD46     		mov	sp, r7
  55              		.cfi_def_cfa_register 13
  56              		@ sp needed
  57 001c 80BC     		pop	{r7}
  58              		.cfi_restore 7
  59              		.cfi_def_cfa_offset 0
  60 001e 7047     		bx	lr
  61              	.L3:
  62              		.align	2
  63              	.L2:
  64 0020 00300240 		.word	1073885184
  65 0024 04300240 		.word	1073885188
  66 0028 08300240 		.word	1073885192
  67              		.cfi_endproc
  68              	.LFE123:
  70              		.section	.text.crc_data_register_reset,"ax",%progbits
  71              		.align	1
  72              		.global	crc_data_register_reset
  73              		.syntax unified
  74              		.thumb
  75              		.thumb_func
  76              		.fpu softvfp
  78              	crc_data_register_reset:
  79              	.LFB124:
  26:C:/Users/leonardo/Desktop/Code/Github/DawnGBC/Libraries/FWLIB/src\gd32f4xx_crc.c **** 
  27:C:/Users/leonardo/Desktop/Code/Github/DawnGBC/Libraries/FWLIB/src\gd32f4xx_crc.c **** /*!
  28:C:/Users/leonardo/Desktop/Code/Github/DawnGBC/Libraries/FWLIB/src\gd32f4xx_crc.c ****     \brief      reset data register to the value of initializaiton data register
  29:C:/Users/leonardo/Desktop/Code/Github/DawnGBC/Libraries/FWLIB/src\gd32f4xx_crc.c ****     \param[in]  none
  30:C:/Users/leonardo/Desktop/Code/Github/DawnGBC/Libraries/FWLIB/src\gd32f4xx_crc.c ****     \param[out] none
  31:C:/Users/leonardo/Desktop/Code/Github/DawnGBC/Libraries/FWLIB/src\gd32f4xx_crc.c ****     \retval     none
  32:C:/Users/leonardo/Desktop/Code/Github/DawnGBC/Libraries/FWLIB/src\gd32f4xx_crc.c **** */
  33:C:/Users/leonardo/Desktop/Code/Github/DawnGBC/Libraries/FWLIB/src\gd32f4xx_crc.c **** void crc_data_register_reset(void)
  34:C:/Users/leonardo/Desktop/Code/Github/DawnGBC/Libraries/FWLIB/src\gd32f4xx_crc.c **** {
  80              		.loc 1 34 1
  81              		.cfi_startproc
  82              		@ args = 0, pretend = 0, frame = 0
  83              		@ frame_needed = 1, uses_anonymous_args = 0
  84              		@ link register save eliminated.
  85 0000 80B4     		push	{r7}
  86              		.cfi_def_cfa_offset 4
  87              		.cfi_offset 7, -4
  88 0002 00AF     		add	r7, sp, #0
  89              		.cfi_def_cfa_register 7
  35:C:/Users/leonardo/Desktop/Code/Github/DawnGBC/Libraries/FWLIB/src\gd32f4xx_crc.c ****     CRC_CTL |= (uint32_t)CRC_CTL_RST;
  90              		.loc 1 35 13
  91 0004 044B     		ldr	r3, .L5
  92 0006 1B68     		ldr	r3, [r3]
  93 0008 034A     		ldr	r2, .L5
  94 000a 43F00103 		orr	r3, r3, #1
  95 000e 1360     		str	r3, [r2]
  36:C:/Users/leonardo/Desktop/Code/Github/DawnGBC/Libraries/FWLIB/src\gd32f4xx_crc.c **** }
  96              		.loc 1 36 1
  97 0010 00BF     		nop
  98 0012 BD46     		mov	sp, r7
  99              		.cfi_def_cfa_register 13
 100              		@ sp needed
 101 0014 80BC     		pop	{r7}
 102              		.cfi_restore 7
 103              		.cfi_def_cfa_offset 0
 104 0016 7047     		bx	lr
 105              	.L6:
 106              		.align	2
 107              	.L5:
 108 0018 08300240 		.word	1073885192
 109              		.cfi_endproc
 110              	.LFE124:
 112              		.section	.text.crc_data_register_read,"ax",%progbits
 113              		.align	1
 114              		.global	crc_data_register_read
 115              		.syntax unified
 116              		.thumb
 117              		.thumb_func
 118              		.fpu softvfp
 120              	crc_data_register_read:
 121              	.LFB125:
  37:C:/Users/leonardo/Desktop/Code/Github/DawnGBC/Libraries/FWLIB/src\gd32f4xx_crc.c **** 
  38:C:/Users/leonardo/Desktop/Code/Github/DawnGBC/Libraries/FWLIB/src\gd32f4xx_crc.c **** /*!
  39:C:/Users/leonardo/Desktop/Code/Github/DawnGBC/Libraries/FWLIB/src\gd32f4xx_crc.c ****     \brief      read the data register 
  40:C:/Users/leonardo/Desktop/Code/Github/DawnGBC/Libraries/FWLIB/src\gd32f4xx_crc.c ****     \param[in]  none
  41:C:/Users/leonardo/Desktop/Code/Github/DawnGBC/Libraries/FWLIB/src\gd32f4xx_crc.c ****     \param[out] none
  42:C:/Users/leonardo/Desktop/Code/Github/DawnGBC/Libraries/FWLIB/src\gd32f4xx_crc.c ****     \retval     32-bit value of the data register
  43:C:/Users/leonardo/Desktop/Code/Github/DawnGBC/Libraries/FWLIB/src\gd32f4xx_crc.c **** */
  44:C:/Users/leonardo/Desktop/Code/Github/DawnGBC/Libraries/FWLIB/src\gd32f4xx_crc.c **** uint32_t crc_data_register_read(void)
  45:C:/Users/leonardo/Desktop/Code/Github/DawnGBC/Libraries/FWLIB/src\gd32f4xx_crc.c **** {
 122              		.loc 1 45 1
 123              		.cfi_startproc
 124              		@ args = 0, pretend = 0, frame = 8
 125              		@ frame_needed = 1, uses_anonymous_args = 0
 126              		@ link register save eliminated.
 127 0000 80B4     		push	{r7}
 128              		.cfi_def_cfa_offset 4
 129              		.cfi_offset 7, -4
 130 0002 83B0     		sub	sp, sp, #12
 131              		.cfi_def_cfa_offset 16
 132 0004 00AF     		add	r7, sp, #0
 133              		.cfi_def_cfa_register 7
  46:C:/Users/leonardo/Desktop/Code/Github/DawnGBC/Libraries/FWLIB/src\gd32f4xx_crc.c ****     uint32_t data;
  47:C:/Users/leonardo/Desktop/Code/Github/DawnGBC/Libraries/FWLIB/src\gd32f4xx_crc.c ****     data = CRC_DATA;
 134              		.loc 1 47 12
 135 0006 044B     		ldr	r3, .L9
 136              		.loc 1 47 10
 137 0008 1B68     		ldr	r3, [r3]
 138 000a 7B60     		str	r3, [r7, #4]
  48:C:/Users/leonardo/Desktop/Code/Github/DawnGBC/Libraries/FWLIB/src\gd32f4xx_crc.c ****     return (data);
 139              		.loc 1 48 12
 140 000c 7B68     		ldr	r3, [r7, #4]
  49:C:/Users/leonardo/Desktop/Code/Github/DawnGBC/Libraries/FWLIB/src\gd32f4xx_crc.c **** }
 141              		.loc 1 49 1
 142 000e 1846     		mov	r0, r3
 143 0010 0C37     		adds	r7, r7, #12
 144              		.cfi_def_cfa_offset 4
 145 0012 BD46     		mov	sp, r7
 146              		.cfi_def_cfa_register 13
 147              		@ sp needed
 148 0014 80BC     		pop	{r7}
 149              		.cfi_restore 7
 150              		.cfi_def_cfa_offset 0
 151 0016 7047     		bx	lr
 152              	.L10:
 153              		.align	2
 154              	.L9:
 155 0018 00300240 		.word	1073885184
 156              		.cfi_endproc
 157              	.LFE125:
 159              		.section	.text.crc_free_data_register_read,"ax",%progbits
 160              		.align	1
 161              		.global	crc_free_data_register_read
 162              		.syntax unified
 163              		.thumb
 164              		.thumb_func
 165              		.fpu softvfp
 167              	crc_free_data_register_read:
 168              	.LFB126:
  50:C:/Users/leonardo/Desktop/Code/Github/DawnGBC/Libraries/FWLIB/src\gd32f4xx_crc.c **** 
  51:C:/Users/leonardo/Desktop/Code/Github/DawnGBC/Libraries/FWLIB/src\gd32f4xx_crc.c **** /*!
  52:C:/Users/leonardo/Desktop/Code/Github/DawnGBC/Libraries/FWLIB/src\gd32f4xx_crc.c ****     \brief      read the free data register
  53:C:/Users/leonardo/Desktop/Code/Github/DawnGBC/Libraries/FWLIB/src\gd32f4xx_crc.c ****     \param[in]  none
  54:C:/Users/leonardo/Desktop/Code/Github/DawnGBC/Libraries/FWLIB/src\gd32f4xx_crc.c ****     \param[out] none
  55:C:/Users/leonardo/Desktop/Code/Github/DawnGBC/Libraries/FWLIB/src\gd32f4xx_crc.c ****     \retval     8-bit value of the free data register
  56:C:/Users/leonardo/Desktop/Code/Github/DawnGBC/Libraries/FWLIB/src\gd32f4xx_crc.c **** */
  57:C:/Users/leonardo/Desktop/Code/Github/DawnGBC/Libraries/FWLIB/src\gd32f4xx_crc.c **** uint8_t crc_free_data_register_read(void)
  58:C:/Users/leonardo/Desktop/Code/Github/DawnGBC/Libraries/FWLIB/src\gd32f4xx_crc.c **** {
 169              		.loc 1 58 1
 170              		.cfi_startproc
 171              		@ args = 0, pretend = 0, frame = 8
 172              		@ frame_needed = 1, uses_anonymous_args = 0
 173              		@ link register save eliminated.
 174 0000 80B4     		push	{r7}
 175              		.cfi_def_cfa_offset 4
 176              		.cfi_offset 7, -4
 177 0002 83B0     		sub	sp, sp, #12
 178              		.cfi_def_cfa_offset 16
 179 0004 00AF     		add	r7, sp, #0
 180              		.cfi_def_cfa_register 7
  59:C:/Users/leonardo/Desktop/Code/Github/DawnGBC/Libraries/FWLIB/src\gd32f4xx_crc.c ****     uint8_t fdata;
  60:C:/Users/leonardo/Desktop/Code/Github/DawnGBC/Libraries/FWLIB/src\gd32f4xx_crc.c ****     fdata = (uint8_t)CRC_FDATA;
 181              		.loc 1 60 22
 182 0006 044B     		ldr	r3, .L13
 183 0008 1B68     		ldr	r3, [r3]
 184              		.loc 1 60 11
 185 000a FB71     		strb	r3, [r7, #7]
  61:C:/Users/leonardo/Desktop/Code/Github/DawnGBC/Libraries/FWLIB/src\gd32f4xx_crc.c ****     return (fdata);
 186              		.loc 1 61 12
 187 000c FB79     		ldrb	r3, [r7, #7]	@ zero_extendqisi2
  62:C:/Users/leonardo/Desktop/Code/Github/DawnGBC/Libraries/FWLIB/src\gd32f4xx_crc.c **** }
 188              		.loc 1 62 1
 189 000e 1846     		mov	r0, r3
 190 0010 0C37     		adds	r7, r7, #12
 191              		.cfi_def_cfa_offset 4
 192 0012 BD46     		mov	sp, r7
 193              		.cfi_def_cfa_register 13
 194              		@ sp needed
 195 0014 80BC     		pop	{r7}
 196              		.cfi_restore 7
 197              		.cfi_def_cfa_offset 0
 198 0016 7047     		bx	lr
 199              	.L14:
 200              		.align	2
 201              	.L13:
 202 0018 04300240 		.word	1073885188
 203              		.cfi_endproc
 204              	.LFE126:
 206              		.section	.text.crc_free_data_register_write,"ax",%progbits
 207              		.align	1
 208              		.global	crc_free_data_register_write
 209              		.syntax unified
 210              		.thumb
 211              		.thumb_func
 212              		.fpu softvfp
 214              	crc_free_data_register_write:
 215              	.LFB127:
  63:C:/Users/leonardo/Desktop/Code/Github/DawnGBC/Libraries/FWLIB/src\gd32f4xx_crc.c **** 
  64:C:/Users/leonardo/Desktop/Code/Github/DawnGBC/Libraries/FWLIB/src\gd32f4xx_crc.c **** /*!
  65:C:/Users/leonardo/Desktop/Code/Github/DawnGBC/Libraries/FWLIB/src\gd32f4xx_crc.c ****     \brief      write the free data register
  66:C:/Users/leonardo/Desktop/Code/Github/DawnGBC/Libraries/FWLIB/src\gd32f4xx_crc.c ****     \param[in]  free_data: specify 8-bit data
  67:C:/Users/leonardo/Desktop/Code/Github/DawnGBC/Libraries/FWLIB/src\gd32f4xx_crc.c ****     \param[out] none
  68:C:/Users/leonardo/Desktop/Code/Github/DawnGBC/Libraries/FWLIB/src\gd32f4xx_crc.c ****     \retval     none
  69:C:/Users/leonardo/Desktop/Code/Github/DawnGBC/Libraries/FWLIB/src\gd32f4xx_crc.c **** */
  70:C:/Users/leonardo/Desktop/Code/Github/DawnGBC/Libraries/FWLIB/src\gd32f4xx_crc.c **** void crc_free_data_register_write(uint8_t free_data)
  71:C:/Users/leonardo/Desktop/Code/Github/DawnGBC/Libraries/FWLIB/src\gd32f4xx_crc.c **** {
 216              		.loc 1 71 1
 217              		.cfi_startproc
 218              		@ args = 0, pretend = 0, frame = 8
 219              		@ frame_needed = 1, uses_anonymous_args = 0
 220              		@ link register save eliminated.
 221 0000 80B4     		push	{r7}
 222              		.cfi_def_cfa_offset 4
 223              		.cfi_offset 7, -4
 224 0002 83B0     		sub	sp, sp, #12
 225              		.cfi_def_cfa_offset 16
 226 0004 00AF     		add	r7, sp, #0
 227              		.cfi_def_cfa_register 7
 228 0006 0346     		mov	r3, r0
 229 0008 FB71     		strb	r3, [r7, #7]
  72:C:/Users/leonardo/Desktop/Code/Github/DawnGBC/Libraries/FWLIB/src\gd32f4xx_crc.c ****     CRC_FDATA = (uint32_t)free_data;
 230              		.loc 1 72 5
 231 000a 044A     		ldr	r2, .L16
 232              		.loc 1 72 17
 233 000c FB79     		ldrb	r3, [r7, #7]	@ zero_extendqisi2
 234              		.loc 1 72 15
 235 000e 1360     		str	r3, [r2]
  73:C:/Users/leonardo/Desktop/Code/Github/DawnGBC/Libraries/FWLIB/src\gd32f4xx_crc.c **** }
 236              		.loc 1 73 1
 237 0010 00BF     		nop
 238 0012 0C37     		adds	r7, r7, #12
 239              		.cfi_def_cfa_offset 4
 240 0014 BD46     		mov	sp, r7
 241              		.cfi_def_cfa_register 13
 242              		@ sp needed
 243 0016 80BC     		pop	{r7}
 244              		.cfi_restore 7
 245              		.cfi_def_cfa_offset 0
 246 0018 7047     		bx	lr
 247              	.L17:
 248 001a 00BF     		.align	2
 249              	.L16:
 250 001c 04300240 		.word	1073885188
 251              		.cfi_endproc
 252              	.LFE127:
 254              		.section	.text.crc_single_data_calculate,"ax",%progbits
 255              		.align	1
 256              		.global	crc_single_data_calculate
 257              		.syntax unified
 258              		.thumb
 259              		.thumb_func
 260              		.fpu softvfp
 262              	crc_single_data_calculate:
 263              	.LFB128:
  74:C:/Users/leonardo/Desktop/Code/Github/DawnGBC/Libraries/FWLIB/src\gd32f4xx_crc.c **** 
  75:C:/Users/leonardo/Desktop/Code/Github/DawnGBC/Libraries/FWLIB/src\gd32f4xx_crc.c **** /*!
  76:C:/Users/leonardo/Desktop/Code/Github/DawnGBC/Libraries/FWLIB/src\gd32f4xx_crc.c ****     \brief      CRC calculate a 32-bit data
  77:C:/Users/leonardo/Desktop/Code/Github/DawnGBC/Libraries/FWLIB/src\gd32f4xx_crc.c ****     \param[in]  sdata: specify 32-bit data
  78:C:/Users/leonardo/Desktop/Code/Github/DawnGBC/Libraries/FWLIB/src\gd32f4xx_crc.c ****     \param[out] none
  79:C:/Users/leonardo/Desktop/Code/Github/DawnGBC/Libraries/FWLIB/src\gd32f4xx_crc.c ****     \retval     32-bit CRC calculate value
  80:C:/Users/leonardo/Desktop/Code/Github/DawnGBC/Libraries/FWLIB/src\gd32f4xx_crc.c **** */
  81:C:/Users/leonardo/Desktop/Code/Github/DawnGBC/Libraries/FWLIB/src\gd32f4xx_crc.c **** uint32_t crc_single_data_calculate(uint32_t sdata)
  82:C:/Users/leonardo/Desktop/Code/Github/DawnGBC/Libraries/FWLIB/src\gd32f4xx_crc.c **** {
 264              		.loc 1 82 1
 265              		.cfi_startproc
 266              		@ args = 0, pretend = 0, frame = 8
 267              		@ frame_needed = 1, uses_anonymous_args = 0
 268              		@ link register save eliminated.
 269 0000 80B4     		push	{r7}
 270              		.cfi_def_cfa_offset 4
 271              		.cfi_offset 7, -4
 272 0002 83B0     		sub	sp, sp, #12
 273              		.cfi_def_cfa_offset 16
 274 0004 00AF     		add	r7, sp, #0
 275              		.cfi_def_cfa_register 7
 276 0006 7860     		str	r0, [r7, #4]
  83:C:/Users/leonardo/Desktop/Code/Github/DawnGBC/Libraries/FWLIB/src\gd32f4xx_crc.c ****     CRC_DATA = sdata;
 277              		.loc 1 83 5
 278 0008 044A     		ldr	r2, .L20
 279              		.loc 1 83 14
 280 000a 7B68     		ldr	r3, [r7, #4]
 281 000c 1360     		str	r3, [r2]
  84:C:/Users/leonardo/Desktop/Code/Github/DawnGBC/Libraries/FWLIB/src\gd32f4xx_crc.c ****     return (CRC_DATA);
 282              		.loc 1 84 13
 283 000e 034B     		ldr	r3, .L20
 284 0010 1B68     		ldr	r3, [r3]
  85:C:/Users/leonardo/Desktop/Code/Github/DawnGBC/Libraries/FWLIB/src\gd32f4xx_crc.c **** }
 285              		.loc 1 85 1
 286 0012 1846     		mov	r0, r3
 287 0014 0C37     		adds	r7, r7, #12
 288              		.cfi_def_cfa_offset 4
 289 0016 BD46     		mov	sp, r7
 290              		.cfi_def_cfa_register 13
 291              		@ sp needed
 292 0018 80BC     		pop	{r7}
 293              		.cfi_restore 7
 294              		.cfi_def_cfa_offset 0
 295 001a 7047     		bx	lr
 296              	.L21:
 297              		.align	2
 298              	.L20:
 299 001c 00300240 		.word	1073885184
 300              		.cfi_endproc
 301              	.LFE128:
 303              		.section	.text.crc_block_data_calculate,"ax",%progbits
 304              		.align	1
 305              		.global	crc_block_data_calculate
 306              		.syntax unified
 307              		.thumb
 308              		.thumb_func
 309              		.fpu softvfp
 311              	crc_block_data_calculate:
 312              	.LFB129:
  86:C:/Users/leonardo/Desktop/Code/Github/DawnGBC/Libraries/FWLIB/src\gd32f4xx_crc.c **** 
  87:C:/Users/leonardo/Desktop/Code/Github/DawnGBC/Libraries/FWLIB/src\gd32f4xx_crc.c **** /*!
  88:C:/Users/leonardo/Desktop/Code/Github/DawnGBC/Libraries/FWLIB/src\gd32f4xx_crc.c ****     \brief      CRC calculate a 32-bit data array
  89:C:/Users/leonardo/Desktop/Code/Github/DawnGBC/Libraries/FWLIB/src\gd32f4xx_crc.c ****     \param[in]  array: pointer to an array of 32 bit data words
  90:C:/Users/leonardo/Desktop/Code/Github/DawnGBC/Libraries/FWLIB/src\gd32f4xx_crc.c ****     \param[in]  size: size of the array
  91:C:/Users/leonardo/Desktop/Code/Github/DawnGBC/Libraries/FWLIB/src\gd32f4xx_crc.c ****     \param[out] none
  92:C:/Users/leonardo/Desktop/Code/Github/DawnGBC/Libraries/FWLIB/src\gd32f4xx_crc.c ****     \retval     32-bit CRC calculate value
  93:C:/Users/leonardo/Desktop/Code/Github/DawnGBC/Libraries/FWLIB/src\gd32f4xx_crc.c **** */
  94:C:/Users/leonardo/Desktop/Code/Github/DawnGBC/Libraries/FWLIB/src\gd32f4xx_crc.c **** uint32_t crc_block_data_calculate(uint32_t array[], uint32_t size)
  95:C:/Users/leonardo/Desktop/Code/Github/DawnGBC/Libraries/FWLIB/src\gd32f4xx_crc.c **** {
 313              		.loc 1 95 1
 314              		.cfi_startproc
 315              		@ args = 0, pretend = 0, frame = 16
 316              		@ frame_needed = 1, uses_anonymous_args = 0
 317              		@ link register save eliminated.
 318 0000 80B4     		push	{r7}
 319              		.cfi_def_cfa_offset 4
 320              		.cfi_offset 7, -4
 321 0002 85B0     		sub	sp, sp, #20
 322              		.cfi_def_cfa_offset 24
 323 0004 00AF     		add	r7, sp, #0
 324              		.cfi_def_cfa_register 7
 325 0006 7860     		str	r0, [r7, #4]
 326 0008 3960     		str	r1, [r7]
  96:C:/Users/leonardo/Desktop/Code/Github/DawnGBC/Libraries/FWLIB/src\gd32f4xx_crc.c ****     uint32_t index;
  97:C:/Users/leonardo/Desktop/Code/Github/DawnGBC/Libraries/FWLIB/src\gd32f4xx_crc.c ****     for(index = 0U; index < size; index++){
 327              		.loc 1 97 15
 328 000a 0023     		movs	r3, #0
 329 000c FB60     		str	r3, [r7, #12]
 330              		.loc 1 97 5
 331 000e 09E0     		b	.L23
 332              	.L24:
  98:C:/Users/leonardo/Desktop/Code/Github/DawnGBC/Libraries/FWLIB/src\gd32f4xx_crc.c ****         CRC_DATA = array[index];
 333              		.loc 1 98 25 discriminator 3
 334 0010 FB68     		ldr	r3, [r7, #12]
 335 0012 9B00     		lsls	r3, r3, #2
 336 0014 7A68     		ldr	r2, [r7, #4]
 337 0016 1344     		add	r3, r3, r2
 338              		.loc 1 98 9 discriminator 3
 339 0018 084A     		ldr	r2, .L26
 340              		.loc 1 98 25 discriminator 3
 341 001a 1B68     		ldr	r3, [r3]
 342              		.loc 1 98 18 discriminator 3
 343 001c 1360     		str	r3, [r2]
  97:C:/Users/leonardo/Desktop/Code/Github/DawnGBC/Libraries/FWLIB/src\gd32f4xx_crc.c ****         CRC_DATA = array[index];
 344              		.loc 1 97 40 discriminator 3
 345 001e FB68     		ldr	r3, [r7, #12]
 346 0020 0133     		adds	r3, r3, #1
 347 0022 FB60     		str	r3, [r7, #12]
 348              	.L23:
  97:C:/Users/leonardo/Desktop/Code/Github/DawnGBC/Libraries/FWLIB/src\gd32f4xx_crc.c ****         CRC_DATA = array[index];
 349              		.loc 1 97 5 discriminator 1
 350 0024 FA68     		ldr	r2, [r7, #12]
 351 0026 3B68     		ldr	r3, [r7]
 352 0028 9A42     		cmp	r2, r3
 353 002a F1D3     		bcc	.L24
  99:C:/Users/leonardo/Desktop/Code/Github/DawnGBC/Libraries/FWLIB/src\gd32f4xx_crc.c ****     }
 100:C:/Users/leonardo/Desktop/Code/Github/DawnGBC/Libraries/FWLIB/src\gd32f4xx_crc.c ****     return (CRC_DATA);
 354              		.loc 1 100 13
 355 002c 034B     		ldr	r3, .L26
 356 002e 1B68     		ldr	r3, [r3]
 101:C:/Users/leonardo/Desktop/Code/Github/DawnGBC/Libraries/FWLIB/src\gd32f4xx_crc.c **** }
 357              		.loc 1 101 1
 358 0030 1846     		mov	r0, r3
 359 0032 1437     		adds	r7, r7, #20
 360              		.cfi_def_cfa_offset 4
 361 0034 BD46     		mov	sp, r7
 362              		.cfi_def_cfa_register 13
 363              		@ sp needed
 364 0036 80BC     		pop	{r7}
 365              		.cfi_restore 7
 366              		.cfi_def_cfa_offset 0
 367 0038 7047     		bx	lr
 368              	.L27:
 369 003a 00BF     		.align	2
 370              	.L26:
 371 003c 00300240 		.word	1073885184
 372              		.cfi_endproc
 373              	.LFE129:
 375              		.text
 376              	.Letext0:
 377              		.file 2 "c:\\users\\leonardo\\desktop\\gd32embeddedbuilder_v1.5.6_rel\\tools\\gnu tools arm embedd
 378              		.file 3 "c:\\users\\leonardo\\desktop\\gd32embeddedbuilder_v1.5.6_rel\\tools\\gnu tools arm embedd
 379              		.file 4 "../../CMSIS/DSP/Include/core_cm4.h"
 380              		.file 5 "../../CMSIS/system_gd32f4xx.h"
DEFINED SYMBOLS
                            *ABS*:00000000 gd32f4xx_crc.c
C:\Users\leonardo\AppData\Local\Temp\ccSFxhge.s:16     .text.crc_deinit:00000000 $t
C:\Users\leonardo\AppData\Local\Temp\ccSFxhge.s:24     .text.crc_deinit:00000000 crc_deinit
C:\Users\leonardo\AppData\Local\Temp\ccSFxhge.s:64     .text.crc_deinit:00000020 $d
C:\Users\leonardo\AppData\Local\Temp\ccSFxhge.s:71     .text.crc_data_register_reset:00000000 $t
C:\Users\leonardo\AppData\Local\Temp\ccSFxhge.s:78     .text.crc_data_register_reset:00000000 crc_data_register_reset
C:\Users\leonardo\AppData\Local\Temp\ccSFxhge.s:108    .text.crc_data_register_reset:00000018 $d
C:\Users\leonardo\AppData\Local\Temp\ccSFxhge.s:113    .text.crc_data_register_read:00000000 $t
C:\Users\leonardo\AppData\Local\Temp\ccSFxhge.s:120    .text.crc_data_register_read:00000000 crc_data_register_read
C:\Users\leonardo\AppData\Local\Temp\ccSFxhge.s:155    .text.crc_data_register_read:00000018 $d
C:\Users\leonardo\AppData\Local\Temp\ccSFxhge.s:160    .text.crc_free_data_register_read:00000000 $t
C:\Users\leonardo\AppData\Local\Temp\ccSFxhge.s:167    .text.crc_free_data_register_read:00000000 crc_free_data_register_read
C:\Users\leonardo\AppData\Local\Temp\ccSFxhge.s:202    .text.crc_free_data_register_read:00000018 $d
C:\Users\leonardo\AppData\Local\Temp\ccSFxhge.s:207    .text.crc_free_data_register_write:00000000 $t
C:\Users\leonardo\AppData\Local\Temp\ccSFxhge.s:214    .text.crc_free_data_register_write:00000000 crc_free_data_register_write
C:\Users\leonardo\AppData\Local\Temp\ccSFxhge.s:250    .text.crc_free_data_register_write:0000001c $d
C:\Users\leonardo\AppData\Local\Temp\ccSFxhge.s:255    .text.crc_single_data_calculate:00000000 $t
C:\Users\leonardo\AppData\Local\Temp\ccSFxhge.s:262    .text.crc_single_data_calculate:00000000 crc_single_data_calculate
C:\Users\leonardo\AppData\Local\Temp\ccSFxhge.s:299    .text.crc_single_data_calculate:0000001c $d
C:\Users\leonardo\AppData\Local\Temp\ccSFxhge.s:304    .text.crc_block_data_calculate:00000000 $t
C:\Users\leonardo\AppData\Local\Temp\ccSFxhge.s:311    .text.crc_block_data_calculate:00000000 crc_block_data_calculate
C:\Users\leonardo\AppData\Local\Temp\ccSFxhge.s:371    .text.crc_block_data_calculate:0000003c $d
                           .group:00000000 wm4.0.a684136774235169b6efdc382df56ab0
                           .group:00000000 wm4.gd32f4xx.h.13.7e2e481b0ab689b59679fcf9de8ad53f
                           .group:00000000 wm4.core_cm4.h.43.9593ac0dcec24a3a6f1d638d754e90b2
                           .group:00000000 wm4._newlib_version.h.4.9ba035841e762c3308916a0ce96032e7
                           .group:00000000 wm4.features.h.33.5bd1eea2d80518b50f7af0b5ce6750e0
                           .group:00000000 wm4._default_types.h.15.247e5cd201eca3442cbf5404108c4935
                           .group:00000000 wm4._intsup.h.10.cce27fed8484c08a33f522034c30d2b5
                           .group:00000000 wm4._stdint.h.10.c24fa3af3bc1706662bb5593a907e841
                           .group:00000000 wm4.stdint.h.23.d53047a68f4a85177f80b422d52785ed
                           .group:00000000 wm4.core_cmInstr.h.39.addda81f1f3453ba31dd54fc5b6fcee8
                           .group:00000000 wm4.core_cmSimd.h.43.c355993beb49ccd10586af5b1cfe5aee
                           .group:00000000 wm4.core_cm4.h.201.38b66ea2c12d55e26a2374d5521b1bde
                           .group:00000000 wm4.gd32f4xx.h.268.6244d4312c046a64f69632f7ef07b287
                           .group:00000000 wm4.gd32f4xx_rcu.h.18.5c1e5e7e0de404504004d8bb7db8129d
                           .group:00000000 wm4.gd32f4xx_adc.h.13.555e7341a9ddcdbc980571a940325972
                           .group:00000000 wm4.gd32f4xx_can.h.13.2811f1e7e0dd1a163a8850b48ae09a18
                           .group:00000000 wm4.gd32f4xx_ctc.h.13.979d5c7db9c07247dafcdc888120aeeb
                           .group:00000000 wm4.gd32f4xx_dac.h.13.6aae99156ce94e45e273c87252f3e1b5
                           .group:00000000 wm4.gd32f4xx_dbg.h.13.c5f36ebf9ff6bf00cb705dace0230749
                           .group:00000000 wm4.gd32f4xx_dci.h.13.43c4239de7bb8115ecac688727adc34d
                           .group:00000000 wm4.gd32f4xx_dma.h.13.dd34986dcd88f37eef0ac885fade6a96
                           .group:00000000 wm4.gd32f4xx_exti.h.13.f61fefc984e3d5d6bfd619e837d781f0
                           .group:00000000 wm4.gd32f4xx_fmc.h.12.6ad1d5b3792ad9539d3cdeacd021dc9f
                           .group:00000000 wm4.gd32f4xx_fwdgt.h.13.cc9a34a06b043d4b817ab3d1a6056177
                           .group:00000000 wm4.gd32f4xx_gpio.h.13.ac5c85bea0e960885418a329bb1f1322
                           .group:00000000 wm4.gd32f4xx_syscfg.h.13.b2bd3727e52dfdd22af4632a1311bbb7
                           .group:00000000 wm4.gd32f4xx_i2c.h.13.eb0f8b31bd16ee5fe82cc39a9dd42f2d
                           .group:00000000 wm4.gd32f4xx_iref.h.13.7fc1143691d228493f7100d3cc247638
                           .group:00000000 wm4.gd32f4xx_pmu.h.13.724bacbcb5c124f50a6b00f61a9eb756
                           .group:00000000 wm4.gd32f4xx_rtc.h.13.fc493d83f9d78f0b7c4919b6d2f31956
                           .group:00000000 wm4.gd32f4xx_sdio.h.13.81c3455a223eea59b64370eea49a57de
                           .group:00000000 wm4.gd32f4xx_spi.h.13.03d2444bcb21a0c2481c42cb6d9fce79
                           .group:00000000 wm4.gd32f4xx_timer.h.13.6cb5bef9444452fac8393c6f9325aaca
                           .group:00000000 wm4.gd32f4xx_trng.h.13.8e3605226dc73eb8a884d03608e7b6df
                           .group:00000000 wm4.gd32f4xx_usart.h.13.2986dbbf12f17711a1874d27609e0b55
                           .group:00000000 wm4.gd32f4xx_wwdgt.h.13.1abc40e3831eb7a2ed947144f7cb9188
                           .group:00000000 wm4.gd32f4xx_misc.h.13.b10945aa7ed210c08c1585a4b5874d8c
                           .group:00000000 wm4.gd32f4xx_crc.h.18.434c59b6938db83e17108cdf295fce05

NO UNDEFINED SYMBOLS
